<?xml version="1.0" encoding="UTF-8"?>
<coverage generated="1653589967146" clover="3.2.0">
  <project timestamp="1653589967146" name="All files">
    <metrics statements="533" coveredstatements="533" conditionals="147" coveredconditionals="147" methods="139" coveredmethods="132" elements="819" coveredelements="812" complexity="0" loc="533" ncloc="533" packages="6" files="40" classes="40"/>
    <package name="src">
      <metrics statements="5" coveredstatements="5" conditionals="0" coveredconditionals="0" methods="0" coveredmethods="0"/>
      <file name="exports.ts" path="/home/alexxgrib/Projects/qiwi-api/src/exports.ts">
        <metrics statements="1" coveredstatements="1" conditionals="0" coveredconditionals="0" methods="0" coveredmethods="0"/>
        <line num="1" count="3" type="stmt"/>
      </file>
      <file name="index.ts" path="/home/alexxgrib/Projects/qiwi-api/src/index.ts">
        <metrics statements="4" coveredstatements="4" conditionals="0" coveredconditionals="0" methods="0" coveredmethods="0"/>
        <line num="1" count="3" type="stmt"/>
        <line num="2" count="3" type="stmt"/>
        <line num="4" count="3" type="stmt"/>
        <line num="5" count="3" type="stmt"/>
      </file>
    </package>
    <package name="src.apis">
      <metrics statements="29" coveredstatements="29" conditionals="0" coveredconditionals="0" methods="14" coveredmethods="14"/>
      <file name="api.ts" path="/home/alexxgrib/Projects/qiwi-api/src/apis/api.ts">
        <metrics statements="6" coveredstatements="6" conditionals="0" coveredconditionals="0" methods="3" coveredmethods="3"/>
        <line num="2" count="6" type="stmt"/>
        <line num="15" count="6" type="stmt"/>
        <line num="24" count="1" type="stmt"/>
        <line num="33" count="11" type="stmt"/>
        <line num="45" count="6" type="stmt"/>
        <line num="56" count="49" type="stmt"/>
      </file>
      <file name="error.ts" path="/home/alexxgrib/Projects/qiwi-api/src/apis/error.ts">
        <metrics statements="12" coveredstatements="12" conditionals="0" coveredconditionals="0" methods="7" coveredmethods="7"/>
        <line num="7" count="7" type="stmt"/>
        <line num="14" count="16" type="stmt"/>
        <line num="15" count="16" type="stmt"/>
        <line num="26" count="7" type="stmt"/>
        <line num="27" count="16" type="stmt"/>
        <line num="36" count="1" type="stmt"/>
        <line num="51" count="1" type="stmt"/>
        <line num="63" count="7" type="stmt"/>
        <line num="72" count="1" type="stmt"/>
        <line num="73" count="1" type="stmt"/>
        <line num="83" count="1" type="stmt"/>
        <line num="98" count="1" type="stmt"/>
      </file>
      <file name="index.ts" path="/home/alexxgrib/Projects/qiwi-api/src/apis/index.ts">
        <metrics statements="4" coveredstatements="4" conditionals="0" coveredconditionals="0" methods="0" coveredmethods="0"/>
        <line num="1" count="6" type="stmt"/>
        <line num="2" count="6" type="stmt"/>
        <line num="3" count="6" type="stmt"/>
        <line num="4" count="6" type="stmt"/>
      </file>
      <file name="options-wrapper.ts" path="/home/alexxgrib/Projects/qiwi-api/src/apis/options-wrapper.ts">
        <metrics statements="7" coveredstatements="7" conditionals="0" coveredconditionals="0" methods="4" coveredmethods="4"/>
        <line num="8" count="6" type="stmt"/>
        <line num="24" count="170" type="stmt"/>
        <line num="36" count="6" type="stmt"/>
        <line num="45" count="27" type="stmt"/>
        <line num="57" count="6" type="stmt"/>
        <line num="65" count="163" type="stmt"/>
        <line num="73" count="29" type="stmt"/>
      </file>
    </package>
    <package name="src.apis.detector">
      <metrics statements="35" coveredstatements="35" conditionals="3" coveredconditionals="3" methods="13" coveredmethods="13"/>
      <file name="api.ts" path="/home/alexxgrib/Projects/qiwi-api/src/apis/detector/api.ts">
        <metrics statements="2" coveredstatements="2" conditionals="0" coveredconditionals="0" methods="0" coveredmethods="0"/>
        <line num="1" count="6" type="stmt"/>
        <line num="9" count="6" type="stmt"/>
      </file>
      <file name="detect.api.ts" path="/home/alexxgrib/Projects/qiwi-api/src/apis/detector/detect.api.ts">
        <metrics statements="10" coveredstatements="10" conditionals="1" coveredconditionals="1" methods="3" coveredmethods="3"/>
        <line num="1" count="6" type="stmt"/>
        <line num="2" count="6" type="stmt"/>
        <line num="3" count="6" type="stmt"/>
        <line num="12" count="6" type="stmt"/>
        <line num="21" count="5" type="cond" truecount="1" falsecount="0"/>
        <line num="23" count="4" type="stmt"/>
        <line num="33" count="3" type="stmt"/>
        <line num="37" count="3" type="stmt"/>
        <line num="50" count="2" type="stmt"/>
        <line num="54" count="2" type="stmt"/>
      </file>
      <file name="detector.compat.ts" path="/home/alexxgrib/Projects/qiwi-api/src/apis/detector/detector.compat.ts">
        <metrics statements="5" coveredstatements="5" conditionals="0" coveredconditionals="0" methods="3" coveredmethods="3"/>
        <line num="1" count="6" type="stmt"/>
        <line num="12" count="6" type="stmt"/>
        <line num="18" count="1" type="stmt"/>
        <line num="28" count="2" type="stmt"/>
        <line num="38" count="1" type="stmt"/>
      </file>
      <file name="detector.errors.ts" path="/home/alexxgrib/Projects/qiwi-api/src/apis/detector/detector.errors.ts">
        <metrics statements="2" coveredstatements="2" conditionals="0" coveredconditionals="0" methods="0" coveredmethods="0"/>
        <line num="1" count="6" type="stmt"/>
        <line num="7" count="6" type="stmt"/>
      </file>
      <file name="detector.ts" path="/home/alexxgrib/Projects/qiwi-api/src/apis/detector/detector.ts">
        <metrics statements="13" coveredstatements="13" conditionals="2" coveredconditionals="2" methods="4" coveredmethods="4"/>
        <line num="1" count="6" type="stmt"/>
        <line num="2" count="6" type="stmt"/>
        <line num="3" count="6" type="stmt"/>
        <line num="12" count="6" type="stmt"/>
        <line num="13" count="6" type="stmt"/>
        <line num="22" count="6" type="stmt"/>
        <line num="23" count="9" type="stmt"/>
        <line num="25" count="9" type="stmt"/>
        <line num="27" count="5" type="stmt"/>
        <line num="38" count="9" type="stmt"/>
        <line num="49" count="6" type="stmt"/>
        <line num="60" count="9" type="stmt"/>
        <line num="63" count="9" type="stmt"/>
      </file>
      <file name="index.ts" path="/home/alexxgrib/Projects/qiwi-api/src/apis/detector/index.ts">
        <metrics statements="3" coveredstatements="3" conditionals="0" coveredconditionals="0" methods="3" coveredmethods="3"/>
        <line num="1" count="18" type="stmt"/>
        <line num="3" count="7" type="stmt"/>
        <line num="4" count="9" type="stmt"/>
      </file>
    </package>
    <package name="src.apis.p2p">
      <metrics statements="100" coveredstatements="100" conditionals="40" coveredconditionals="40" methods="33" coveredmethods="30"/>
      <file name="api.ts" path="/home/alexxgrib/Projects/qiwi-api/src/apis/p2p/api.ts">
        <metrics statements="4" coveredstatements="4" conditionals="0" coveredconditionals="0" methods="2" coveredmethods="2"/>
        <line num="1" count="6" type="stmt"/>
        <line num="9" count="6" type="stmt"/>
        <line num="18" count="2" type="stmt"/>
        <line num="29" count="5" type="stmt"/>
      </file>
      <file name="bills.api.ts" path="/home/alexxgrib/Projects/qiwi-api/src/apis/p2p/bills.api.ts">
        <metrics statements="26" coveredstatements="26" conditionals="16" coveredconditionals="16" methods="12" coveredmethods="10"/>
        <line num="1" count="6" type="stmt"/>
        <line num="2" count="6" type="stmt"/>
        <line num="3" count="6" type="stmt"/>
        <line num="22" count="6" type="stmt"/>
        <line num="34" count="6" type="stmt"/>
        <line num="36" count="6" type="cond" truecount="1" falsecount="0"/>
        <line num="37" count="6" type="cond" truecount="1" falsecount="0"/>
        <line num="39" count="6" type="stmt"/>
        <line num="49" count="8" type="cond" truecount="1" falsecount="0"/>
        <line num="51" count="1" type="stmt"/>
        <line num="54" count="5" type="stmt"/>
        <line num="83" count="5" type="stmt"/>
        <line num="85" count="5" type="stmt"/>
        <line num="94" count="5" type="stmt"/>
        <line num="99" count="4" type="stmt"/>
        <line num="104" count="4" type="stmt"/>
        <line num="117" count="1" type="stmt"/>
        <line num="129" count="3" type="stmt"/>
        <line num="146" count="5" type="cond" truecount="1" falsecount="0"/>
        <line num="148" count="5" type="stmt"/>
        <line num="156" count="5" type="stmt"/>
        <line num="171" count="2" type="stmt"/>
        <line num="176" count="1" type="cond" truecount="4" falsecount="0"/>
        <line num="183" count="2" type="cond" truecount="4" falsecount="0"/>
        <line num="185" count="2" type="stmt"/>
        <line num="187" count="2" type="stmt"/>
      </file>
      <file name="p2p.middleware.ts" path="/home/alexxgrib/Projects/qiwi-api/src/apis/p2p/p2p.middleware.ts">
        <metrics statements="35" coveredstatements="35" conditionals="9" coveredconditionals="9" methods="10" coveredmethods="9"/>
        <line num="3" count="6" type="stmt"/>
        <line num="19" count="6" type="stmt"/>
        <line num="22" count="6" type="stmt"/>
        <line num="23" count="6" type="stmt"/>
        <line num="24" count="6" type="stmt"/>
        <line num="26" count="5" type="cond" truecount="1" falsecount="0"/>
        <line num="28" count="3" type="stmt"/>
        <line num="30" count="1" type="stmt"/>
        <line num="42" count="6" type="stmt"/>
        <line num="48" count="5" type="stmt"/>
        <line num="49" count="5" type="stmt"/>
        <line num="51" count="5" type="stmt"/>
        <line num="52" count="5" type="stmt"/>
        <line num="53" count="5" type="stmt"/>
        <line num="54" count="5" type="stmt"/>
        <line num="55" count="5" type="stmt"/>
        <line num="57" count="5" type="stmt"/>
        <line num="82" count="6" type="stmt"/>
        <line num="83" count="9" type="cond" truecount="1" falsecount="0"/>
        <line num="85" count="8" type="cond" truecount="1" falsecount="0"/>
        <line num="87" count="7" type="stmt"/>
        <line num="99" count="6" type="stmt"/>
        <line num="108" count="1" type="stmt"/>
        <line num="109" count="1" type="cond" truecount="2" falsecount="0"/>
        <line num="111" count="1" type="stmt"/>
        <line num="112" count="5" type="stmt"/>
        <line num="113" count="5" type="stmt"/>
        <line num="115" count="5" type="cond" truecount="3" falsecount="0"/>
        <line num="117" count="4" type="stmt"/>
        <line num="119" count="4" type="cond" truecount="1" falsecount="0"/>
        <line num="120" count="2" type="stmt"/>
        <line num="123" count="2" type="stmt"/>
        <line num="128" count="2" type="stmt"/>
        <line num="129" count="2" type="stmt"/>
        <line num="131" count="2" type="stmt"/>
      </file>
      <file name="p2p.ts" path="/home/alexxgrib/Projects/qiwi-api/src/apis/p2p/p2p.ts">
        <metrics statements="20" coveredstatements="20" conditionals="7" coveredconditionals="7" methods="5" coveredmethods="5"/>
        <line num="2" count="6" type="stmt"/>
        <line num="3" count="6" type="stmt"/>
        <line num="4" count="6" type="stmt"/>
        <line num="5" count="6" type="stmt"/>
        <line num="6" count="6" type="stmt"/>
        <line num="12" count="6" type="stmt"/>
        <line num="21" count="6" type="stmt"/>
        <line num="22" count="6" type="stmt"/>
        <line num="24" count="6" type="stmt"/>
        <line num="25" count="6" type="stmt"/>
        <line num="26" count="6" type="stmt"/>
        <line num="36" count="6" type="stmt"/>
        <line num="37" count="5" type="stmt"/>
        <line num="39" count="5" type="stmt"/>
        <line num="53" count="5" type="stmt"/>
        <line num="66" count="2" type="stmt"/>
        <line num="86" count="1" type="stmt"/>
        <line num="99" count="5" type="stmt"/>
        <line num="102" count="5" type="stmt"/>
        <line num="152" count="1" type="stmt"/>
      </file>
      <file name="p2p.types.ts" path="/home/alexxgrib/Projects/qiwi-api/src/apis/p2p/p2p.types.ts">
        <metrics statements="15" coveredstatements="15" conditionals="8" coveredconditionals="8" methods="4" coveredmethods="4"/>
        <line num="1" count="6" type="cond" truecount="2" falsecount="0"/>
        <line num="3" count="6" type="stmt"/>
        <line num="5" count="6" type="stmt"/>
        <line num="7" count="6" type="stmt"/>
        <line num="9" count="6" type="stmt"/>
        <line num="15" count="6" type="cond" truecount="2" falsecount="0"/>
        <line num="16" count="6" type="stmt"/>
        <line num="17" count="6" type="stmt"/>
        <line num="178" count="6" type="cond" truecount="2" falsecount="0"/>
        <line num="179" count="6" type="stmt"/>
        <line num="180" count="6" type="stmt"/>
        <line num="181" count="6" type="stmt"/>
        <line num="199" count="6" type="cond" truecount="2" falsecount="0"/>
        <line num="200" count="6" type="stmt"/>
        <line num="201" count="6" type="stmt"/>
      </file>
    </package>
    <package name="src.apis.shared">
      <metrics statements="117" coveredstatements="117" conditionals="33" coveredconditionals="33" methods="35" coveredmethods="35"/>
      <file name="collect.ts" path="/home/alexxgrib/Projects/qiwi-api/src/apis/shared/collect.ts">
        <metrics statements="2" coveredstatements="2" conditionals="0" coveredconditionals="0" methods="1" coveredmethods="1"/>
        <line num="11" count="6" type="stmt"/>
        <line num="12" count="52" type="stmt"/>
      </file>
      <file name="environment.ts" path="/home/alexxgrib/Projects/qiwi-api/src/apis/shared/environment.ts">
        <metrics statements="7" coveredstatements="7" conditionals="0" coveredconditionals="0" methods="2" coveredmethods="2"/>
        <line num="1" count="6" type="stmt"/>
        <line num="20" count="6" type="stmt"/>
        <line num="22" count="6" type="stmt"/>
        <line num="23" count="24" type="stmt"/>
        <line num="24" count="4" type="stmt"/>
        <line num="28" count="6" type="stmt"/>
        <line num="31" count="6" type="stmt"/>
      </file>
      <file name="get.ts" path="/home/alexxgrib/Projects/qiwi-api/src/apis/shared/get.ts">
        <metrics statements="10" coveredstatements="10" conditionals="1" coveredconditionals="1" methods="2" coveredmethods="2"/>
        <line num="17" count="6" type="stmt"/>
        <line num="18" count="22" type="stmt"/>
        <line num="20" count="22" type="cond" truecount="1" falsecount="0"/>
        <line num="22" count="21" type="stmt"/>
        <line num="34" count="6" type="stmt"/>
        <line num="38" count="6" type="stmt"/>
        <line num="40" count="6" type="stmt"/>
        <line num="42" count="6" type="stmt"/>
        <line num="43" count="8" type="stmt"/>
        <line num="46" count="6" type="stmt"/>
      </file>
      <file name="hmac.ts" path="/home/alexxgrib/Projects/qiwi-api/src/apis/shared/hmac.ts">
        <metrics statements="6" coveredstatements="6" conditionals="2" coveredconditionals="2" methods="2" coveredmethods="2"/>
        <line num="1" count="6" type="stmt"/>
        <line num="13" count="6" type="cond" truecount="1" falsecount="0"/>
        <line num="15" count="1" type="stmt"/>
        <line num="32" count="6" type="stmt"/>
        <line num="38" count="6" type="stmt"/>
        <line num="40" count="6" type="stmt"/>
      </file>
      <file name="http.ts" path="/home/alexxgrib/Projects/qiwi-api/src/apis/shared/http.ts">
        <metrics statements="33" coveredstatements="33" conditionals="20" coveredconditionals="20" methods="18" coveredmethods="18"/>
        <line num="1" count="6" type="stmt"/>
        <line num="3" count="6" type="stmt"/>
        <line num="4" count="6" type="stmt"/>
        <line num="41" count="6" type="stmt"/>
        <line num="48" count="11" type="stmt"/>
        <line num="49" count="11" type="stmt"/>
        <line num="66" count="3" type="stmt"/>
        <line num="75" count="6" type="stmt"/>
        <line num="85" count="23" type="stmt"/>
        <line num="95" count="58" type="stmt"/>
        <line num="101" count="58" type="stmt"/>
        <line num="105" count="58" type="stmt"/>
        <line num="106" count="58" type="cond" truecount="2" falsecount="0"/>
        <line num="108" count="58" type="stmt"/>
        <line num="109" count="58" type="stmt"/>
        <line num="125" count="11" type="cond" truecount="3" falsecount="0"/>
        <line num="126" count="11" type="stmt"/>
        <line num="137" count="47" type="stmt"/>
        <line num="139" count="12" type="cond" truecount="1" falsecount="0"/>
        <line num="141" count="11" type="cond" truecount="1" falsecount="0"/>
        <line num="143" count="10" type="stmt"/>
        <line num="160" count="58" type="stmt"/>
        <line num="175" count="6" type="stmt"/>
        <line num="182" count="23" type="cond" truecount="1" falsecount="0"/>
        <line num="183" count="49" type="stmt"/>
        <line num="184" count="22" type="stmt"/>
        <line num="197" count="19" type="stmt"/>
        <line num="210" count="23" type="stmt"/>
        <line num="223" count="6" type="stmt"/>
        <line num="236" count="1" type="stmt"/>
        <line num="249" count="1" type="stmt"/>
        <line num="262" count="50" type="stmt"/>
        <line num="273" count="58" type="stmt"/>
      </file>
      <file name="identity.ts" path="/home/alexxgrib/Projects/qiwi-api/src/apis/shared/identity.ts">
        <metrics statements="1" coveredstatements="1" conditionals="2" coveredconditionals="2" methods="0" coveredmethods="0"/>
        <line num="1" count="6" type="cond" truecount="2" falsecount="0"/>
      </file>
      <file name="index.ts" path="/home/alexxgrib/Projects/qiwi-api/src/apis/shared/index.ts">
        <metrics statements="10" coveredstatements="10" conditionals="0" coveredconditionals="0" methods="0" coveredmethods="0"/>
        <line num="1" count="6" type="stmt"/>
        <line num="2" count="6" type="stmt"/>
        <line num="3" count="6" type="stmt"/>
        <line num="4" count="6" type="stmt"/>
        <line num="5" count="6" type="stmt"/>
        <line num="6" count="6" type="stmt"/>
        <line num="7" count="6" type="stmt"/>
        <line num="8" count="6" type="stmt"/>
        <line num="9" count="6" type="stmt"/>
        <line num="10" count="6" type="stmt"/>
      </file>
      <file name="querystring.ts" path="/home/alexxgrib/Projects/qiwi-api/src/apis/shared/querystring.ts">
        <metrics statements="5" coveredstatements="5" conditionals="0" coveredconditionals="0" methods="2" coveredmethods="2"/>
        <line num="1" count="6" type="stmt"/>
        <line num="9" count="6" type="stmt"/>
        <line num="10" count="1" type="stmt"/>
        <line num="23" count="6" type="stmt"/>
        <line num="24" count="65" type="stmt"/>
      </file>
      <file name="time.ts" path="/home/alexxgrib/Projects/qiwi-api/src/apis/shared/time.ts">
        <metrics statements="27" coveredstatements="27" conditionals="5" coveredconditionals="5" methods="4" coveredmethods="4"/>
        <line num="1" count="6" type="stmt"/>
        <line num="11" count="20" type="stmt"/>
        <line num="21" count="6" type="stmt"/>
        <line num="22" count="10" type="stmt"/>
        <line num="23" count="10" type="stmt"/>
        <line num="35" count="10" type="stmt"/>
        <line num="39" count="10" type="stmt"/>
        <line num="40" count="10" type="stmt"/>
        <line num="41" count="10" type="stmt"/>
        <line num="44" count="10" type="stmt"/>
        <line num="47" count="6" type="cond" truecount="2" falsecount="0"/>
        <line num="48" count="6" type="stmt"/>
        <line num="49" count="6" type="stmt"/>
        <line num="50" count="6" type="stmt"/>
        <line num="51" count="6" type="stmt"/>
        <line num="52" count="6" type="stmt"/>
        <line num="53" count="6" type="stmt"/>
        <line num="54" count="6" type="stmt"/>
        <line num="55" count="6" type="stmt"/>
        <line num="58" count="6" type="stmt"/>
        <line num="93" count="6" type="stmt"/>
        <line num="98" count="9" type="stmt"/>
        <line num="100" count="9" type="cond" truecount="1" falsecount="0"/>
        <line num="101" count="8" type="stmt"/>
        <line num="104" count="9" type="stmt"/>
        <line num="105" count="9" type="stmt"/>
        <line num="107" count="9" type="stmt"/>
      </file>
      <file name="url.ts" path="/home/alexxgrib/Projects/qiwi-api/src/apis/shared/url.ts">
        <metrics statements="13" coveredstatements="13" conditionals="3" coveredconditionals="3" methods="3" coveredmethods="3"/>
        <line num="1" count="6" type="stmt"/>
        <line num="14" count="6" type="stmt"/>
        <line num="18" count="58" type="stmt"/>
        <line num="19" count="45" type="stmt"/>
        <line num="22" count="58" type="stmt"/>
        <line num="24" count="58" type="stmt"/>
        <line num="25" count="103" type="stmt"/>
        <line num="27" count="103" type="stmt"/>
        <line num="28" count="103" type="cond" truecount="1" falsecount="0"/>
        <line num="31" count="58" type="cond" truecount="1" falsecount="0"/>
        <line num="32" count="58" type="stmt"/>
        <line num="34" count="58" type="cond" truecount="1" falsecount="0"/>
        <line num="36" count="58" type="stmt"/>
      </file>
      <file name="uuid.ts" path="/home/alexxgrib/Projects/qiwi-api/src/apis/shared/uuid.ts">
        <metrics statements="3" coveredstatements="3" conditionals="0" coveredconditionals="0" methods="1" coveredmethods="1"/>
        <line num="1" count="6" type="stmt"/>
        <line num="9" count="6" type="stmt"/>
        <line num="10" count="6" type="stmt"/>
      </file>
    </package>
    <package name="src.apis.wallet">
      <metrics statements="247" coveredstatements="247" conditionals="71" coveredconditionals="71" methods="44" coveredmethods="40"/>
      <file name="api.ts" path="/home/alexxgrib/Projects/qiwi-api/src/apis/wallet/api.ts">
        <metrics statements="3" coveredstatements="3" conditionals="0" coveredconditionals="0" methods="1" coveredmethods="1"/>
        <line num="1" count="6" type="stmt"/>
        <line num="9" count="6" type="stmt"/>
        <line num="18" count="12" type="stmt"/>
      </file>
      <file name="funding-sources.api.ts" path="/home/alexxgrib/Projects/qiwi-api/src/apis/wallet/funding-sources.api.ts">
        <metrics statements="6" coveredstatements="6" conditionals="0" coveredconditionals="0" methods="4" coveredmethods="2"/>
        <line num="1" count="6" type="stmt"/>
        <line num="2" count="6" type="stmt"/>
        <line num="13" count="6" type="stmt"/>
        <line num="25" count="1" type="stmt"/>
        <line num="29" count="1" type="stmt"/>
        <line num="67" count="1" type="stmt"/>
      </file>
      <file name="identification.api.ts" path="/home/alexxgrib/Projects/qiwi-api/src/apis/wallet/identification.api.ts">
        <metrics statements="4" coveredstatements="4" conditionals="0" coveredconditionals="0" methods="2" coveredmethods="1"/>
        <line num="1" count="6" type="stmt"/>
        <line num="2" count="6" type="stmt"/>
        <line num="13" count="6" type="stmt"/>
        <line num="48" count="1" type="stmt"/>
      </file>
      <file name="limits.api.ts" path="/home/alexxgrib/Projects/qiwi-api/src/apis/wallet/limits.api.ts">
        <metrics statements="4" coveredstatements="4" conditionals="0" coveredconditionals="0" methods="1" coveredmethods="1"/>
        <line num="1" count="6" type="stmt"/>
        <line num="2" count="6" type="stmt"/>
        <line num="13" count="6" type="stmt"/>
        <line num="31" count="1" type="stmt"/>
      </file>
      <file name="nickname.api.ts" path="/home/alexxgrib/Projects/qiwi-api/src/apis/wallet/nickname.api.ts">
        <metrics statements="4" coveredstatements="4" conditionals="0" coveredconditionals="0" methods="1" coveredmethods="1"/>
        <line num="1" count="6" type="stmt"/>
        <line num="2" count="6" type="stmt"/>
        <line num="13" count="6" type="stmt"/>
        <line num="23" count="1" type="stmt"/>
      </file>
      <file name="payment-history.api.ts" path="/home/alexxgrib/Projects/qiwi-api/src/apis/wallet/payment-history.api.ts">
        <metrics statements="9" coveredstatements="9" conditionals="1" coveredconditionals="1" methods="6" coveredmethods="5"/>
        <line num="1" count="6" type="stmt"/>
        <line num="2" count="6" type="stmt"/>
        <line num="3" count="6" type="stmt"/>
        <line num="22" count="6" type="stmt"/>
        <line num="39" count="1" type="stmt"/>
        <line num="58" count="1" type="stmt"/>
        <line num="77" count="1" type="stmt"/>
        <line num="96" count="6" type="stmt"/>
        <line num="102" count="6" type="stmt"/>
      </file>
      <file name="payments.api.ts" path="/home/alexxgrib/Projects/qiwi-api/src/apis/wallet/payments.api.ts">
        <metrics statements="39" coveredstatements="39" conditionals="34" coveredconditionals="34" methods="8" coveredmethods="8"/>
        <line num="1" count="6" type="stmt"/>
        <line num="2" count="6" type="stmt"/>
        <line num="3" count="6" type="stmt"/>
        <line num="4" count="6" type="stmt"/>
        <line num="24" count="6" type="stmt"/>
        <line num="45" count="4" type="stmt"/>
        <line num="62" count="4" type="stmt"/>
        <line num="78" count="7" type="stmt"/>
        <line num="83" count="7" type="cond" truecount="1" falsecount="0"/>
        <line num="84" count="2" type="stmt"/>
        <line num="85" count="2" type="stmt"/>
        <line num="88" count="7" type="cond" truecount="1" falsecount="0"/>
        <line num="89" count="7" type="cond" truecount="1" falsecount="0"/>
        <line num="91" count="7" type="cond" truecount="1" falsecount="0"/>
        <line num="93" count="7" type="cond" truecount="1" falsecount="0"/>
        <line num="95" count="7" type="stmt"/>
        <line num="110" count="5" type="stmt"/>
        <line num="112" count="5" type="cond" truecount="3" falsecount="0"/>
        <line num="113" count="4" type="stmt"/>
        <line num="116" count="5" type="stmt"/>
        <line num="137" count="9" type="stmt"/>
        <line num="176" count="7" type="stmt"/>
        <line num="178" count="6" type="cond" truecount="1" falsecount="0"/>
        <line num="179" count="1" type="stmt"/>
        <line num="184" count="1" type="stmt"/>
        <line num="187" count="6" type="stmt"/>
        <line num="212" count="7" type="cond" truecount="1" falsecount="0"/>
        <line num="214" count="5" type="stmt"/>
        <line num="216" count="5" type="stmt"/>
        <line num="217" count="5" type="stmt"/>
        <line num="219" count="5" type="cond" truecount="6" falsecount="0"/>
        <line num="222" count="1" type="stmt"/>
        <line num="226" count="1" type="stmt"/>
        <line num="229" count="1" type="stmt"/>
        <line num="232" count="1" type="stmt"/>
        <line num="235" count="5" type="stmt"/>
        <line num="238" count="1" type="stmt"/>
        <line num="248" count="1" type="stmt"/>
        <line num="250" count="56" type="stmt"/>
      </file>
      <file name="person-profile.api.ts" path="/home/alexxgrib/Projects/qiwi-api/src/apis/wallet/person-profile.api.ts">
        <metrics statements="4" coveredstatements="4" conditionals="0" coveredconditionals="0" methods="1" coveredmethods="1"/>
        <line num="1" count="6" type="stmt"/>
        <line num="2" count="6" type="stmt"/>
        <line num="13" count="6" type="stmt"/>
        <line num="24" count="3" type="stmt"/>
      </file>
      <file name="providers.api.ts" path="/home/alexxgrib/Projects/qiwi-api/src/apis/wallet/providers.api.ts">
        <metrics statements="4" coveredstatements="4" conditionals="0" coveredconditionals="0" methods="1" coveredmethods="1"/>
        <line num="1" count="6" type="stmt"/>
        <line num="2" count="6" type="stmt"/>
        <line num="13" count="6" type="stmt"/>
        <line num="25" count="1" type="stmt"/>
      </file>
      <file name="restrictions.api.ts" path="/home/alexxgrib/Projects/qiwi-api/src/apis/wallet/restrictions.api.ts">
        <metrics statements="4" coveredstatements="4" conditionals="0" coveredconditionals="0" methods="1" coveredmethods="1"/>
        <line num="1" count="6" type="stmt"/>
        <line num="2" count="6" type="stmt"/>
        <line num="13" count="6" type="stmt"/>
        <line num="26" count="1" type="stmt"/>
      </file>
      <file name="wallet.ts" path="/home/alexxgrib/Projects/qiwi-api/src/apis/wallet/wallet.ts">
        <metrics statements="71" coveredstatements="71" conditionals="12" coveredconditionals="12" methods="6" coveredmethods="6"/>
        <line num="1" count="6" type="stmt"/>
        <line num="2" count="6" type="stmt"/>
        <line num="3" count="6" type="stmt"/>
        <line num="4" count="6" type="stmt"/>
        <line num="5" count="6" type="stmt"/>
        <line num="6" count="6" type="stmt"/>
        <line num="7" count="6" type="stmt"/>
        <line num="8" count="6" type="stmt"/>
        <line num="9" count="6" type="stmt"/>
        <line num="11" count="6" type="stmt"/>
        <line num="13" count="6" type="stmt"/>
        <line num="29" count="6" type="stmt"/>
        <line num="30" count="6" type="stmt"/>
        <line num="31" count="6" type="stmt"/>
        <line num="32" count="6" type="stmt"/>
        <line num="39" count="6" type="stmt"/>
        <line num="59" count="6" type="stmt"/>
        <line num="60" count="6" type="stmt"/>
        <line num="61" count="6" type="stmt"/>
        <line num="62" count="6" type="stmt"/>
        <line num="63" count="6" type="stmt"/>
        <line num="64" count="6" type="stmt"/>
        <line num="65" count="6" type="stmt"/>
        <line num="66" count="6" type="stmt"/>
        <line num="67" count="6" type="stmt"/>
        <line num="68" count="6" type="stmt"/>
        <line num="69" count="6" type="stmt"/>
        <line num="71" count="6" type="stmt"/>
        <line num="72" count="6" type="stmt"/>
        <line num="73" count="6" type="stmt"/>
        <line num="74" count="6" type="stmt"/>
        <line num="75" count="6" type="stmt"/>
        <line num="76" count="6" type="stmt"/>
        <line num="77" count="6" type="stmt"/>
        <line num="78" count="6" type="stmt"/>
        <line num="79" count="6" type="stmt"/>
        <line num="80" count="6" type="stmt"/>
        <line num="81" count="6" type="stmt"/>
        <line num="82" count="6" type="stmt"/>
        <line num="92" count="6" type="stmt"/>
        <line num="93" count="8" type="stmt"/>
        <line num="95" count="8" type="stmt"/>
        <line num="109" count="8" type="stmt"/>
        <line num="128" count="2" type="stmt"/>
        <line num="150" count="1" type="stmt"/>
        <line num="174" count="2" type="stmt"/>
        <line num="180" count="2" type="cond" truecount="4" falsecount="0"/>
        <line num="182" count="2" type="stmt"/>
        <line num="183" count="2" type="stmt"/>
        <line num="184" count="2" type="stmt"/>
        <line num="186" count="2" type="stmt"/>
        <line num="199" count="9" type="stmt"/>
        <line num="202" count="9" type="stmt"/>
        <line num="203" count="9" type="stmt"/>
        <line num="204" count="9" type="stmt"/>
        <line num="205" count="9" type="stmt"/>
        <line num="206" count="9" type="stmt"/>
        <line num="207" count="9" type="stmt"/>
        <line num="208" count="9" type="stmt"/>
        <line num="209" count="9" type="stmt"/>
        <line num="210" count="9" type="stmt"/>
        <line num="211" count="9" type="stmt"/>
        <line num="212" count="9" type="stmt"/>
        <line num="213" count="9" type="stmt"/>
        <line num="221" count="1" type="stmt"/>
        <line num="231" count="1" type="stmt"/>
        <line num="233" count="1" type="stmt"/>
        <line num="244" count="1" type="stmt"/>
        <line num="246" count="1" type="stmt"/>
        <line num="257" count="1" type="stmt"/>
        <line num="259" count="1" type="stmt"/>
      </file>
      <file name="wallet.types.ts" path="/home/alexxgrib/Projects/qiwi-api/src/apis/wallet/wallet.types.ts">
        <metrics statements="95" coveredstatements="95" conditionals="24" coveredconditionals="24" methods="12" coveredmethods="12"/>
        <line num="1" count="6" type="cond" truecount="2" falsecount="0"/>
        <line num="3" count="6" type="stmt"/>
        <line num="5" count="6" type="stmt"/>
        <line num="9" count="6" type="stmt"/>
        <line num="14" count="6" type="stmt"/>
        <line num="22" count="6" type="cond" truecount="2" falsecount="0"/>
        <line num="24" count="6" type="stmt"/>
        <line num="26" count="6" type="stmt"/>
        <line num="28" count="6" type="stmt"/>
        <line num="30" count="6" type="stmt"/>
        <line num="37" count="6" type="cond" truecount="2" falsecount="0"/>
        <line num="39" count="6" type="stmt"/>
        <line num="41" count="6" type="stmt"/>
        <line num="43" count="6" type="stmt"/>
        <line num="49" count="6" type="cond" truecount="2" falsecount="0"/>
        <line num="51" count="6" type="stmt"/>
        <line num="53" count="6" type="stmt"/>
        <line num="55" count="6" type="stmt"/>
        <line num="57" count="6" type="stmt"/>
        <line num="59" count="6" type="stmt"/>
        <line num="61" count="6" type="stmt"/>
        <line num="63" count="6" type="stmt"/>
        <line num="65" count="6" type="stmt"/>
        <line num="78" count="6" type="cond" truecount="2" falsecount="0"/>
        <line num="79" count="6" type="stmt"/>
        <line num="80" count="6" type="stmt"/>
        <line num="86" count="6" type="cond" truecount="2" falsecount="0"/>
        <line num="88" count="6" type="stmt"/>
        <line num="90" count="6" type="stmt"/>
        <line num="92" count="6" type="stmt"/>
        <line num="94" count="6" type="stmt"/>
        <line num="96" count="6" type="stmt"/>
        <line num="98" count="6" type="stmt"/>
        <line num="100" count="6" type="stmt"/>
        <line num="103" count="6" type="stmt"/>
        <line num="105" count="6" type="stmt"/>
        <line num="107" count="6" type="stmt"/>
        <line num="109" count="6" type="stmt"/>
        <line num="111" count="6" type="stmt"/>
        <line num="113" count="6" type="stmt"/>
        <line num="115" count="6" type="stmt"/>
        <line num="117" count="6" type="stmt"/>
        <line num="119" count="6" type="stmt"/>
        <line num="121" count="6" type="stmt"/>
        <line num="123" count="6" type="stmt"/>
        <line num="125" count="6" type="stmt"/>
        <line num="127" count="6" type="stmt"/>
        <line num="129" count="6" type="stmt"/>
        <line num="131" count="6" type="stmt"/>
        <line num="133" count="6" type="stmt"/>
        <line num="135" count="6" type="stmt"/>
        <line num="137" count="6" type="stmt"/>
        <line num="139" count="6" type="stmt"/>
        <line num="142" count="6" type="stmt"/>
        <line num="143" count="6" type="stmt"/>
        <line num="151" count="6" type="stmt"/>
        <line num="154" count="6" type="stmt"/>
        <line num="157" count="6" type="stmt"/>
        <line num="165" count="6" type="stmt"/>
        <line num="173" count="6" type="stmt"/>
        <line num="176" count="6" type="stmt"/>
        <line num="177" count="6" type="stmt"/>
        <line num="179" count="6" type="stmt"/>
        <line num="180" count="6" type="stmt"/>
        <line num="389" count="6" type="cond" truecount="2" falsecount="0"/>
        <line num="393" count="6" type="stmt"/>
        <line num="397" count="6" type="stmt"/>
        <line num="401" count="6" type="stmt"/>
        <line num="405" count="6" type="stmt"/>
        <line num="410" count="6" type="stmt"/>
        <line num="415" count="6" type="stmt"/>
        <line num="680" count="6" type="cond" truecount="2" falsecount="0"/>
        <line num="682" count="6" type="stmt"/>
        <line num="685" count="6" type="stmt"/>
        <line num="688" count="6" type="stmt"/>
        <line num="691" count="6" type="stmt"/>
        <line num="694" count="6" type="stmt"/>
        <line num="697" count="6" type="stmt"/>
        <line num="934" count="6" type="cond" truecount="2" falsecount="0"/>
        <line num="936" count="6" type="stmt"/>
        <line num="939" count="6" type="stmt"/>
        <line num="942" count="6" type="stmt"/>
        <line num="945" count="6" type="stmt"/>
        <line num="948" count="6" type="stmt"/>
        <line num="1084" count="6" type="cond" truecount="2" falsecount="0"/>
        <line num="1085" count="6" type="stmt"/>
        <line num="1086" count="6" type="stmt"/>
        <line num="1087" count="6" type="stmt"/>
        <line num="1088" count="6" type="stmt"/>
        <line num="1260" count="6" type="cond" truecount="2" falsecount="0"/>
        <line num="1261" count="6" type="stmt"/>
        <line num="1262" count="6" type="stmt"/>
        <line num="1268" count="6" type="cond" truecount="2" falsecount="0"/>
        <line num="1269" count="6" type="stmt"/>
        <line num="1270" count="6" type="stmt"/>
      </file>
    </package>
  </project>
</coverage>
