{"/home/alexxgrib/Projects/qiwi-api/src/error.ts": {"path":"/home/alexxgrib/Projects/qiwi-api/src/error.ts","statementMap":{"0":{"start":{"line":9,"column":2},"end":{"line":9,"column":31}},"1":{"start":{"line":18,"column":4},"end":{"line":22,"column":6}},"2":{"start":{"line":33,"column":4},"end":{"line":33,"column":21}},"3":{"start":{"line":8,"column":0},"end":{"line":8,"column":13}},"4":{"start":{"line":55,"column":4},"end":{"line":55,"column":19}},"5":{"start":{"line":54,"column":21},"end":{"line":54,"column":36}},"6":{"start":{"line":54,"column":45},"end":{"line":54,"column":59}},"7":{"start":{"line":65,"column":4},"end":{"line":70,"column":6}},"8":{"start":{"line":80,"column":4},"end":{"line":80,"column":53}},"9":{"start":{"line":45,"column":0},"end":{"line":45,"column":13}}},"fnMap":{"0":{"name":"(anonymous_0)","decl":{"start":{"line":8,"column":0},"end":{"line":8,"column":13}},"loc":{"start":{"line":8,"column":0},"end":{"line":35,"column":1}}},"1":{"name":"(anonymous_1)","decl":{"start":{"line":17,"column":2},"end":{"line":17,"column":8}},"loc":{"start":{"line":17,"column":8},"end":{"line":23,"column":3}}},"2":{"name":"(anonymous_2)","decl":{"start":{"line":32,"column":2},"end":{"line":32,"column":6}},"loc":{"start":{"line":32,"column":26},"end":{"line":34,"column":3}}},"3":{"name":"(anonymous_3)","decl":{"start":{"line":54,"column":2},"end":{"line":54,"column":21}},"loc":{"start":{"line":54,"column":59},"end":{"line":56,"column":3}}},"4":{"name":"(anonymous_4)","decl":{"start":{"line":64,"column":2},"end":{"line":64,"column":8}},"loc":{"start":{"line":64,"column":8},"end":{"line":71,"column":3}}},"5":{"name":"(anonymous_5)","decl":{"start":{"line":79,"column":2},"end":{"line":79,"column":10}},"loc":{"start":{"line":79,"column":10},"end":{"line":81,"column":3}}}},"branchMap":{},"s":{"0":12,"1":1,"2":1,"3":5,"4":1,"5":1,"6":1,"7":1,"8":1,"9":5},"f":{"0":12,"1":1,"2":1,"3":1,"4":1,"5":1},"b":{}}
,"/home/alexxgrib/Projects/qiwi-api/src/exports.ts": {"path":"/home/alexxgrib/Projects/qiwi-api/src/exports.ts","statementMap":{"0":{"start":{"line":1,"column":0},"end":{"line":1,"column":23}}},"fnMap":{},"branchMap":{},"s":{"0":3},"f":{},"b":{}}
,"/home/alexxgrib/Projects/qiwi-api/src/http.ts": {"path":"/home/alexxgrib/Projects/qiwi-api/src/http.ts","statementMap":{"0":{"start":{"line":1,"column":0},"end":{"line":1,"column":53}},"1":{"start":{"line":2,"column":0},"end":{"line":2,"column":68}},"2":{"start":{"line":47,"column":4},"end":{"line":47,"column":19}},"3":{"start":{"line":46,"column":38},"end":{"line":46,"column":68}},"4":{"start":{"line":39,"column":0},"end":{"line":39,"column":13}},"5":{"start":{"line":82,"column":21},"end":{"line":82,"column":47}},"6":{"start":{"line":75,"column":19},"end":{"line":75,"column":43}},"7":{"start":{"line":92,"column":20},"end":{"line":96,"column":6}},"8":{"start":{"line":98,"column":26},"end":{"line":99,"column":null}},"9":{"start":{"line":102,"column":27},"end":{"line":103,"column":65}},"10":{"start":{"line":103,"column":6},"end":{"line":103,"column":65}},"11":{"start":{"line":105,"column":4},"end":{"line":141,"column":null}},"12":{"start":{"line":106,"column":28},"end":{"line":132,"column":10}},"13":{"start":{"line":122,"column":10},"end":{"line":127,"column":null}},"14":{"start":{"line":123,"column":12},"end":{"line":126,"column":14}},"15":{"start":{"line":134,"column":6},"end":{"line":134,"column":55}},"16":{"start":{"line":136,"column":6},"end":{"line":136,"column":53}},"17":{"start":{"line":136,"column":41},"end":{"line":136,"column":53}},"18":{"start":{"line":138,"column":6},"end":{"line":138,"column":67}},"19":{"start":{"line":138,"column":55},"end":{"line":138,"column":67}},"20":{"start":{"line":140,"column":6},"end":{"line":140,"column":41}},"21":{"start":{"line":157,"column":4},"end":{"line":165,"column":6}},"22":{"start":{"line":74,"column":0},"end":{"line":74,"column":13}},"23":{"start":{"line":183,"column":31},"end":{"line":183,"column":58}},"24":{"start":{"line":184,"column":31},"end":{"line":184,"column":51}},"25":{"start":{"line":182,"column":11},"end":{"line":182,"column":32}},"26":{"start":{"line":197,"column":4},"end":{"line":197,"column":48}},"27":{"start":{"line":210,"column":4},"end":{"line":210,"column":55}},"28":{"start":{"line":223,"column":4},"end":{"line":223,"column":54}},"29":{"start":{"line":266,"column":4},"end":{"line":266,"column":56}},"30":{"start":{"line":277,"column":4},"end":{"line":277,"column":79}},"31":{"start":{"line":277,"column":64},"end":{"line":277,"column":77}},"32":{"start":{"line":175,"column":0},"end":{"line":175,"column":13}}},"fnMap":{"0":{"name":"(anonymous_1)","decl":{"start":{"line":46,"column":2},"end":{"line":46,"column":14}},"loc":{"start":{"line":46,"column":68},"end":{"line":48,"column":3}}},"1":{"name":"_","decl":{"start":{"line":63,"column":9},"end":{"line":63,"column":10}},"loc":{"start":{"line":63,"column":25},"end":{"line":66,"column":1}}},"2":{"name":"(anonymous_3)","decl":{"start":{"line":82,"column":2},"end":{"line":82,"column":21}},"loc":{"start":{"line":82,"column":47},"end":{"line":82,"column":51}}},"3":{"name":"(anonymous_4)","decl":{"start":{"line":91,"column":2},"end":{"line":91,"column":7}},"loc":{"start":{"line":91,"column":43},"end":{"line":142,"column":3}}},"4":{"name":"(anonymous_5)","decl":{"start":{"line":102,"column":27},"end":{"line":102,"column":28}},"loc":{"start":{"line":103,"column":6},"end":{"line":103,"column":65}}},"5":{"name":"(anonymous_6)","decl":{"start":{"line":121,"column":15},"end":{"line":121,"column":16}},"loc":{"start":{"line":121,"column":25},"end":{"line":132,"column":9}}},"6":{"name":"(anonymous_7)","decl":{"start":{"line":153,"column":10},"end":{"line":153,"column":22}},"loc":{"start":{"line":155,"column":31},"end":{"line":166,"column":3}}},"7":{"name":"(anonymous_8)","decl":{"start":{"line":181,"column":2},"end":{"line":181,"column":null}},"loc":{"start":{"line":185,"column":6},"end":{"line":186,"column":6}}},"8":{"name":"(anonymous_9)","decl":{"start":{"line":183,"column":21},"end":{"line":183,"column":22}},"loc":{"start":{"line":183,"column":31},"end":{"line":183,"column":58}}},"9":{"name":"(anonymous_10)","decl":{"start":{"line":184,"column":21},"end":{"line":184,"column":22}},"loc":{"start":{"line":184,"column":31},"end":{"line":184,"column":51}}},"10":{"name":"(anonymous_11)","decl":{"start":{"line":196,"column":2},"end":{"line":196,"column":7}},"loc":{"start":{"line":196,"column":26},"end":{"line":198,"column":3}}},"11":{"name":"(anonymous_12)","decl":{"start":{"line":209,"column":2},"end":{"line":209,"column":7}},"loc":{"start":{"line":209,"column":39},"end":{"line":211,"column":3}}},"12":{"name":"(anonymous_13)","decl":{"start":{"line":222,"column":2},"end":{"line":222,"column":7}},"loc":{"start":{"line":222,"column":38},"end":{"line":224,"column":3}}},"13":{"name":"(anonymous_14)","decl":{"start":{"line":235,"column":2},"end":{"line":235,"column":7}},"loc":{"start":{"line":235,"column":40},"end":{"line":239,"column":3}}},"14":{"name":"(anonymous_15)","decl":{"start":{"line":250,"column":2},"end":{"line":250,"column":7}},"loc":{"start":{"line":250,"column":41},"end":{"line":254,"column":3}}},"15":{"name":"(anonymous_16)","decl":{"start":{"line":265,"column":2},"end":{"line":265,"column":7}},"loc":{"start":{"line":265,"column":64},"end":{"line":267,"column":3}}},"16":{"name":"(anonymous_17)","decl":{"start":{"line":276,"column":2},"end":{"line":276,"column":7}},"loc":{"start":{"line":276,"column":45},"end":{"line":278,"column":3}}},"17":{"name":"(anonymous_18)","decl":{"start":{"line":277,"column":50},"end":{"line":277,"column":51}},"loc":{"start":{"line":277,"column":64},"end":{"line":277,"column":77}}}},"branchMap":{"0":{"loc":{"start":{"line":99,"column":6},"end":{"line":99,"column":65}},"type":"cond-expr","locations":[{"start":{"line":99,"column":30},"end":{"line":99,"column":60}},{"start":{"line":99,"column":63},"end":{"line":99,"column":65}}]},"1":{"loc":{"start":{"line":103,"column":6},"end":{"line":103,"column":65}},"type":"cond-expr","locations":[{"start":{"line":103,"column":33},"end":{"line":103,"column":37}},{"start":{"line":103,"column":40},"end":{"line":103,"column":65}}]},"2":{"loc":{"start":{"line":116,"column":16},"end":{"line":118,"column":23}},"type":"cond-expr","locations":[{"start":{"line":117,"column":14},"end":{"line":117,"column":56}},{"start":{"line":118,"column":14},"end":{"line":118,"column":23}}]},"3":{"loc":{"start":{"line":117,"column":15},"end":{"line":117,"column":41}},"type":"cond-expr","locations":[{"start":{"line":117,"column":36},"end":{"line":117,"column":40}},{"start":{"line":117,"column":40},"end":{"line":117,"column":41}}]},"4":{"loc":{"start":{"line":117,"column":15},"end":{"line":117,"column":40}},"type":"binary-expr","locations":[{"start":{"line":117,"column":15},"end":{"line":117,"column":40}},{"start":{"line":117,"column":36},"end":{"line":117,"column":40}}]},"5":{"loc":{"start":{"line":122,"column":10},"end":{"line":127,"column":null}},"type":"if","locations":[{"start":{"line":122,"column":10},"end":{"line":127,"column":null}}]},"6":{"loc":{"start":{"line":122,"column":14},"end":{"line":122,"column":57}},"type":"binary-expr","locations":[{"start":{"line":122,"column":14},"end":{"line":122,"column":39}},{"start":{"line":122,"column":43},"end":{"line":122,"column":57}}]},"7":{"loc":{"start":{"line":136,"column":6},"end":{"line":136,"column":53}},"type":"if","locations":[{"start":{"line":136,"column":6},"end":{"line":136,"column":53}}]},"8":{"loc":{"start":{"line":138,"column":6},"end":{"line":138,"column":67}},"type":"if","locations":[{"start":{"line":138,"column":6},"end":{"line":138,"column":67}}]},"9":{"loc":{"start":{"line":161,"column":8},"end":{"line":163,"column":21}},"type":"cond-expr","locations":[{"start":{"line":162,"column":12},"end":{"line":162,"column":60}},{"start":{"line":163,"column":12},"end":{"line":163,"column":21}}]},"10":{"loc":{"start":{"line":162,"column":13},"end":{"line":162,"column":39}},"type":"cond-expr","locations":[{"start":{"line":162,"column":34},"end":{"line":162,"column":38}},{"start":{"line":162,"column":38},"end":{"line":162,"column":39}}]},"11":{"loc":{"start":{"line":162,"column":13},"end":{"line":162,"column":38}},"type":"binary-expr","locations":[{"start":{"line":162,"column":13},"end":{"line":162,"column":38}},{"start":{"line":162,"column":34},"end":{"line":162,"column":38}}]},"12":{"loc":{"start":{"line":182,"column":11},"end":{"line":185,"column":6}},"type":"default-arg","locations":[{"start":{"line":182,"column":32},"end":{"line":185,"column":6}}]}},"s":{"0":4,"1":4,"2":7,"3":7,"4":4,"5":12,"6":12,"7":37,"8":37,"9":37,"10":37,"11":37,"12":37,"13":7,"14":7,"15":30,"16":7,"17":0,"18":7,"19":0,"20":7,"21":37,"22":4,"23":36,"24":12,"25":12,"26":14,"27":16,"28":4,"29":34,"30":37,"31":30,"32":4},"f":{"0":7,"1":0,"2":12,"3":37,"4":37,"5":7,"6":37,"7":12,"8":36,"9":12,"10":14,"11":16,"12":4,"13":0,"14":0,"15":34,"16":37,"17":30},"b":{"0":[37,0],"1":[0,37],"2":[19,18],"3":[19,0],"4":[19,19],"5":[7],"6":[7,7],"7":[0],"8":[0],"9":[37,0],"10":[37,0],"11":[37,37],"12":[12]}}
,"/home/alexxgrib/Projects/qiwi-api/src/identity.ts": {"path":"/home/alexxgrib/Projects/qiwi-api/src/identity.ts","statementMap":{"0":{"start":{"line":1,"column":13},"end":{"line":1,"column":75}}},"fnMap":{},"branchMap":{"0":{"loc":{"start":{"line":1,"column":26},"end":{"line":1,"column":74}},"type":"binary-expr","locations":[{"start":{"line":1,"column":26},"end":{"line":1,"column":55}},{"start":{"line":1,"column":59},"end":{"line":1,"column":74}}]}},"s":{"0":4},"f":{},"b":{"0":[4,4]}}
,"/home/alexxgrib/Projects/qiwi-api/src/index.ts": {"path":"/home/alexxgrib/Projects/qiwi-api/src/index.ts","statementMap":{"0":{"start":{"line":1,"column":0},"end":{"line":1,"column":26}},"1":{"start":{"line":2,"column":0},"end":{"line":2,"column":34}},"2":{"start":{"line":4,"column":0},"end":{"line":4,"column":34}},"3":{"start":{"line":5,"column":17},"end":{"line":5,"column":24}}},"fnMap":{},"branchMap":{},"s":{"0":3,"1":3,"2":3,"3":3},"f":{},"b":{}}
,"/home/alexxgrib/Projects/qiwi-api/src/__tests__/constants.ts": {"path":"/home/alexxgrib/Projects/qiwi-api/src/__tests__/constants.ts","statementMap":{"0":{"start":{"line":1,"column":13},"end":{"line":1,"column":46}},"1":{"start":{"line":2,"column":13},"end":{"line":2,"column":42}}},"fnMap":{},"branchMap":{},"s":{"0":2,"1":2},"f":{},"b":{}}
,"/home/alexxgrib/Projects/qiwi-api/src/__tests__/server.ts": {"path":"/home/alexxgrib/Projects/qiwi-api/src/__tests__/server.ts","statementMap":{"0":{"start":{"line":1,"column":0},"end":{"line":1,"column":47}},"1":{"start":{"line":2,"column":0},"end":{"line":2,"column":36}},"2":{"start":{"line":17,"column":14},"end":{"line":17,"column":23}},"3":{"start":{"line":18,"column":17},"end":{"line":18,"column":34}},"4":{"start":{"line":20,"column":38},"end":{"line":20,"column":50}},"5":{"start":{"line":20,"column":44},"end":{"line":20,"column":50}},"6":{"start":{"line":21,"column":20},"end":{"line":23,"column":4}},"7":{"start":{"line":22,"column":4},"end":{"line":22,"column":26}},"8":{"start":{"line":24,"column":15},"end":{"line":24,"column":26}},"9":{"start":{"line":25,"column":13},"end":{"line":25,"column":14}},"10":{"start":{"line":26,"column":12},"end":{"line":26,"column":14}},"11":{"start":{"line":28,"column":2},"end":{"line":33,"column":5}},"12":{"start":{"line":29,"column":4},"end":{"line":29,"column":50}},"13":{"start":{"line":31,"column":4},"end":{"line":31,"column":35}},"14":{"start":{"line":32,"column":4},"end":{"line":32,"column":18}},"15":{"start":{"line":35,"column":2},"end":{"line":35,"column":18}},"16":{"start":{"line":37,"column":2},"end":{"line":43,"column":4}},"17":{"start":{"line":41,"column":6},"end":{"line":41,"column":21}},"18":{"start":{"line":16,"column":0},"end":{"line":16,"column":7}}},"fnMap":{"0":{"name":"createMockServer","decl":{"start":{"line":16,"column":22},"end":{"line":16,"column":38}},"loc":{"start":{"line":16,"column":38},"end":{"line":44,"column":1}}},"1":{"name":"(anonymous_2)","decl":{"start":{"line":20,"column":38},"end":{"line":20,"column":41}},"loc":{"start":{"line":20,"column":44},"end":{"line":20,"column":50}}},"2":{"name":"(anonymous_3)","decl":{"start":{"line":21,"column":32},"end":{"line":21,"column":33}},"loc":{"start":{"line":21,"column":44},"end":{"line":23,"column":3}}},"3":{"name":"(anonymous_4)","decl":{"start":{"line":28,"column":28},"end":{"line":28,"column":31}},"loc":{"start":{"line":28,"column":33},"end":{"line":33,"column":3}}},"4":{"name":"(anonymous_5)","decl":{"start":{"line":40,"column":4},"end":{"line":40,"column":9}},"loc":{"start":{"line":40,"column":9},"end":{"line":42,"column":5}}}},"branchMap":{},"s":{"0":1,"1":1,"2":1,"3":1,"4":1,"5":0,"6":1,"7":1,"8":1,"9":1,"10":1,"11":1,"12":1,"13":1,"14":1,"15":1,"16":1,"17":1,"18":1},"f":{"0":1,"1":0,"2":1,"3":1,"4":1},"b":{}}
,"/home/alexxgrib/Projects/qiwi-api/src/apis/api.ts": {"path":"/home/alexxgrib/Projects/qiwi-api/src/apis/api.ts","statementMap":{"0":{"start":{"line":50,"column":33},"end":{"line":50,"column":44}},"1":{"start":{"line":22,"column":4},"end":{"line":22,"column":50}},"2":{"start":{"line":42,"column":4},"end":{"line":42,"column":25}},"3":{"start":{"line":15,"column":0},"end":{"line":15,"column":22}}},"fnMap":{"0":{"name":"(anonymous_0)","decl":{"start":{"line":50,"column":2},"end":{"line":50,"column":33}},"loc":{"start":{"line":50,"column":44},"end":{"line":50,"column":48}}},"1":{"name":"(anonymous_1)","decl":{"start":{"line":21,"column":2},"end":{"line":21,"column":6}},"loc":{"start":{"line":21,"column":11},"end":{"line":23,"column":3}}},"2":{"name":"(anonymous_2)","decl":{"start":{"line":30,"column":2},"end":{"line":30,"column":6}},"loc":{"start":{"line":30,"column":22},"end":{"line":33,"column":3}}},"3":{"name":"(anonymous_3)","decl":{"start":{"line":41,"column":2},"end":{"line":41,"column":6}},"loc":{"start":{"line":41,"column":13},"end":{"line":43,"column":3}}}},"branchMap":{},"s":{"0":13,"1":1,"2":15,"3":4},"f":{"0":13,"1":1,"2":8,"3":15},"b":{}}
,"/home/alexxgrib/Projects/qiwi-api/src/apis/index.ts": {"path":"/home/alexxgrib/Projects/qiwi-api/src/apis/index.ts","statementMap":{"0":{"start":{"line":1,"column":0},"end":{"line":1,"column":25}},"1":{"start":{"line":2,"column":0},"end":{"line":2,"column":25}},"2":{"start":{"line":3,"column":0},"end":{"line":3,"column":22}},"3":{"start":{"line":4,"column":0},"end":{"line":4,"column":27}}},"fnMap":{},"branchMap":{},"s":{"0":4,"1":4,"2":4,"3":4},"f":{},"b":{}}
,"/home/alexxgrib/Projects/qiwi-api/src/apis/detector/api.ts": {"path":"/home/alexxgrib/Projects/qiwi-api/src/apis/detector/api.ts","statementMap":{"0":{"start":{"line":25,"column":33},"end":{"line":25,"column":61}},"1":{"start":{"line":17,"column":4},"end":{"line":17,"column":30}},"2":{"start":{"line":8,"column":0},"end":{"line":8,"column":13}}},"fnMap":{"0":{"name":"(anonymous_0)","decl":{"start":{"line":25,"column":2},"end":{"line":25,"column":33}},"loc":{"start":{"line":25,"column":61},"end":{"line":25,"column":65}}},"1":{"name":"(anonymous_1)","decl":{"start":{"line":16,"column":2},"end":{"line":16,"column":16}},"loc":{"start":{"line":16,"column":20},"end":{"line":18,"column":3}}}},"branchMap":{},"s":{"0":6,"1":5,"2":4},"f":{"0":6,"1":5},"b":{}}
,"/home/alexxgrib/Projects/qiwi-api/src/apis/detector/detect.api.ts": {"path":"/home/alexxgrib/Projects/qiwi-api/src/apis/detector/detect.api.ts","statementMap":{"0":{"start":{"line":2,"column":0},"end":{"line":2,"column":36}},"1":{"start":{"line":3,"column":0},"end":{"line":3,"column":50}},"2":{"start":{"line":24,"column":4},"end":{"line":24,"column":45}},"3":{"start":{"line":34,"column":21},"end":{"line":34,"column":81}},"4":{"start":{"line":36,"column":4},"end":{"line":36,"column":43}},"5":{"start":{"line":49,"column":21},"end":{"line":49,"column":84}},"6":{"start":{"line":51,"column":4},"end":{"line":51,"column":43}},"7":{"start":{"line":12,"column":0},"end":{"line":12,"column":13}}},"fnMap":{"0":{"name":"(anonymous_0)","decl":{"start":{"line":19,"column":10},"end":{"line":19,"column":26}},"loc":{"start":{"line":19,"column":48},"end":{"line":25,"column":3}}},"1":{"name":"(anonymous_1)","decl":{"start":{"line":33,"column":2},"end":{"line":33,"column":7}},"loc":{"start":{"line":33,"column":29},"end":{"line":37,"column":3}}},"2":{"name":"(anonymous_2)","decl":{"start":{"line":48,"column":2},"end":{"line":48,"column":7}},"loc":{"start":{"line":48,"column":39},"end":{"line":52,"column":3}}}},"branchMap":{},"s":{"0":4,"1":4,"2":4,"3":3,"4":3,"5":2,"6":2,"7":4},"f":{"0":5,"1":3,"2":2},"b":{}}
,"/home/alexxgrib/Projects/qiwi-api/src/apis/detector/detector.compat.ts": {"path":"/home/alexxgrib/Projects/qiwi-api/src/apis/detector/detector.compat.ts","statementMap":{"0":{"start":{"line":1,"column":0},"end":{"line":1,"column":38}},"1":{"start":{"line":18,"column":4},"end":{"line":18,"column":56}},"2":{"start":{"line":28,"column":4},"end":{"line":28,"column":52}},"3":{"start":{"line":38,"column":4},"end":{"line":38,"column":62}},"4":{"start":{"line":12,"column":0},"end":{"line":12,"column":13}}},"fnMap":{"0":{"name":"(anonymous_0)","decl":{"start":{"line":17,"column":2},"end":{"line":17,"column":null}},"loc":{"start":{"line":17,"column":2},"end":{"line":19,"column":3}}},"1":{"name":"(anonymous_1)","decl":{"start":{"line":27,"column":2},"end":{"line":27,"column":7}},"loc":{"start":{"line":27,"column":38},"end":{"line":29,"column":3}}},"2":{"name":"(anonymous_2)","decl":{"start":{"line":37,"column":2},"end":{"line":37,"column":7}},"loc":{"start":{"line":37,"column":42},"end":{"line":39,"column":3}}}},"branchMap":{},"s":{"0":4,"1":1,"2":2,"3":1,"4":4},"f":{"0":1,"1":2,"2":1},"b":{}}
,"/home/alexxgrib/Projects/qiwi-api/src/apis/detector/detector.errors.ts": {"path":"/home/alexxgrib/Projects/qiwi-api/src/apis/detector/detector.errors.ts","statementMap":{"0":{"start":{"line":1,"column":0},"end":{"line":1,"column":44}},"1":{"start":{"line":7,"column":0},"end":{"line":7,"column":13}}},"fnMap":{},"branchMap":{},"s":{"0":4,"1":4},"f":{},"b":{}}
,"/home/alexxgrib/Projects/qiwi-api/src/apis/detector/detector.ts": {"path":"/home/alexxgrib/Projects/qiwi-api/src/apis/detector/detector.ts","statementMap":{"0":{"start":{"line":1,"column":0},"end":{"line":1,"column":40}},"1":{"start":{"line":2,"column":0},"end":{"line":2,"column":44}},"2":{"start":{"line":3,"column":0},"end":{"line":3,"column":44}},"3":{"start":{"line":4,"column":0},"end":{"line":4,"column":34}},"4":{"start":{"line":5,"column":0},"end":{"line":5,"column":49}},"5":{"start":{"line":62,"column":4},"end":{"line":62,"column":20}},"6":{"start":{"line":65,"column":11},"end":{"line":65,"column":66}},"7":{"start":{"line":51,"column":4},"end":{"line":51,"column":56}},"8":{"start":{"line":14,"column":0},"end":{"line":14,"column":13}},"9":{"start":{"line":15,"column":18},"end":{"line":15,"column":48}},"10":{"start":{"line":24,"column":9},"end":{"line":41,"column":4}},"11":{"start":{"line":25,"column":17},"end":{"line":25,"column":37}},"12":{"start":{"line":27,"column":4},"end":{"line":38,"column":6}},"13":{"start":{"line":29,"column":31},"end":{"line":29,"column":46}},"14":{"start":{"line":40,"column":4},"end":{"line":40,"column":16}}},"fnMap":{"0":{"name":"(anonymous_0)","decl":{"start":{"line":59,"column":2},"end":{"line":59,"column":14}},"loc":{"start":{"line":61,"column":37},"end":{"line":63,"column":3}}},"1":{"name":"(anonymous_1)","decl":{"start":{"line":50,"column":2},"end":{"line":50,"column":8}},"loc":{"start":{"line":50,"column":15},"end":{"line":52,"column":3}}},"2":{"name":"(anonymous_2)","decl":{"start":{"line":24,"column":29},"end":{"line":24,"column":48}},"loc":{"start":{"line":24,"column":50},"end":{"line":41,"column":3}}},"3":{"name":"(anonymous_3)","decl":{"start":{"line":29,"column":21},"end":{"line":29,"column":22}},"loc":{"start":{"line":29,"column":31},"end":{"line":29,"column":46}}}},"branchMap":{"0":{"loc":{"start":{"line":59,"column":14},"end":{"line":61,"column":37}},"type":"default-arg","locations":[{"start":{"line":61,"column":35},"end":{"line":61,"column":37}}]},"1":{"loc":{"start":{"line":60,"column":4},"end":{"line":60,"column":39}},"type":"default-arg","locations":[{"start":{"line":60,"column":11},"end":{"line":60,"column":39}}]}},"s":{"0":4,"1":4,"2":4,"3":4,"4":4,"5":6,"6":6,"7":5,"8":4,"9":4,"10":4,"11":6,"12":6,"13":5,"14":6},"f":{"0":6,"1":5,"2":6,"3":5},"b":{"0":[0],"1":[0]}}
,"/home/alexxgrib/Projects/qiwi-api/src/apis/detector/index.ts": {"path":"/home/alexxgrib/Projects/qiwi-api/src/apis/detector/index.ts","statementMap":{"0":{"start":{"line":1,"column":0},"end":{"line":1,"column":9}},"1":{"start":{"line":1,"column":9},"end":{"line":1,"column":38}},"2":{"start":{"line":3,"column":0},"end":{"line":3,"column":9}},"3":{"start":{"line":3,"column":9},"end":{"line":3,"column":51}},"4":{"start":{"line":4,"column":0},"end":{"line":4,"column":9}},"5":{"start":{"line":4,"column":9},"end":{"line":4,"column":50}}},"fnMap":{"0":{"name":"(anonymous_0)","decl":{"start":{"line":1,"column":9},"end":{"line":1,"column":17}},"loc":{"start":{"line":1,"column":9},"end":{"line":1,"column":38}}},"1":{"name":"(anonymous_1)","decl":{"start":{"line":3,"column":9},"end":{"line":3,"column":23}},"loc":{"start":{"line":3,"column":9},"end":{"line":3,"column":51}}},"2":{"name":"(anonymous_2)","decl":{"start":{"line":4,"column":9},"end":{"line":4,"column":22}},"loc":{"start":{"line":4,"column":9},"end":{"line":4,"column":50}}}},"branchMap":{},"s":{"0":4,"1":11,"2":4,"3":5,"4":4,"5":5},"f":{"0":7,"1":1,"2":1},"b":{}}
,"/home/alexxgrib/Projects/qiwi-api/src/apis/p2p/api.ts": {"path":"/home/alexxgrib/Projects/qiwi-api/src/apis/p2p/api.ts","statementMap":{"0":{"start":{"line":47,"column":33},"end":{"line":47,"column":56}},"1":{"start":{"line":17,"column":4},"end":{"line":17,"column":30}},"2":{"start":{"line":28,"column":4},"end":{"line":28,"column":35}},"3":{"start":{"line":39,"column":4},"end":{"line":39,"column":35}},"4":{"start":{"line":8,"column":0},"end":{"line":8,"column":13}}},"fnMap":{"0":{"name":"(anonymous_0)","decl":{"start":{"line":47,"column":2},"end":{"line":47,"column":33}},"loc":{"start":{"line":47,"column":56},"end":{"line":47,"column":60}}},"1":{"name":"(anonymous_1)","decl":{"start":{"line":16,"column":2},"end":{"line":16,"column":16}},"loc":{"start":{"line":16,"column":20},"end":{"line":18,"column":3}}},"2":{"name":"(anonymous_2)","decl":{"start":{"line":27,"column":2},"end":{"line":27,"column":16}},"loc":{"start":{"line":27,"column":25},"end":{"line":29,"column":3}}},"3":{"name":"(anonymous_3)","decl":{"start":{"line":38,"column":2},"end":{"line":38,"column":16}},"loc":{"start":{"line":38,"column":25},"end":{"line":40,"column":3}}}},"branchMap":{},"s":{"0":2,"1":8,"2":1,"3":5,"4":4},"f":{"0":2,"1":8,"2":1,"3":5},"b":{}}
,"/home/alexxgrib/Projects/qiwi-api/src/apis/p2p/bills.api.ts": {"path":"/home/alexxgrib/Projects/qiwi-api/src/apis/p2p/bills.api.ts","statementMap":{"0":{"start":{"line":1,"column":0},"end":{"line":1,"column":53}},"1":{"start":{"line":2,"column":0},"end":{"line":2,"column":78}},"2":{"start":{"line":3,"column":0},"end":{"line":3,"column":31}},"3":{"start":{"line":54,"column":2},"end":{"line":54,"column":36}},"4":{"start":{"line":54,"column":21},"end":{"line":54,"column":35}},"5":{"start":{"line":34,"column":16},"end":{"line":34,"column":31}},"6":{"start":{"line":36,"column":4},"end":{"line":36,"column":80}},"7":{"start":{"line":36,"column":27},"end":{"line":36,"column":80}},"8":{"start":{"line":37,"column":4},"end":{"line":37,"column":83}},"9":{"start":{"line":37,"column":28},"end":{"line":37,"column":83}},"10":{"start":{"line":39,"column":4},"end":{"line":39,"column":26}},"11":{"start":{"line":49,"column":4},"end":{"line":49,"column":61}},"12":{"start":{"line":49,"column":36},"end":{"line":49,"column":61}},"13":{"start":{"line":51,"column":4},"end":{"line":51,"column":60}},"14":{"start":{"line":83,"column":8},"end":{"line":83,"column":12}},"15":{"start":{"line":85,"column":24},"end":{"line":92,"column":6}},"16":{"start":{"line":94,"column":19},"end":{"line":94,"column":75}},"17":{"start":{"line":96,"column":4},"end":{"line":99,"column":7}},"18":{"start":{"line":101,"column":4},"end":{"line":101,"column":18}},"19":{"start":{"line":114,"column":4},"end":{"line":114,"column":39}},"20":{"start":{"line":126,"column":4},"end":{"line":126,"column":52}},"21":{"start":{"line":143,"column":4},"end":{"line":143,"column":41}},"22":{"start":{"line":143,"column":24},"end":{"line":143,"column":41}},"23":{"start":{"line":145,"column":17},"end":{"line":151,"column":15}},"24":{"start":{"line":152,"column":17},"end":{"line":152,"column":75}},"25":{"start":{"line":154,"column":4},"end":{"line":154,"column":64}},"26":{"start":{"line":165,"column":20},"end":{"line":175,"column":6}},"27":{"start":{"line":170,"column":76},"end":{"line":173,"column":10}},"28":{"start":{"line":177,"column":4},"end":{"line":177,"column":38}},"29":{"start":{"line":179,"column":4},"end":{"line":179,"column":32}},"30":{"start":{"line":181,"column":4},"end":{"line":181,"column":74}},"31":{"start":{"line":22,"column":0},"end":{"line":22,"column":13}}},"fnMap":{"0":{"name":"(anonymous_0)","decl":{"start":{"line":22,"column":0},"end":{"line":22,"column":13}},"loc":{"start":{"line":22,"column":0},"end":{"line":221,"column":1}}},"1":{"name":"(anonymous_1)","decl":{"start":{"line":54,"column":15},"end":{"line":54,"column":18}},"loc":{"start":{"line":54,"column":21},"end":{"line":54,"column":35}}},"2":{"name":"(anonymous_2)","decl":{"start":{"line":30,"column":9},"end":{"line":30,"column":15}},"loc":{"start":{"line":32,"column":39},"end":{"line":40,"column":3}}},"3":{"name":"(anonymous_3)","decl":{"start":{"line":48,"column":12},"end":{"line":48,"column":28}},"loc":{"start":{"line":48,"column":52},"end":{"line":52,"column":3}}},"4":{"name":"(anonymous_4)","decl":{"start":{"line":76,"column":2},"end":{"line":76,"column":7}},"loc":{"start":{"line":76,"column":41},"end":{"line":102,"column":3}}},"5":{"name":"(anonymous_5)","decl":{"start":{"line":113,"column":2},"end":{"line":113,"column":7}},"loc":{"start":{"line":113,"column":32},"end":{"line":115,"column":3}}},"6":{"name":"(anonymous_6)","decl":{"start":{"line":125,"column":2},"end":{"line":125,"column":7}},"loc":{"start":{"line":125,"column":29},"end":{"line":127,"column":3}}},"7":{"name":"(anonymous_7)","decl":{"start":{"line":138,"column":2},"end":{"line":138,"column":28}},"loc":{"start":{"line":141,"column":35},"end":{"line":155,"column":3}}},"8":{"name":"(anonymous_8)","decl":{"start":{"line":164,"column":2},"end":{"line":164,"column":15}},"loc":{"start":{"line":164,"column":46},"end":{"line":182,"column":3}}},"9":{"name":"(anonymous_9)","decl":{"start":{"line":170,"column":58},"end":{"line":170,"column":59}},"loc":{"start":{"line":170,"column":76},"end":{"line":173,"column":10}}},"10":{"name":"(anonymous_10)","decl":{"start":{"line":192,"column":2},"end":{"line":192,"column":7}},"loc":{"start":{"line":194,"column":34},"end":{"line":204,"column":3}}},"11":{"name":"(anonymous_11)","decl":{"start":{"line":214,"column":2},"end":{"line":214,"column":7}},"loc":{"start":{"line":216,"column":20},"end":{"line":220,"column":3}}}},"branchMap":{"0":{"loc":{"start":{"line":32,"column":4},"end":{"line":32,"column":39}},"type":"default-arg","locations":[{"start":{"line":32,"column":37},"end":{"line":32,"column":39}}]},"1":{"loc":{"start":{"line":36,"column":4},"end":{"line":36,"column":80}},"type":"if","locations":[{"start":{"line":36,"column":4},"end":{"line":36,"column":80}}]},"2":{"loc":{"start":{"line":37,"column":4},"end":{"line":37,"column":83}},"type":"if","locations":[{"start":{"line":37,"column":4},"end":{"line":37,"column":83}}]},"3":{"loc":{"start":{"line":49,"column":4},"end":{"line":49,"column":61}},"type":"if","locations":[{"start":{"line":49,"column":4},"end":{"line":49,"column":61}}]},"4":{"loc":{"start":{"line":80,"column":6},"end":{"line":80,"column":32}},"type":"default-arg","locations":[{"start":{"line":80,"column":15},"end":{"line":80,"column":32}}]},"5":{"loc":{"start":{"line":81,"column":6},"end":{"line":81,"column":54}},"type":"default-arg","locations":[{"start":{"line":81,"column":27},"end":{"line":81,"column":54}}]},"6":{"loc":{"start":{"line":141,"column":4},"end":{"line":141,"column":35}},"type":"default-arg","locations":[{"start":{"line":141,"column":21},"end":{"line":141,"column":35}}]},"7":{"loc":{"start":{"line":143,"column":4},"end":{"line":143,"column":41}},"type":"if","locations":[{"start":{"line":143,"column":4},"end":{"line":143,"column":41}}]},"8":{"loc":{"start":{"line":170,"column":23},"end":{"line":170,"column":52}},"type":"cond-expr","locations":[{"start":{"line":170,"column":46},"end":{"line":170,"column":50}},{"start":{"line":170,"column":50},"end":{"line":170,"column":52}}]},"9":{"loc":{"start":{"line":170,"column":23},"end":{"line":170,"column":50}},"type":"binary-expr","locations":[{"start":{"line":170,"column":23},"end":{"line":170,"column":50}},{"start":{"line":170,"column":46},"end":{"line":170,"column":50}}]},"10":{"loc":{"start":{"line":177,"column":4},"end":{"line":177,"column":38}},"type":"cond-expr","locations":[{"start":{"line":177,"column":18},"end":{"line":177,"column":23}},{"start":{"line":177,"column":4},"end":{"line":177,"column":37}}]},"11":{"loc":{"start":{"line":177,"column":4},"end":{"line":177,"column":23}},"type":"binary-expr","locations":[{"start":{"line":177,"column":4},"end":{"line":177,"column":23}},{"start":{"line":177,"column":18},"end":{"line":177,"column":23}}]}},"s":{"0":4,"1":4,"2":4,"3":2,"4":3,"5":4,"6":4,"7":1,"8":4,"9":0,"10":4,"11":6,"12":5,"13":1,"14":4,"15":4,"16":4,"17":3,"18":3,"19":1,"20":3,"21":5,"22":0,"23":5,"24":5,"25":5,"26":1,"27":1,"28":1,"29":1,"30":1,"31":4},"f":{"0":2,"1":3,"2":4,"3":6,"4":4,"5":1,"6":3,"7":5,"8":1,"9":1,"10":0,"11":0},"b":{"0":[0],"1":[1],"2":[0],"3":[5],"4":[3],"5":[0],"6":[5],"7":[0],"8":[1,0],"9":[1,1],"10":[0,1],"11":[1,1]}}
,"/home/alexxgrib/Projects/qiwi-api/src/apis/p2p/index.ts": {"path":"/home/alexxgrib/Projects/qiwi-api/src/apis/p2p/index.ts","statementMap":{"0":{"start":{"line":1,"column":0},"end":{"line":1,"column":9}},"1":{"start":{"line":1,"column":9},"end":{"line":1,"column":28}},"2":{"start":{"line":3,"column":0},"end":{"line":3,"column":null}},"3":{"start":{"line":4,"column":2},"end":{"line":4,"column":null}},"4":{"start":{"line":5,"column":2},"end":{"line":5,"column":25}},"5":{"start":{"line":6,"column":2},"end":{"line":6,"column":19}},"6":{"start":{"line":8,"column":0},"end":{"line":8,"column":null}},"7":{"start":{"line":9,"column":2},"end":{"line":9,"column":null}},"8":{"start":{"line":10,"column":2},"end":{"line":10,"column":47}},"9":{"start":{"line":12,"column":0},"end":{"line":12,"column":null}},"10":{"start":{"line":13,"column":2},"end":{"line":13,"column":null}},"11":{"start":{"line":15,"column":2},"end":{"line":15,"column":32}},"12":{"start":{"line":16,"column":2},"end":{"line":16,"column":null}},"13":{"start":{"line":17,"column":2},"end":{"line":17,"column":null}},"14":{"start":{"line":18,"column":2},"end":{"line":18,"column":50}},"15":{"start":{"line":20,"column":0},"end":{"line":20,"column":28}}},"fnMap":{"0":{"name":"(anonymous_4)","decl":{"start":{"line":1,"column":9},"end":{"line":1,"column":12}},"loc":{"start":{"line":1,"column":9},"end":{"line":1,"column":28}}},"1":{"name":"(anonymous_5)","decl":{"start":{"line":4,"column":2},"end":{"line":4,"column":12}},"loc":{"start":{"line":4,"column":2},"end":{"line":4,"column":null}}},"2":{"name":"(anonymous_6)","decl":{"start":{"line":5,"column":2},"end":{"line":5,"column":12}},"loc":{"start":{"line":5,"column":2},"end":{"line":5,"column":25}}},"3":{"name":"(anonymous_7)","decl":{"start":{"line":6,"column":2},"end":{"line":6,"column":12}},"loc":{"start":{"line":6,"column":2},"end":{"line":6,"column":19}}},"4":{"name":"(anonymous_8)","decl":{"start":{"line":9,"column":2},"end":{"line":9,"column":24}},"loc":{"start":{"line":9,"column":2},"end":{"line":9,"column":null}}},"5":{"name":"(anonymous_9)","decl":{"start":{"line":10,"column":2},"end":{"line":10,"column":24}},"loc":{"start":{"line":10,"column":2},"end":{"line":10,"column":47}}},"6":{"name":"(anonymous_10)","decl":{"start":{"line":13,"column":2},"end":{"line":13,"column":13}},"loc":{"start":{"line":13,"column":2},"end":{"line":13,"column":null}}},"7":{"name":"(anonymous_11)","decl":{"start":{"line":15,"column":2},"end":{"line":15,"column":13}},"loc":{"start":{"line":15,"column":2},"end":{"line":15,"column":32}}},"8":{"name":"(anonymous_12)","decl":{"start":{"line":16,"column":2},"end":{"line":16,"column":23}},"loc":{"start":{"line":16,"column":2},"end":{"line":16,"column":null}}},"9":{"name":"(anonymous_13)","decl":{"start":{"line":17,"column":2},"end":{"line":17,"column":26}},"loc":{"start":{"line":17,"column":2},"end":{"line":17,"column":null}}},"10":{"name":"(anonymous_14)","decl":{"start":{"line":18,"column":2},"end":{"line":18,"column":26}},"loc":{"start":{"line":18,"column":2},"end":{"line":18,"column":50}}}},"branchMap":{},"s":{"0":4,"1":7,"2":4,"3":4,"4":4,"5":19,"6":4,"7":4,"8":4,"9":4,"10":4,"11":5,"12":4,"13":4,"14":4,"15":4},"f":{"0":3,"1":0,"2":0,"3":15,"4":0,"5":0,"6":0,"7":1,"8":0,"9":0,"10":0},"b":{}}
,"/home/alexxgrib/Projects/qiwi-api/src/apis/p2p/p2p.ts": {"path":"/home/alexxgrib/Projects/qiwi-api/src/apis/p2p/p2p.ts","statementMap":{"0":{"start":{"line":2,"column":0},"end":{"line":2,"column":44}},"1":{"start":{"line":3,"column":0},"end":{"line":3,"column":44}},"2":{"start":{"line":4,"column":0},"end":{"line":4,"column":34}},"3":{"start":{"line":5,"column":0},"end":{"line":5,"column":42}},"4":{"start":{"line":6,"column":0},"end":{"line":6,"column":71}},"5":{"start":{"line":8,"column":0},"end":{"line":8,"column":null}},"6":{"start":{"line":14,"column":0},"end":{"line":14,"column":38}},"7":{"start":{"line":85,"column":4},"end":{"line":85,"column":42}},"8":{"start":{"line":88,"column":11},"end":{"line":88,"column":51}},"9":{"start":{"line":68,"column":4},"end":{"line":72,"column":7}},"10":{"start":{"line":140,"column":18},"end":{"line":140,"column":35}},"11":{"start":{"line":141,"column":28},"end":{"line":141,"column":35}},"12":{"start":{"line":143,"column":4},"end":{"line":179,"column":6}},"13":{"start":{"line":144,"column":30},"end":{"line":144,"column":32}},"14":{"start":{"line":146,"column":6},"end":{"line":156,"column":null}},"15":{"start":{"line":147,"column":21},"end":{"line":153,"column":10}},"16":{"start":{"line":148,"column":28},"end":{"line":148,"column":30}},"17":{"start":{"line":150,"column":10},"end":{"line":150,"column":56}},"18":{"start":{"line":150,"column":41},"end":{"line":150,"column":54}},"19":{"start":{"line":151,"column":10},"end":{"line":151,"column":70}},"20":{"start":{"line":151,"column":40},"end":{"line":151,"column":67}},"21":{"start":{"line":152,"column":10},"end":{"line":152,"column":56}},"22":{"start":{"line":152,"column":34},"end":{"line":152,"column":54}},"23":{"start":{"line":155,"column":8},"end":{"line":155,"column":47}},"24":{"start":{"line":158,"column":6},"end":{"line":163,"column":null}},"25":{"start":{"line":165,"column":19},"end":{"line":165,"column":70}},"26":{"start":{"line":167,"column":6},"end":{"line":167,"column":49}},"27":{"start":{"line":167,"column":35},"end":{"line":167,"column":49}},"28":{"start":{"line":169,"column":6},"end":{"line":171,"column":null}},"29":{"start":{"line":170,"column":8},"end":{"line":170,"column":52}},"30":{"start":{"line":173,"column":6},"end":{"line":173,"column":39}},"31":{"start":{"line":175,"column":6},"end":{"line":175,"column":63}},"32":{"start":{"line":175,"column":17},"end":{"line":175,"column":63}},"33":{"start":{"line":176,"column":6},"end":{"line":176,"column":60}},"34":{"start":{"line":178,"column":6},"end":{"line":178,"column":22}},"35":{"start":{"line":23,"column":0},"end":{"line":23,"column":13}},"36":{"start":{"line":24,"column":18},"end":{"line":24,"column":41}},"37":{"start":{"line":26,"column":18},"end":{"line":26,"column":46}},"38":{"start":{"line":27,"column":18},"end":{"line":27,"column":48}},"39":{"start":{"line":28,"column":18},"end":{"line":28,"column":42}},"40":{"start":{"line":38,"column":9},"end":{"line":56,"column":4}},"41":{"start":{"line":39,"column":17},"end":{"line":39,"column":37}},"42":{"start":{"line":41,"column":4},"end":{"line":53,"column":6}},"43":{"start":{"line":55,"column":4},"end":{"line":55,"column":16}}},"fnMap":{"0":{"name":"(anonymous_0)","decl":{"start":{"line":80,"column":2},"end":{"line":80,"column":14}},"loc":{"start":{"line":84,"column":32},"end":{"line":86,"column":3}}},"1":{"name":"(anonymous_1)","decl":{"start":{"line":67,"column":2},"end":{"line":67,"column":8}},"loc":{"start":{"line":67,"column":49},"end":{"line":73,"column":3}}},"2":{"name":"(anonymous_2)","decl":{"start":{"line":130,"column":2},"end":{"line":130,"column":24}},"loc":{"start":{"line":138,"column":15},"end":{"line":180,"column":3}}},"3":{"name":"(anonymous_3)","decl":{"start":{"line":143,"column":11},"end":{"line":143,"column":16}},"loc":{"start":{"line":143,"column":45},"end":{"line":179,"column":5}}},"4":{"name":"(anonymous_4)","decl":{"start":{"line":147,"column":47},"end":{"line":147,"column":48}},"loc":{"start":{"line":147,"column":67},"end":{"line":153,"column":9}}},"5":{"name":"(anonymous_5)","decl":{"start":{"line":150,"column":30},"end":{"line":150,"column":31}},"loc":{"start":{"line":150,"column":41},"end":{"line":150,"column":54}}},"6":{"name":"(anonymous_6)","decl":{"start":{"line":151,"column":29},"end":{"line":151,"column":30}},"loc":{"start":{"line":151,"column":40},"end":{"line":151,"column":67}}},"7":{"name":"(anonymous_7)","decl":{"start":{"line":152,"column":28},"end":{"line":152,"column":31}},"loc":{"start":{"line":152,"column":34},"end":{"line":152,"column":54}}},"8":{"name":"(anonymous_8)","decl":{"start":{"line":38,"column":29},"end":{"line":38,"column":30}},"loc":{"start":{"line":38,"column":67},"end":{"line":56,"column":3}}}},"branchMap":{"0":{"loc":{"start":{"line":80,"column":14},"end":{"line":84,"column":32}},"type":"default-arg","locations":[{"start":{"line":84,"column":30},"end":{"line":84,"column":32}}]},"1":{"loc":{"start":{"line":81,"column":4},"end":{"line":81,"column":18}},"type":"default-arg","locations":[{"start":{"line":81,"column":16},"end":{"line":81,"column":18}}]},"2":{"loc":{"start":{"line":82,"column":4},"end":{"line":82,"column":18}},"type":"default-arg","locations":[{"start":{"line":82,"column":16},"end":{"line":82,"column":18}}]},"3":{"loc":{"start":{"line":83,"column":4},"end":{"line":83,"column":43}},"type":"default-arg","locations":[{"start":{"line":83,"column":11},"end":{"line":83,"column":43}}]},"4":{"loc":{"start":{"line":67,"column":35},"end":{"line":67,"column":49}},"type":"default-arg","locations":[{"start":{"line":67,"column":47},"end":{"line":67,"column":49}}]},"5":{"loc":{"start":{"line":131,"column":4},"end":{"line":131,"column":36}},"type":"default-arg","locations":[{"start":{"line":131,"column":34},"end":{"line":131,"column":36}}]},"6":{"loc":{"start":{"line":141,"column":12},"end":{"line":141,"column":23}},"type":"default-arg","locations":[{"start":{"line":141,"column":19},"end":{"line":141,"column":23}}]},"7":{"loc":{"start":{"line":146,"column":6},"end":{"line":156,"column":null}},"type":"if","locations":[{"start":{"line":146,"column":6},"end":{"line":156,"column":null}}]},"8":{"loc":{"start":{"line":158,"column":6},"end":{"line":163,"column":null}},"type":"if","locations":[{"start":{"line":158,"column":6},"end":{"line":163,"column":null}}]},"9":{"loc":{"start":{"line":167,"column":6},"end":{"line":167,"column":49}},"type":"if","locations":[{"start":{"line":167,"column":6},"end":{"line":167,"column":49}}]},"10":{"loc":{"start":{"line":167,"column":10},"end":{"line":167,"column":33}},"type":"binary-expr","locations":[{"start":{"line":167,"column":10},"end":{"line":167,"column":14}},{"start":{"line":167,"column":18},"end":{"line":167,"column":33}}]},"11":{"loc":{"start":{"line":169,"column":6},"end":{"line":171,"column":null}},"type":"if","locations":[{"start":{"line":169,"column":6},"end":{"line":171,"column":null}}]},"12":{"loc":{"start":{"line":175,"column":6},"end":{"line":175,"column":63}},"type":"if","locations":[{"start":{"line":175,"column":6},"end":{"line":175,"column":63}}]}},"s":{"0":4,"1":4,"2":4,"3":4,"4":4,"5":4,"6":4,"7":2,"8":2,"9":1,"10":1,"11":1,"12":1,"13":5,"14":5,"15":5,"16":5,"17":5,"18":0,"19":5,"20":5,"21":5,"22":5,"23":5,"24":5,"25":5,"26":5,"27":1,"28":4,"29":2,"30":2,"31":2,"32":0,"33":2,"34":2,"35":4,"36":4,"37":4,"38":4,"39":4,"40":4,"41":2,"42":2,"43":2},"f":{"0":2,"1":1,"2":1,"3":5,"4":5,"5":0,"6":5,"7":5,"8":2},"b":{"0":[0],"1":[0],"2":[0],"3":[0],"4":[1],"5":[0],"6":[1],"7":[5],"8":[0],"9":[1],"10":[5,5],"11":[2],"12":[0]}}
,"/home/alexxgrib/Projects/qiwi-api/src/apis/p2p/p2p.types.ts": {"path":"/home/alexxgrib/Projects/qiwi-api/src/apis/p2p/p2p.types.ts","statementMap":{"0":{"start":{"line":2,"column":0},"end":{"line":2,"column":null}},"1":{"start":{"line":4,"column":2},"end":{"line":4,"column":null}},"2":{"start":{"line":6,"column":2},"end":{"line":6,"column":null}},"3":{"start":{"line":8,"column":2},"end":{"line":8,"column":null}},"4":{"start":{"line":10,"column":2},"end":{"line":10,"column":null}},"5":{"start":{"line":16,"column":0},"end":{"line":16,"column":null}},"6":{"start":{"line":17,"column":2},"end":{"line":17,"column":null}},"7":{"start":{"line":18,"column":2},"end":{"line":18,"column":null}},"8":{"start":{"line":179,"column":0},"end":{"line":179,"column":null}},"9":{"start":{"line":180,"column":2},"end":{"line":180,"column":null}},"10":{"start":{"line":181,"column":2},"end":{"line":181,"column":null}},"11":{"start":{"line":182,"column":2},"end":{"line":182,"column":null}},"12":{"start":{"line":200,"column":0},"end":{"line":200,"column":null}},"13":{"start":{"line":201,"column":2},"end":{"line":201,"column":null}},"14":{"start":{"line":202,"column":2},"end":{"line":202,"column":null}}},"fnMap":{"0":{"name":"(anonymous_0)","decl":{"start":{"line":2,"column":0},"end":{"line":2,"column":12}},"loc":{"start":{"line":2,"column":22},"end":{"line":11,"column":1}}},"1":{"name":"(anonymous_1)","decl":{"start":{"line":16,"column":0},"end":{"line":16,"column":12}},"loc":{"start":{"line":16,"column":24},"end":{"line":19,"column":1}}},"2":{"name":"(anonymous_2)","decl":{"start":{"line":179,"column":0},"end":{"line":179,"column":12}},"loc":{"start":{"line":179,"column":25},"end":{"line":183,"column":1}}},"3":{"name":"(anonymous_3)","decl":{"start":{"line":200,"column":0},"end":{"line":200,"column":12}},"loc":{"start":{"line":200,"column":28},"end":{"line":203,"column":1}}}},"branchMap":{"0":{"loc":{"start":{"line":2,"column":12},"end":{"line":2,"column":null}},"type":"binary-expr","locations":[{"start":{"line":2,"column":12},"end":{"line":2,"column":22}},{"start":{"line":2,"column":12},"end":{"line":2,"column":null}}]},"1":{"loc":{"start":{"line":16,"column":12},"end":{"line":16,"column":null}},"type":"binary-expr","locations":[{"start":{"line":16,"column":12},"end":{"line":16,"column":24}},{"start":{"line":16,"column":12},"end":{"line":16,"column":null}}]},"2":{"loc":{"start":{"line":179,"column":12},"end":{"line":179,"column":null}},"type":"binary-expr","locations":[{"start":{"line":179,"column":12},"end":{"line":179,"column":25}},{"start":{"line":179,"column":12},"end":{"line":179,"column":null}}]},"3":{"loc":{"start":{"line":200,"column":12},"end":{"line":200,"column":null}},"type":"binary-expr","locations":[{"start":{"line":200,"column":12},"end":{"line":200,"column":28}},{"start":{"line":200,"column":12},"end":{"line":200,"column":null}}]}},"s":{"0":4,"1":4,"2":4,"3":4,"4":4,"5":4,"6":4,"7":4,"8":4,"9":4,"10":4,"11":4,"12":4,"13":4,"14":4},"f":{"0":4,"1":4,"2":4,"3":4},"b":{"0":[4,4],"1":[4,4],"2":[4,4],"3":[4,4]}}
,"/home/alexxgrib/Projects/qiwi-api/src/apis/shared/collect.ts": {"path":"/home/alexxgrib/Projects/qiwi-api/src/apis/shared/collect.ts","statementMap":{"0":{"start":{"line":13,"column":2},"end":{"line":13,"column":32}},"1":{"start":{"line":11,"column":0},"end":{"line":11,"column":16}}},"fnMap":{"0":{"name":"collect","decl":{"start":{"line":11,"column":16},"end":{"line":11,"column":23}},"loc":{"start":{"line":11,"column":52},"end":{"line":14,"column":1}}}},"branchMap":{},"s":{"0":37,"1":4},"f":{"0":37},"b":{}}
,"/home/alexxgrib/Projects/qiwi-api/src/apis/shared/index.ts": {"path":"/home/alexxgrib/Projects/qiwi-api/src/apis/shared/index.ts","statementMap":{"0":{"start":{"line":1,"column":0},"end":{"line":1,"column":26}},"1":{"start":{"line":2,"column":0},"end":{"line":2,"column":30}},"2":{"start":{"line":3,"column":0},"end":{"line":3,"column":23}},"3":{"start":{"line":4,"column":0},"end":{"line":4,"column":24}},"4":{"start":{"line":5,"column":0},"end":{"line":5,"column":23}}},"fnMap":{},"branchMap":{},"s":{"0":4,"1":4,"2":4,"3":4,"4":4},"f":{},"b":{}}
,"/home/alexxgrib/Projects/qiwi-api/src/apis/shared/querystring.ts": {"path":"/home/alexxgrib/Projects/qiwi-api/src/apis/shared/querystring.ts","statementMap":{"0":{"start":{"line":1,"column":0},"end":{"line":1,"column":48}},"1":{"start":{"line":9,"column":0},"end":{"line":9,"column":16}},"2":{"start":{"line":27,"column":2},"end":{"line":31,"column":5}},"3":{"start":{"line":26,"column":0},"end":{"line":26,"column":16}}},"fnMap":{"0":{"name":"parseQuerystring","decl":{"start":{"line":9,"column":16},"end":{"line":9,"column":32}},"loc":{"start":{"line":9,"column":52},"end":{"line":18,"column":1}}},"1":{"name":"formatQuerystring","decl":{"start":{"line":26,"column":16},"end":{"line":26,"column":33}},"loc":{"start":{"line":26,"column":53},"end":{"line":32,"column":1}}}},"branchMap":{},"s":{"0":4,"1":4,"2":11,"3":4},"f":{"0":0,"1":11},"b":{}}
,"/home/alexxgrib/Projects/qiwi-api/src/apis/shared/time.ts": {"path":"/home/alexxgrib/Projects/qiwi-api/src/apis/shared/time.ts","statementMap":{"0":{"start":{"line":9,"column":11},"end":{"line":9,"column":73}},"1":{"start":{"line":9,"column":39},"end":{"line":9,"column":73}},"2":{"start":{"line":20,"column":15},"end":{"line":20,"column":33}},"3":{"start":{"line":21,"column":14},"end":{"line":30,"column":null}},"4":{"start":{"line":33,"column":17},"end":{"line":33,"column":41}},"5":{"start":{"line":34,"column":15},"end":{"line":34,"column":37}},"6":{"start":{"line":36,"column":15},"end":{"line":36,"column":46}},"7":{"start":{"line":37,"column":16},"end":{"line":37,"column":53}},"8":{"start":{"line":38,"column":18},"end":{"line":38,"column":33}},"9":{"start":{"line":41,"column":2},"end":{"line":41,"column":45}},"10":{"start":{"line":19,"column":0},"end":{"line":19,"column":16}},"11":{"start":{"line":44,"column":0},"end":{"line":44,"column":null}},"12":{"start":{"line":45,"column":2},"end":{"line":45,"column":null}},"13":{"start":{"line":46,"column":2},"end":{"line":46,"column":null}},"14":{"start":{"line":47,"column":2},"end":{"line":47,"column":null}},"15":{"start":{"line":48,"column":2},"end":{"line":48,"column":null}},"16":{"start":{"line":49,"column":2},"end":{"line":49,"column":null}},"17":{"start":{"line":50,"column":2},"end":{"line":50,"column":null}},"18":{"start":{"line":51,"column":2},"end":{"line":51,"column":null}},"19":{"start":{"line":52,"column":2},"end":{"line":52,"column":null}},"20":{"start":{"line":55,"column":13},"end":{"line":78,"column":2}},"21":{"start":{"line":95,"column":15},"end":{"line":95,"column":36}},"22":{"start":{"line":97,"column":2},"end":{"line":100,"column":null}},"23":{"start":{"line":99,"column":4},"end":{"line":99,"column":33}},"24":{"start":{"line":102,"column":15},"end":{"line":102,"column":57}},"25":{"start":{"line":103,"column":2},"end":{"line":103,"column":21}},"26":{"start":{"line":105,"column":2},"end":{"line":105,"column":26}},"27":{"start":{"line":90,"column":0},"end":{"line":90,"column":16}}},"fnMap":{"0":{"name":"(anonymous_0)","decl":{"start":{"line":9,"column":11},"end":{"line":9,"column":12}},"loc":{"start":{"line":9,"column":39},"end":{"line":9,"column":73}}},"1":{"name":"formatDate","decl":{"start":{"line":19,"column":16},"end":{"line":19,"column":26}},"loc":{"start":{"line":19,"column":59},"end":{"line":42,"column":1}}},"2":{"name":"(anonymous_2)","decl":{"start":{"line":44,"column":0},"end":{"line":44,"column":12}},"loc":{"start":{"line":44,"column":20},"end":{"line":53,"column":1}}},"3":{"name":"formatOffsetDate","decl":{"start":{"line":90,"column":16},"end":{"line":90,"column":32}},"loc":{"start":{"line":93,"column":26},"end":{"line":106,"column":1}}}},"branchMap":{"0":{"loc":{"start":{"line":34,"column":15},"end":{"line":34,"column":37}},"type":"cond-expr","locations":[{"start":{"line":34,"column":28},"end":{"line":34,"column":31}},{"start":{"line":34,"column":34},"end":{"line":34,"column":37}}]},"1":{"loc":{"start":{"line":44,"column":12},"end":{"line":44,"column":null}},"type":"binary-expr","locations":[{"start":{"line":44,"column":12},"end":{"line":44,"column":20}},{"start":{"line":44,"column":12},"end":{"line":44,"column":null}}]},"2":{"loc":{"start":{"line":92,"column":2},"end":{"line":92,"column":63}},"type":"default-arg","locations":[{"start":{"line":92,"column":43},"end":{"line":92,"column":63}}]},"3":{"loc":{"start":{"line":93,"column":2},"end":{"line":93,"column":26}},"type":"default-arg","locations":[{"start":{"line":93,"column":16},"end":{"line":93,"column":26}}]},"4":{"loc":{"start":{"line":97,"column":2},"end":{"line":100,"column":null}},"type":"if","locations":[{"start":{"line":97,"column":2},"end":{"line":100,"column":null}}]}},"s":{"0":4,"1":18,"2":9,"3":9,"4":9,"5":9,"6":9,"7":9,"8":9,"9":9,"10":4,"11":4,"12":4,"13":4,"14":4,"15":4,"16":4,"17":4,"18":4,"19":4,"20":4,"21":8,"22":8,"23":7,"24":8,"25":8,"26":8,"27":4},"f":{"0":18,"1":9,"2":4,"3":8},"b":{"0":[0,9],"1":[4,4],"2":[1],"3":[8],"4":[7]}}
,"/home/alexxgrib/Projects/qiwi-api/src/apis/shared/uuid.ts": {"path":"/home/alexxgrib/Projects/qiwi-api/src/apis/shared/uuid.ts","statementMap":{"0":{"start":{"line":1,"column":0},"end":{"line":1,"column":26}},"1":{"start":{"line":2,"column":0},"end":{"line":2,"column":28}},"2":{"start":{"line":11,"column":2},"end":{"line":11,"column":56}},"3":{"start":{"line":10,"column":0},"end":{"line":10,"column":16}}},"fnMap":{"0":{"name":"generateUUID","decl":{"start":{"line":10,"column":16},"end":{"line":10,"column":28}},"loc":{"start":{"line":10,"column":28},"end":{"line":12,"column":1}}}},"branchMap":{"0":{"loc":{"start":{"line":11,"column":9},"end":{"line":11,"column":55}},"type":"cond-expr","locations":[{"start":{"line":11,"column":29},"end":{"line":11,"column":48}},{"start":{"line":11,"column":51},"end":{"line":11,"column":55}}]}},"s":{"0":4,"1":4,"2":5,"3":4},"f":{"0":5},"b":{"0":[5,0]}}
,"/home/alexxgrib/Projects/qiwi-api/src/apis/wallet/api.ts": {"path":"/home/alexxgrib/Projects/qiwi-api/src/apis/wallet/api.ts","statementMap":{"0":{"start":{"line":36,"column":33},"end":{"line":36,"column":59}},"1":{"start":{"line":17,"column":4},"end":{"line":17,"column":30}},"2":{"start":{"line":28,"column":4},"end":{"line":28,"column":34}},"3":{"start":{"line":8,"column":0},"end":{"line":8,"column":13}}},"fnMap":{"0":{"name":"(anonymous_0)","decl":{"start":{"line":36,"column":2},"end":{"line":36,"column":33}},"loc":{"start":{"line":36,"column":59},"end":{"line":36,"column":63}}},"1":{"name":"(anonymous_1)","decl":{"start":{"line":16,"column":2},"end":{"line":16,"column":16}},"loc":{"start":{"line":16,"column":20},"end":{"line":18,"column":3}}},"2":{"name":"(anonymous_2)","decl":{"start":{"line":27,"column":2},"end":{"line":27,"column":16}},"loc":{"start":{"line":27,"column":24},"end":{"line":29,"column":3}}}},"branchMap":{},"s":{"0":56,"1":22,"2":10,"3":4},"f":{"0":56,"1":22,"2":10},"b":{}}
,"/home/alexxgrib/Projects/qiwi-api/src/apis/wallet/funding-sources.api.ts": {"path":"/home/alexxgrib/Projects/qiwi-api/src/apis/wallet/funding-sources.api.ts","statementMap":{"0":{"start":{"line":1,"column":0},"end":{"line":1,"column":34}},"1":{"start":{"line":24,"column":25},"end":{"line":25,"column":null}},"2":{"start":{"line":28,"column":4},"end":{"line":28,"column":20}},"3":{"start":{"line":63,"column":4},"end":{"line":65,"column":6}},"4":{"start":{"line":12,"column":0},"end":{"line":12,"column":13}}},"fnMap":{"0":{"name":"(anonymous_0)","decl":{"start":{"line":23,"column":2},"end":{"line":23,"column":7}},"loc":{"start":{"line":23,"column":19},"end":{"line":29,"column":3}}},"1":{"name":"(anonymous_1)","decl":{"start":{"line":43,"column":2},"end":{"line":43,"column":7}},"loc":{"start":{"line":43,"column":35},"end":{"line":49,"column":3}}},"2":{"name":"(anonymous_2)","decl":{"start":{"line":62,"column":2},"end":{"line":62,"column":7}},"loc":{"start":{"line":62,"column":24},"end":{"line":66,"column":3}}},"3":{"name":"(anonymous_3)","decl":{"start":{"line":81,"column":2},"end":{"line":81,"column":7}},"loc":{"start":{"line":81,"column":39},"end":{"line":88,"column":3}}}},"branchMap":{},"s":{"0":4,"1":1,"2":1,"3":1,"4":4},"f":{"0":1,"1":0,"2":1,"3":0},"b":{}}
,"/home/alexxgrib/Projects/qiwi-api/src/apis/wallet/identification.api.ts": {"path":"/home/alexxgrib/Projects/qiwi-api/src/apis/wallet/identification.api.ts","statementMap":{"0":{"start":{"line":1,"column":0},"end":{"line":1,"column":34}},"1":{"start":{"line":49,"column":4},"end":{"line":51,"column":6}},"2":{"start":{"line":12,"column":0},"end":{"line":12,"column":13}}},"fnMap":{"0":{"name":"(anonymous_0)","decl":{"start":{"line":26,"column":2},"end":{"line":26,"column":7}},"loc":{"start":{"line":26,"column":36},"end":{"line":34,"column":3}}},"1":{"name":"(anonymous_1)","decl":{"start":{"line":48,"column":2},"end":{"line":48,"column":7}},"loc":{"start":{"line":48,"column":11},"end":{"line":52,"column":3}}}},"branchMap":{},"s":{"0":4,"1":1,"2":4},"f":{"0":0,"1":1},"b":{}}
,"/home/alexxgrib/Projects/qiwi-api/src/apis/wallet/index.ts": {"path":"/home/alexxgrib/Projects/qiwi-api/src/apis/wallet/index.ts","statementMap":{"0":{"start":{"line":1,"column":0},"end":{"line":1,"column":9}},"1":{"start":{"line":1,"column":9},"end":{"line":1,"column":34}},"2":{"start":{"line":2,"column":0},"end":{"line":2,"column":null}},"3":{"start":{"line":3,"column":2},"end":{"line":3,"column":null}},"4":{"start":{"line":4,"column":2},"end":{"line":4,"column":31}},"5":{"start":{"line":5,"column":2},"end":{"line":5,"column":27}},"6":{"start":{"line":7,"column":0},"end":{"line":7,"column":null}},"7":{"start":{"line":8,"column":2},"end":{"line":8,"column":null}},"8":{"start":{"line":9,"column":2},"end":{"line":9,"column":35}},"9":{"start":{"line":12,"column":0},"end":{"line":12,"column":null}},"10":{"start":{"line":13,"column":2},"end":{"line":13,"column":null}},"11":{"start":{"line":14,"column":2},"end":{"line":14,"column":36}},"12":{"start":{"line":16,"column":2},"end":{"line":16,"column":null}},"13":{"start":{"line":17,"column":2},"end":{"line":17,"column":null}},"14":{"start":{"line":20,"column":0},"end":{"line":20,"column":31}}},"fnMap":{"0":{"name":"(anonymous_4)","decl":{"start":{"line":1,"column":9},"end":{"line":1,"column":15}},"loc":{"start":{"line":1,"column":9},"end":{"line":1,"column":34}}},"1":{"name":"(anonymous_5)","decl":{"start":{"line":3,"column":2},"end":{"line":3,"column":15}},"loc":{"start":{"line":3,"column":2},"end":{"line":3,"column":null}}},"2":{"name":"(anonymous_6)","decl":{"start":{"line":4,"column":2},"end":{"line":4,"column":15}},"loc":{"start":{"line":4,"column":2},"end":{"line":4,"column":31}}},"3":{"name":"(anonymous_7)","decl":{"start":{"line":5,"column":2},"end":{"line":5,"column":15}},"loc":{"start":{"line":5,"column":2},"end":{"line":5,"column":27}}},"4":{"name":"(anonymous_8)","decl":{"start":{"line":8,"column":2},"end":{"line":8,"column":23}},"loc":{"start":{"line":8,"column":2},"end":{"line":8,"column":null}}},"5":{"name":"(anonymous_9)","decl":{"start":{"line":9,"column":2},"end":{"line":9,"column":23}},"loc":{"start":{"line":9,"column":2},"end":{"line":9,"column":35}}},"6":{"name":"(anonymous_10)","decl":{"start":{"line":13,"column":2},"end":{"line":13,"column":16}},"loc":{"start":{"line":13,"column":2},"end":{"line":13,"column":null}}},"7":{"name":"(anonymous_11)","decl":{"start":{"line":14,"column":2},"end":{"line":14,"column":16}},"loc":{"start":{"line":14,"column":2},"end":{"line":14,"column":36}}},"8":{"name":"(anonymous_12)","decl":{"start":{"line":16,"column":2},"end":{"line":16,"column":26}},"loc":{"start":{"line":16,"column":2},"end":{"line":16,"column":null}}},"9":{"name":"(anonymous_13)","decl":{"start":{"line":17,"column":2},"end":{"line":17,"column":21}},"loc":{"start":{"line":17,"column":2},"end":{"line":17,"column":null}}}},"branchMap":{},"s":{"0":4,"1":8,"2":4,"3":4,"4":4,"5":21,"6":4,"7":4,"8":4,"9":4,"10":4,"11":4,"12":4,"13":10,"14":4},"f":{"0":4,"1":0,"2":0,"3":17,"4":0,"5":0,"6":0,"7":0,"8":0,"9":6},"b":{}}
,"/home/alexxgrib/Projects/qiwi-api/src/apis/wallet/limits.api.ts": {"path":"/home/alexxgrib/Projects/qiwi-api/src/apis/wallet/limits.api.ts","statementMap":{"0":{"start":{"line":1,"column":0},"end":{"line":1,"column":46}},"1":{"start":{"line":2,"column":0},"end":{"line":2,"column":34}},"2":{"start":{"line":31,"column":4},"end":{"line":35,"column":6}},"3":{"start":{"line":13,"column":0},"end":{"line":13,"column":13}}},"fnMap":{"0":{"name":"(anonymous_0)","decl":{"start":{"line":28,"column":2},"end":{"line":28,"column":7}},"loc":{"start":{"line":29,"column":18},"end":{"line":36,"column":3}}}},"branchMap":{},"s":{"0":4,"1":4,"2":1,"3":4},"f":{"0":1},"b":{}}
,"/home/alexxgrib/Projects/qiwi-api/src/apis/wallet/payment-history.api.ts": {"path":"/home/alexxgrib/Projects/qiwi-api/src/apis/wallet/payment-history.api.ts","statementMap":{"0":{"start":{"line":1,"column":0},"end":{"line":1,"column":46}},"1":{"start":{"line":2,"column":0},"end":{"line":2,"column":34}},"2":{"start":{"line":3,"column":0},"end":{"line":3,"column":null}},"3":{"start":{"line":39,"column":4},"end":{"line":43,"column":6}},"4":{"start":{"line":60,"column":4},"end":{"line":64,"column":6}},"5":{"start":{"line":81,"column":4},"end":{"line":85,"column":6}},"6":{"start":{"line":102,"column":4},"end":{"line":111,"column":7}},"7":{"start":{"line":110,"column":31},"end":{"line":110,"column":35}},"8":{"start":{"line":22,"column":0},"end":{"line":22,"column":13}}},"fnMap":{"0":{"name":"(anonymous_0)","decl":{"start":{"line":36,"column":2},"end":{"line":36,"column":7}},"loc":{"start":{"line":37,"column":43},"end":{"line":44,"column":3}}},"1":{"name":"(anonymous_1)","decl":{"start":{"line":57,"column":2},"end":{"line":57,"column":7}},"loc":{"start":{"line":58,"column":48},"end":{"line":65,"column":3}}},"2":{"name":"(anonymous_2)","decl":{"start":{"line":77,"column":2},"end":{"line":77,"column":7}},"loc":{"start":{"line":79,"column":29},"end":{"line":86,"column":3}}},"3":{"name":"(anonymous_3)","decl":{"start":{"line":97,"column":2},"end":{"line":97,"column":7}},"loc":{"start":{"line":100,"column":44},"end":{"line":112,"column":3}}},"4":{"name":"(anonymous_4)","decl":{"start":{"line":110,"column":21},"end":{"line":110,"column":22}},"loc":{"start":{"line":110,"column":31},"end":{"line":110,"column":35}}},"5":{"name":"(anonymous_5)","decl":{"start":{"line":123,"column":2},"end":{"line":123,"column":7}},"loc":{"start":{"line":126,"column":17},"end":{"line":139,"column":3}}}},"branchMap":{"0":{"loc":{"start":{"line":100,"column":4},"end":{"line":100,"column":44}},"type":"default-arg","locations":[{"start":{"line":100,"column":27},"end":{"line":100,"column":44}}]}},"s":{"0":4,"1":4,"2":4,"3":1,"4":1,"5":1,"6":1,"7":1,"8":4},"f":{"0":1,"1":1,"2":1,"3":1,"4":1,"5":0},"b":{"0":[0]}}
,"/home/alexxgrib/Projects/qiwi-api/src/apis/wallet/payments.api.ts": {"path":"/home/alexxgrib/Projects/qiwi-api/src/apis/wallet/payments.api.ts","statementMap":{"0":{"start":{"line":1,"column":0},"end":{"line":1,"column":54}},"1":{"start":{"line":2,"column":0},"end":{"line":2,"column":46}},"2":{"start":{"line":3,"column":0},"end":{"line":3,"column":34}},"3":{"start":{"line":4,"column":0},"end":{"line":4,"column":null}},"4":{"start":{"line":44,"column":26},"end":{"line":58,"column":null}},"5":{"start":{"line":61,"column":4},"end":{"line":61,"column":40}},"6":{"start":{"line":77,"column":17},"end":{"line":80,"column":13}},"7":{"start":{"line":82,"column":4},"end":{"line":85,"column":null}},"8":{"start":{"line":83,"column":6},"end":{"line":83,"column":54}},"9":{"start":{"line":84,"column":6},"end":{"line":84,"column":84}},"10":{"start":{"line":87,"column":4},"end":{"line":87,"column":68}},"11":{"start":{"line":87,"column":25},"end":{"line":87,"column":68}},"12":{"start":{"line":88,"column":4},"end":{"line":88,"column":68}},"13":{"start":{"line":88,"column":25},"end":{"line":88,"column":68}},"14":{"start":{"line":90,"column":4},"end":{"line":90,"column":80}},"15":{"start":{"line":90,"column":29},"end":{"line":90,"column":80}},"16":{"start":{"line":92,"column":4},"end":{"line":92,"column":56}},"17":{"start":{"line":92,"column":25},"end":{"line":92,"column":56}},"18":{"start":{"line":94,"column":4},"end":{"line":94,"column":82}},"19":{"start":{"line":109,"column":18},"end":{"line":109,"column":33}},"20":{"start":{"line":111,"column":4},"end":{"line":113,"column":null}},"21":{"start":{"line":112,"column":6},"end":{"line":112,"column":41}},"22":{"start":{"line":115,"column":4},"end":{"line":115,"column":78}},"23":{"start":{"line":136,"column":4},"end":{"line":151,"column":7}},"24":{"start":{"line":175,"column":4},"end":{"line":175,"column":62}},"25":{"start":{"line":177,"column":4},"end":{"line":184,"column":null}},"26":{"start":{"line":178,"column":25},"end":{"line":181,"column":8}},"27":{"start":{"line":183,"column":6},"end":{"line":183,"column":27}},"28":{"start":{"line":186,"column":4},"end":{"line":194,"column":7}},"29":{"start":{"line":211,"column":4},"end":{"line":211,"column":54}},"30":{"start":{"line":211,"column":38},"end":{"line":211,"column":54}},"31":{"start":{"line":213,"column":21},"end":{"line":213,"column":38}},"32":{"start":{"line":215,"column":4},"end":{"line":235,"column":null}},"33":{"start":{"line":216,"column":6},"end":{"line":216,"column":63}},"34":{"start":{"line":218,"column":6},"end":{"line":232,"column":null}},"35":{"start":{"line":221,"column":10},"end":{"line":221,"column":69}},"36":{"start":{"line":225,"column":10},"end":{"line":225,"column":64}},"37":{"start":{"line":228,"column":10},"end":{"line":228,"column":33}},"38":{"start":{"line":231,"column":10},"end":{"line":231,"column":37}},"39":{"start":{"line":234,"column":6},"end":{"line":234,"column":33}},"40":{"start":{"line":23,"column":0},"end":{"line":23,"column":13}}},"fnMap":{"0":{"name":"(anonymous_0)","decl":{"start":{"line":38,"column":2},"end":{"line":38,"column":7}},"loc":{"start":{"line":42,"column":75},"end":{"line":62,"column":3}}},"1":{"name":"(anonymous_1)","decl":{"start":{"line":73,"column":2},"end":{"line":73,"column":8}},"loc":{"start":{"line":75,"column":32},"end":{"line":95,"column":3}}},"2":{"name":"(anonymous_2)","decl":{"start":{"line":105,"column":2},"end":{"line":105,"column":15}},"loc":{"start":{"line":107,"column":32},"end":{"line":116,"column":3}}},"3":{"name":"(anonymous_3)","decl":{"start":{"line":127,"column":2},"end":{"line":127,"column":7}},"loc":{"start":{"line":135,"column":18},"end":{"line":152,"column":3}}},"4":{"name":"(anonymous_4)","decl":{"start":{"line":165,"column":2},"end":{"line":165,"column":7}},"loc":{"start":{"line":174,"column":23},"end":{"line":195,"column":3}}},"5":{"name":"(anonymous_5)","decl":{"start":{"line":207,"column":12},"end":{"line":207,"column":17}},"loc":{"start":{"line":209,"column":19},"end":{"line":239,"column":3}}}},"branchMap":{"0":{"loc":{"start":{"line":42,"column":4},"end":{"line":42,"column":75}},"type":"default-arg","locations":[{"start":{"line":42,"column":73},"end":{"line":42,"column":75}}]},"1":{"loc":{"start":{"line":42,"column":6},"end":{"line":42,"column":36}},"type":"default-arg","locations":[{"start":{"line":42,"column":24},"end":{"line":42,"column":36}}]},"2":{"loc":{"start":{"line":42,"column":38},"end":{"line":42,"column":68}},"type":"default-arg","locations":[{"start":{"line":42,"column":56},"end":{"line":42,"column":68}}]},"3":{"loc":{"start":{"line":75,"column":4},"end":{"line":75,"column":32}},"type":"default-arg","locations":[{"start":{"line":75,"column":30},"end":{"line":75,"column":32}}]},"4":{"loc":{"start":{"line":82,"column":4},"end":{"line":85,"column":null}},"type":"if","locations":[{"start":{"line":82,"column":4},"end":{"line":85,"column":null}}]},"5":{"loc":{"start":{"line":87,"column":4},"end":{"line":87,"column":68}},"type":"if","locations":[{"start":{"line":87,"column":4},"end":{"line":87,"column":68}}]},"6":{"loc":{"start":{"line":88,"column":4},"end":{"line":88,"column":68}},"type":"if","locations":[{"start":{"line":88,"column":4},"end":{"line":88,"column":68}}]},"7":{"loc":{"start":{"line":90,"column":4},"end":{"line":90,"column":80}},"type":"if","locations":[{"start":{"line":90,"column":4},"end":{"line":90,"column":80}}]},"8":{"loc":{"start":{"line":92,"column":4},"end":{"line":92,"column":56}},"type":"if","locations":[{"start":{"line":92,"column":4},"end":{"line":92,"column":56}}]},"9":{"loc":{"start":{"line":107,"column":4},"end":{"line":107,"column":32}},"type":"default-arg","locations":[{"start":{"line":107,"column":30},"end":{"line":107,"column":32}}]},"10":{"loc":{"start":{"line":111,"column":4},"end":{"line":113,"column":null}},"type":"if","locations":[{"start":{"line":111,"column":4},"end":{"line":113,"column":null}}]},"11":{"loc":{"start":{"line":111,"column":8},"end":{"line":111,"column":61}},"type":"binary-expr","locations":[{"start":{"line":111,"column":8},"end":{"line":111,"column":29}},{"start":{"line":111,"column":33},"end":{"line":111,"column":61}}]},"12":{"loc":{"start":{"line":130,"column":4},"end":{"line":130,"column":30}},"type":"default-arg","locations":[{"start":{"line":130,"column":15},"end":{"line":130,"column":30}}]},"13":{"loc":{"start":{"line":131,"column":4},"end":{"line":131,"column":16}},"type":"default-arg","locations":[{"start":{"line":131,"column":14},"end":{"line":131,"column":16}}]},"14":{"loc":{"start":{"line":132,"column":4},"end":{"line":132,"column":27}},"type":"default-arg","locations":[{"start":{"line":132,"column":15},"end":{"line":132,"column":27}}]},"15":{"loc":{"start":{"line":133,"column":4},"end":{"line":133,"column":15}},"type":"default-arg","locations":[{"start":{"line":133,"column":13},"end":{"line":133,"column":15}}]},"16":{"loc":{"start":{"line":134,"column":4},"end":{"line":134,"column":34}},"type":"default-arg","locations":[{"start":{"line":134,"column":22},"end":{"line":134,"column":34}}]},"17":{"loc":{"start":{"line":150,"column":10},"end":{"line":150,"column":32}},"type":"binary-expr","locations":[{"start":{"line":150,"column":10},"end":{"line":150,"column":17}},{"start":{"line":150,"column":21},"end":{"line":150,"column":32}}]},"18":{"loc":{"start":{"line":168,"column":4},"end":{"line":168,"column":44}},"type":"default-arg","locations":[{"start":{"line":168,"column":22},"end":{"line":168,"column":44}}]},"19":{"loc":{"start":{"line":169,"column":4},"end":{"line":169,"column":30}},"type":"default-arg","locations":[{"start":{"line":169,"column":15},"end":{"line":169,"column":30}}]},"20":{"loc":{"start":{"line":170,"column":4},"end":{"line":170,"column":16}},"type":"default-arg","locations":[{"start":{"line":170,"column":14},"end":{"line":170,"column":16}}]},"21":{"loc":{"start":{"line":171,"column":4},"end":{"line":171,"column":27}},"type":"default-arg","locations":[{"start":{"line":171,"column":15},"end":{"line":171,"column":27}}]},"22":{"loc":{"start":{"line":172,"column":4},"end":{"line":172,"column":15}},"type":"default-arg","locations":[{"start":{"line":172,"column":13},"end":{"line":172,"column":15}}]},"23":{"loc":{"start":{"line":173,"column":4},"end":{"line":173,"column":34}},"type":"default-arg","locations":[{"start":{"line":173,"column":22},"end":{"line":173,"column":34}}]},"24":{"loc":{"start":{"line":177,"column":4},"end":{"line":184,"column":null}},"type":"if","locations":[{"start":{"line":177,"column":4},"end":{"line":184,"column":null}}]},"25":{"loc":{"start":{"line":211,"column":4},"end":{"line":211,"column":54}},"type":"if","locations":[{"start":{"line":211,"column":4},"end":{"line":211,"column":54}}]},"26":{"loc":{"start":{"line":218,"column":6},"end":{"line":232,"column":null}},"type":"switch","locations":[{"start":{"line":219,"column":8},"end":{"line":219,"column":20}},{"start":{"line":220,"column":8},"end":{"line":221,"column":69}},{"start":{"line":223,"column":8},"end":{"line":223,"column":21}},{"start":{"line":224,"column":8},"end":{"line":225,"column":64}},{"start":{"line":227,"column":8},"end":{"line":228,"column":33}},{"start":{"line":230,"column":8},"end":{"line":231,"column":37}}]}},"s":{"0":4,"1":4,"2":4,"3":4,"4":2,"5":2,"6":4,"7":4,"8":2,"9":2,"10":4,"11":1,"12":4,"13":3,"14":4,"15":0,"16":4,"17":1,"18":4,"19":4,"20":4,"21":3,"22":4,"23":6,"24":5,"25":5,"26":1,"27":1,"28":5,"29":5,"30":1,"31":4,"32":4,"33":4,"34":4,"35":1,"36":1,"37":1,"38":1,"39":4,"40":4},"f":{"0":2,"1":4,"2":4,"3":6,"4":5,"5":5},"b":{"0":[1],"1":[1],"2":[1],"3":[0],"4":[2],"5":[1],"6":[3],"7":[0],"8":[1],"9":[0],"10":[3],"11":[4,4],"12":[0],"13":[0],"14":[0],"15":[0],"16":[1],"17":[6,2],"18":[4],"19":[0],"20":[4],"21":[5],"22":[5],"23":[4],"24":[1],"25":[1],"26":[1,1,1,1,1,1]}}
,"/home/alexxgrib/Projects/qiwi-api/src/apis/wallet/person-profile.api.ts": {"path":"/home/alexxgrib/Projects/qiwi-api/src/apis/wallet/person-profile.api.ts","statementMap":{"0":{"start":{"line":1,"column":0},"end":{"line":1,"column":34}},"1":{"start":{"line":23,"column":4},"end":{"line":23,"column":68}},"2":{"start":{"line":12,"column":0},"end":{"line":12,"column":13}}},"fnMap":{"0":{"name":"(anonymous_0)","decl":{"start":{"line":22,"column":2},"end":{"line":22,"column":7}},"loc":{"start":{"line":22,"column":18},"end":{"line":24,"column":3}}}},"branchMap":{},"s":{"0":4,"1":2,"2":4},"f":{"0":2},"b":{}}
,"/home/alexxgrib/Projects/qiwi-api/src/apis/wallet/providers.api.ts": {"path":"/home/alexxgrib/Projects/qiwi-api/src/apis/wallet/providers.api.ts","statementMap":{"0":{"start":{"line":1,"column":0},"end":{"line":1,"column":34}},"1":{"start":{"line":24,"column":4},"end":{"line":24,"column":79}},"2":{"start":{"line":12,"column":0},"end":{"line":12,"column":13}}},"fnMap":{"0":{"name":"(anonymous_0)","decl":{"start":{"line":23,"column":2},"end":{"line":23,"column":7}},"loc":{"start":{"line":23,"column":34},"end":{"line":25,"column":3}}}},"branchMap":{},"s":{"0":4,"1":1,"2":4},"f":{"0":1},"b":{}}
,"/home/alexxgrib/Projects/qiwi-api/src/apis/wallet/restrictions.api.ts": {"path":"/home/alexxgrib/Projects/qiwi-api/src/apis/wallet/restrictions.api.ts","statementMap":{"0":{"start":{"line":1,"column":0},"end":{"line":1,"column":34}},"1":{"start":{"line":25,"column":4},"end":{"line":27,"column":6}},"2":{"start":{"line":12,"column":0},"end":{"line":12,"column":13}}},"fnMap":{"0":{"name":"(anonymous_0)","decl":{"start":{"line":24,"column":2},"end":{"line":24,"column":7}},"loc":{"start":{"line":24,"column":11},"end":{"line":28,"column":3}}}},"branchMap":{},"s":{"0":4,"1":1,"2":4},"f":{"0":1},"b":{}}
,"/home/alexxgrib/Projects/qiwi-api/src/apis/wallet/wallet.ts": {"path":"/home/alexxgrib/Projects/qiwi-api/src/apis/wallet/wallet.ts","statementMap":{"0":{"start":{"line":1,"column":0},"end":{"line":1,"column":64}},"1":{"start":{"line":3,"column":0},"end":{"line":3,"column":45}},"2":{"start":{"line":4,"column":0},"end":{"line":4,"column":45}},"3":{"start":{"line":5,"column":0},"end":{"line":5,"column":64}},"4":{"start":{"line":6,"column":0},"end":{"line":6,"column":63}},"5":{"start":{"line":7,"column":0},"end":{"line":7,"column":47}},"6":{"start":{"line":8,"column":0},"end":{"line":8,"column":64}},"7":{"start":{"line":9,"column":0},"end":{"line":9,"column":51}},"8":{"start":{"line":10,"column":0},"end":{"line":10,"column":62}},"9":{"start":{"line":11,"column":0},"end":{"line":11,"column":59}},"10":{"start":{"line":13,"column":0},"end":{"line":13,"column":51}},"11":{"start":{"line":15,"column":0},"end":{"line":15,"column":null}},"12":{"start":{"line":30,"column":0},"end":{"line":30,"column":40}},"13":{"start":{"line":31,"column":0},"end":{"line":31,"column":44}},"14":{"start":{"line":32,"column":0},"end":{"line":32,"column":48}},"15":{"start":{"line":33,"column":0},"end":{"line":33,"column":34}},"16":{"start":{"line":34,"column":0},"end":{"line":34,"column":53}},"17":{"start":{"line":169,"column":4},"end":{"line":169,"column":37}},"18":{"start":{"line":172,"column":11},"end":{"line":172,"column":70}},"19":{"start":{"line":173,"column":11},"end":{"line":173,"column":72}},"20":{"start":{"line":174,"column":11},"end":{"line":174,"column":56}},"21":{"start":{"line":175,"column":11},"end":{"line":175,"column":68}},"22":{"start":{"line":176,"column":11},"end":{"line":176,"column":72}},"23":{"start":{"line":177,"column":11},"end":{"line":177,"column":72}},"24":{"start":{"line":178,"column":11},"end":{"line":178,"column":54}},"25":{"start":{"line":179,"column":11},"end":{"line":179,"column":60}},"26":{"start":{"line":180,"column":11},"end":{"line":180,"column":54}},"27":{"start":{"line":181,"column":11},"end":{"line":181,"column":60}},"28":{"start":{"line":182,"column":11},"end":{"line":182,"column":62}},"29":{"start":{"line":116,"column":4},"end":{"line":120,"column":7}},"30":{"start":{"line":144,"column":38},"end":{"line":148,"column":6}},"31":{"start":{"line":150,"column":4},"end":{"line":150,"column":30}},"32":{"start":{"line":152,"column":29},"end":{"line":152,"column":63}},"33":{"start":{"line":153,"column":20},"end":{"line":153,"column":55}},"34":{"start":{"line":154,"column":21},"end":{"line":154,"column":63}},"35":{"start":{"line":156,"column":4},"end":{"line":156,"column":46}},"36":{"start":{"line":190,"column":46},"end":{"line":198,"column":6}},"37":{"start":{"line":200,"column":39},"end":{"line":209,"column":6}},"38":{"start":{"line":211,"column":21},"end":{"line":211,"column":33}},"39":{"start":{"line":213,"column":41},"end":{"line":222,"column":6}},"40":{"start":{"line":224,"column":56},"end":{"line":224,"column":69}},"41":{"start":{"line":226,"column":4},"end":{"line":233,"column":6}},"42":{"start":{"line":54,"column":0},"end":{"line":54,"column":13}},"43":{"start":{"line":55,"column":18},"end":{"line":55,"column":72}},"44":{"start":{"line":56,"column":18},"end":{"line":56,"column":52}},"45":{"start":{"line":57,"column":18},"end":{"line":57,"column":56}},"46":{"start":{"line":58,"column":18},"end":{"line":58,"column":38}},"47":{"start":{"line":59,"column":18},"end":{"line":59,"column":46}},"48":{"start":{"line":60,"column":18},"end":{"line":60,"column":42}},"49":{"start":{"line":61,"column":18},"end":{"line":61,"column":62}},"50":{"start":{"line":62,"column":18},"end":{"line":62,"column":40}},"51":{"start":{"line":63,"column":18},"end":{"line":63,"column":42}},"52":{"start":{"line":64,"column":18},"end":{"line":64,"column":54}},"53":{"start":{"line":66,"column":18},"end":{"line":66,"column":60}},"54":{"start":{"line":67,"column":18},"end":{"line":67,"column":62}},"55":{"start":{"line":68,"column":18},"end":{"line":68,"column":46}},"56":{"start":{"line":69,"column":18},"end":{"line":69,"column":58}},"57":{"start":{"line":70,"column":18},"end":{"line":70,"column":62}},"58":{"start":{"line":71,"column":18},"end":{"line":71,"column":62}},"59":{"start":{"line":72,"column":18},"end":{"line":72,"column":44}},"60":{"start":{"line":73,"column":18},"end":{"line":73,"column":50}},"61":{"start":{"line":74,"column":18},"end":{"line":74,"column":44}},"62":{"start":{"line":75,"column":18},"end":{"line":75,"column":50}},"63":{"start":{"line":76,"column":18},"end":{"line":76,"column":52}},"64":{"start":{"line":86,"column":9},"end":{"line":104,"column":4}},"65":{"start":{"line":87,"column":17},"end":{"line":87,"column":37}},"66":{"start":{"line":89,"column":4},"end":{"line":101,"column":6}},"67":{"start":{"line":103,"column":4},"end":{"line":103,"column":16}}},"fnMap":{"0":{"name":"(anonymous_0)","decl":{"start":{"line":164,"column":2},"end":{"line":164,"column":14}},"loc":{"start":{"line":168,"column":35},"end":{"line":170,"column":3}}},"1":{"name":"(anonymous_1)","decl":{"start":{"line":115,"column":2},"end":{"line":115,"column":8}},"loc":{"start":{"line":115,"column":44},"end":{"line":121,"column":3}}},"2":{"name":"(anonymous_2)","decl":{"start":{"line":140,"column":2},"end":{"line":140,"column":8}},"loc":{"start":{"line":142,"column":56},"end":{"line":157,"column":3}}},"3":{"name":"(anonymous_3)","decl":{"start":{"line":189,"column":2},"end":{"line":189,"column":7}},"loc":{"start":{"line":189,"column":24},"end":{"line":234,"column":3}}},"4":{"name":"(anonymous_4)","decl":{"start":{"line":86,"column":29},"end":{"line":86,"column":30}},"loc":{"start":{"line":86,"column":63},"end":{"line":104,"column":3}}}},"branchMap":{"0":{"loc":{"start":{"line":164,"column":14},"end":{"line":168,"column":35}},"type":"default-arg","locations":[{"start":{"line":168,"column":33},"end":{"line":168,"column":35}}]},"1":{"loc":{"start":{"line":165,"column":4},"end":{"line":165,"column":14}},"type":"default-arg","locations":[{"start":{"line":165,"column":12},"end":{"line":165,"column":14}}]},"2":{"loc":{"start":{"line":166,"column":4},"end":{"line":166,"column":17}},"type":"default-arg","locations":[{"start":{"line":166,"column":15},"end":{"line":166,"column":17}}]},"3":{"loc":{"start":{"line":167,"column":4},"end":{"line":167,"column":42}},"type":"default-arg","locations":[{"start":{"line":167,"column":11},"end":{"line":167,"column":42}}]},"4":{"loc":{"start":{"line":115,"column":31},"end":{"line":115,"column":44}},"type":"default-arg","locations":[{"start":{"line":115,"column":42},"end":{"line":115,"column":44}}]},"5":{"loc":{"start":{"line":142,"column":4},"end":{"line":142,"column":56}},"type":"default-arg","locations":[{"start":{"line":142,"column":54},"end":{"line":142,"column":56}}]},"6":{"loc":{"start":{"line":150,"column":4},"end":{"line":150,"column":29}},"type":"cond-expr","locations":[{"start":{"line":150,"column":13},"end":{"line":150,"column":16}},{"start":{"line":150,"column":4},"end":{"line":150,"column":29}}]},"7":{"loc":{"start":{"line":150,"column":4},"end":{"line":150,"column":16}},"type":"binary-expr","locations":[{"start":{"line":150,"column":4},"end":{"line":150,"column":16}},{"start":{"line":150,"column":4},"end":{"line":150,"column":16}}]}},"s":{"0":4,"1":4,"2":4,"3":4,"4":4,"5":4,"6":4,"7":4,"8":4,"9":4,"10":4,"11":4,"12":4,"13":4,"14":4,"15":4,"16":4,"17":5,"18":5,"19":5,"20":5,"21":5,"22":5,"23":5,"24":5,"25":5,"26":5,"27":5,"28":5,"29":1,"30":1,"31":1,"32":1,"33":1,"34":1,"35":1,"36":1,"37":1,"38":1,"39":1,"40":1,"41":1,"42":4,"43":4,"44":4,"45":4,"46":4,"47":4,"48":4,"49":4,"50":4,"51":4,"52":4,"53":4,"54":4,"55":4,"56":4,"57":4,"58":4,"59":4,"60":4,"61":4,"62":4,"63":4,"64":4,"65":4,"66":4,"67":4},"f":{"0":5,"1":1,"2":1,"3":1,"4":4},"b":{"0":[0],"1":[0],"2":[0],"3":[0],"4":[1],"5":[1],"6":[1,0],"7":[1,1]}}
,"/home/alexxgrib/Projects/qiwi-api/src/apis/wallet/wallet.types.ts": {"path":"/home/alexxgrib/Projects/qiwi-api/src/apis/wallet/wallet.types.ts","statementMap":{"0":{"start":{"line":3,"column":0},"end":{"line":3,"column":null}},"1":{"start":{"line":5,"column":2},"end":{"line":5,"column":null}},"2":{"start":{"line":7,"column":2},"end":{"line":7,"column":null}},"3":{"start":{"line":11,"column":2},"end":{"line":11,"column":null}},"4":{"start":{"line":16,"column":2},"end":{"line":16,"column":null}},"5":{"start":{"line":24,"column":0},"end":{"line":24,"column":null}},"6":{"start":{"line":26,"column":2},"end":{"line":26,"column":null}},"7":{"start":{"line":28,"column":2},"end":{"line":28,"column":null}},"8":{"start":{"line":30,"column":2},"end":{"line":30,"column":null}},"9":{"start":{"line":32,"column":2},"end":{"line":32,"column":null}},"10":{"start":{"line":39,"column":0},"end":{"line":39,"column":null}},"11":{"start":{"line":41,"column":2},"end":{"line":41,"column":null}},"12":{"start":{"line":43,"column":2},"end":{"line":43,"column":null}},"13":{"start":{"line":45,"column":2},"end":{"line":45,"column":null}},"14":{"start":{"line":51,"column":0},"end":{"line":51,"column":null}},"15":{"start":{"line":53,"column":2},"end":{"line":53,"column":null}},"16":{"start":{"line":55,"column":2},"end":{"line":55,"column":null}},"17":{"start":{"line":57,"column":2},"end":{"line":57,"column":null}},"18":{"start":{"line":59,"column":2},"end":{"line":59,"column":null}},"19":{"start":{"line":73,"column":0},"end":{"line":73,"column":null}},"20":{"start":{"line":74,"column":2},"end":{"line":74,"column":null}},"21":{"start":{"line":75,"column":2},"end":{"line":75,"column":null}},"22":{"start":{"line":81,"column":0},"end":{"line":81,"column":null}},"23":{"start":{"line":83,"column":2},"end":{"line":83,"column":null}},"24":{"start":{"line":85,"column":2},"end":{"line":85,"column":null}},"25":{"start":{"line":87,"column":2},"end":{"line":87,"column":null}},"26":{"start":{"line":89,"column":2},"end":{"line":89,"column":null}},"27":{"start":{"line":91,"column":2},"end":{"line":91,"column":null}},"28":{"start":{"line":93,"column":2},"end":{"line":93,"column":null}},"29":{"start":{"line":95,"column":2},"end":{"line":95,"column":null}},"30":{"start":{"line":98,"column":2},"end":{"line":98,"column":null}},"31":{"start":{"line":100,"column":2},"end":{"line":100,"column":null}},"32":{"start":{"line":102,"column":2},"end":{"line":102,"column":null}},"33":{"start":{"line":104,"column":2},"end":{"line":104,"column":null}},"34":{"start":{"line":106,"column":2},"end":{"line":106,"column":null}},"35":{"start":{"line":108,"column":2},"end":{"line":108,"column":null}},"36":{"start":{"line":110,"column":2},"end":{"line":110,"column":null}},"37":{"start":{"line":112,"column":2},"end":{"line":112,"column":null}},"38":{"start":{"line":114,"column":2},"end":{"line":114,"column":null}},"39":{"start":{"line":116,"column":2},"end":{"line":116,"column":null}},"40":{"start":{"line":118,"column":2},"end":{"line":118,"column":null}},"41":{"start":{"line":120,"column":2},"end":{"line":120,"column":null}},"42":{"start":{"line":122,"column":2},"end":{"line":122,"column":null}},"43":{"start":{"line":124,"column":2},"end":{"line":124,"column":null}},"44":{"start":{"line":126,"column":2},"end":{"line":126,"column":null}},"45":{"start":{"line":128,"column":2},"end":{"line":128,"column":null}},"46":{"start":{"line":130,"column":2},"end":{"line":130,"column":null}},"47":{"start":{"line":132,"column":2},"end":{"line":132,"column":null}},"48":{"start":{"line":134,"column":2},"end":{"line":134,"column":null}},"49":{"start":{"line":137,"column":2},"end":{"line":137,"column":null}},"50":{"start":{"line":138,"column":2},"end":{"line":138,"column":null}},"51":{"start":{"line":146,"column":2},"end":{"line":146,"column":null}},"52":{"start":{"line":149,"column":2},"end":{"line":149,"column":null}},"53":{"start":{"line":152,"column":2},"end":{"line":152,"column":null}},"54":{"start":{"line":160,"column":2},"end":{"line":160,"column":null}},"55":{"start":{"line":168,"column":2},"end":{"line":168,"column":null}},"56":{"start":{"line":171,"column":2},"end":{"line":171,"column":null}},"57":{"start":{"line":172,"column":2},"end":{"line":172,"column":null}},"58":{"start":{"line":174,"column":2},"end":{"line":174,"column":null}},"59":{"start":{"line":175,"column":2},"end":{"line":175,"column":null}},"60":{"start":{"line":384,"column":0},"end":{"line":384,"column":null}},"61":{"start":{"line":388,"column":2},"end":{"line":388,"column":null}},"62":{"start":{"line":392,"column":2},"end":{"line":392,"column":null}},"63":{"start":{"line":396,"column":2},"end":{"line":396,"column":null}},"64":{"start":{"line":401,"column":2},"end":{"line":401,"column":null}},"65":{"start":{"line":406,"column":2},"end":{"line":406,"column":null}},"66":{"start":{"line":669,"column":0},"end":{"line":669,"column":null}},"67":{"start":{"line":671,"column":2},"end":{"line":671,"column":null}},"68":{"start":{"line":674,"column":2},"end":{"line":674,"column":null}},"69":{"start":{"line":677,"column":2},"end":{"line":677,"column":null}},"70":{"start":{"line":680,"column":2},"end":{"line":680,"column":null}},"71":{"start":{"line":683,"column":2},"end":{"line":683,"column":null}},"72":{"start":{"line":686,"column":2},"end":{"line":686,"column":null}},"73":{"start":{"line":923,"column":0},"end":{"line":923,"column":null}},"74":{"start":{"line":925,"column":2},"end":{"line":925,"column":null}},"75":{"start":{"line":928,"column":2},"end":{"line":928,"column":null}},"76":{"start":{"line":931,"column":2},"end":{"line":931,"column":null}},"77":{"start":{"line":934,"column":2},"end":{"line":934,"column":null}},"78":{"start":{"line":937,"column":2},"end":{"line":937,"column":null}},"79":{"start":{"line":1073,"column":0},"end":{"line":1073,"column":null}},"80":{"start":{"line":1074,"column":2},"end":{"line":1074,"column":null}},"81":{"start":{"line":1075,"column":2},"end":{"line":1075,"column":null}},"82":{"start":{"line":1076,"column":2},"end":{"line":1076,"column":null}},"83":{"start":{"line":1077,"column":2},"end":{"line":1077,"column":null}},"84":{"start":{"line":1249,"column":0},"end":{"line":1249,"column":null}},"85":{"start":{"line":1250,"column":2},"end":{"line":1250,"column":null}},"86":{"start":{"line":1251,"column":2},"end":{"line":1251,"column":null}},"87":{"start":{"line":1257,"column":0},"end":{"line":1257,"column":null}},"88":{"start":{"line":1258,"column":2},"end":{"line":1258,"column":null}},"89":{"start":{"line":1259,"column":2},"end":{"line":1259,"column":null}}},"fnMap":{"0":{"name":"(anonymous_0)","decl":{"start":{"line":3,"column":0},"end":{"line":3,"column":12}},"loc":{"start":{"line":3,"column":37},"end":{"line":17,"column":1}}},"1":{"name":"(anonymous_1)","decl":{"start":{"line":24,"column":0},"end":{"line":24,"column":12}},"loc":{"start":{"line":24,"column":27},"end":{"line":33,"column":1}}},"2":{"name":"(anonymous_2)","decl":{"start":{"line":39,"column":0},"end":{"line":39,"column":12}},"loc":{"start":{"line":39,"column":29},"end":{"line":46,"column":1}}},"3":{"name":"(anonymous_3)","decl":{"start":{"line":51,"column":0},"end":{"line":51,"column":12}},"loc":{"start":{"line":51,"column":20},"end":{"line":60,"column":1}}},"4":{"name":"(anonymous_4)","decl":{"start":{"line":73,"column":0},"end":{"line":73,"column":12}},"loc":{"start":{"line":73,"column":24},"end":{"line":76,"column":1}}},"5":{"name":"(anonymous_5)","decl":{"start":{"line":81,"column":0},"end":{"line":81,"column":12}},"loc":{"start":{"line":81,"column":22},"end":{"line":176,"column":1}}},"6":{"name":"(anonymous_6)","decl":{"start":{"line":384,"column":0},"end":{"line":384,"column":12}},"loc":{"start":{"line":384,"column":32},"end":{"line":407,"column":1}}},"7":{"name":"(anonymous_7)","decl":{"start":{"line":669,"column":0},"end":{"line":669,"column":12}},"loc":{"start":{"line":669,"column":21},"end":{"line":687,"column":1}}},"8":{"name":"(anonymous_8)","decl":{"start":{"line":923,"column":0},"end":{"line":923,"column":12}},"loc":{"start":{"line":923,"column":22},"end":{"line":938,"column":1}}},"9":{"name":"(anonymous_9)","decl":{"start":{"line":1073,"column":0},"end":{"line":1073,"column":12}},"loc":{"start":{"line":1073,"column":28},"end":{"line":1078,"column":1}}},"10":{"name":"(anonymous_10)","decl":{"start":{"line":1249,"column":0},"end":{"line":1249,"column":12}},"loc":{"start":{"line":1249,"column":27},"end":{"line":1252,"column":1}}},"11":{"name":"(anonymous_11)","decl":{"start":{"line":1257,"column":0},"end":{"line":1257,"column":12}},"loc":{"start":{"line":1257,"column":30},"end":{"line":1260,"column":1}}}},"branchMap":{"0":{"loc":{"start":{"line":3,"column":12},"end":{"line":3,"column":null}},"type":"binary-expr","locations":[{"start":{"line":3,"column":12},"end":{"line":3,"column":37}},{"start":{"line":3,"column":12},"end":{"line":3,"column":null}}]},"1":{"loc":{"start":{"line":24,"column":12},"end":{"line":24,"column":null}},"type":"binary-expr","locations":[{"start":{"line":24,"column":12},"end":{"line":24,"column":27}},{"start":{"line":24,"column":12},"end":{"line":24,"column":null}}]},"2":{"loc":{"start":{"line":39,"column":12},"end":{"line":39,"column":null}},"type":"binary-expr","locations":[{"start":{"line":39,"column":12},"end":{"line":39,"column":29}},{"start":{"line":39,"column":12},"end":{"line":39,"column":null}}]},"3":{"loc":{"start":{"line":51,"column":12},"end":{"line":51,"column":null}},"type":"binary-expr","locations":[{"start":{"line":51,"column":12},"end":{"line":51,"column":20}},{"start":{"line":51,"column":12},"end":{"line":51,"column":null}}]},"4":{"loc":{"start":{"line":73,"column":12},"end":{"line":73,"column":null}},"type":"binary-expr","locations":[{"start":{"line":73,"column":12},"end":{"line":73,"column":24}},{"start":{"line":73,"column":12},"end":{"line":73,"column":null}}]},"5":{"loc":{"start":{"line":81,"column":12},"end":{"line":81,"column":null}},"type":"binary-expr","locations":[{"start":{"line":81,"column":12},"end":{"line":81,"column":22}},{"start":{"line":81,"column":12},"end":{"line":81,"column":null}}]},"6":{"loc":{"start":{"line":384,"column":12},"end":{"line":384,"column":null}},"type":"binary-expr","locations":[{"start":{"line":384,"column":12},"end":{"line":384,"column":32}},{"start":{"line":384,"column":12},"end":{"line":384,"column":null}}]},"7":{"loc":{"start":{"line":669,"column":12},"end":{"line":669,"column":null}},"type":"binary-expr","locations":[{"start":{"line":669,"column":12},"end":{"line":669,"column":21}},{"start":{"line":669,"column":12},"end":{"line":669,"column":null}}]},"8":{"loc":{"start":{"line":923,"column":12},"end":{"line":923,"column":null}},"type":"binary-expr","locations":[{"start":{"line":923,"column":12},"end":{"line":923,"column":22}},{"start":{"line":923,"column":12},"end":{"line":923,"column":null}}]},"9":{"loc":{"start":{"line":1073,"column":12},"end":{"line":1073,"column":null}},"type":"binary-expr","locations":[{"start":{"line":1073,"column":12},"end":{"line":1073,"column":28}},{"start":{"line":1073,"column":12},"end":{"line":1073,"column":null}}]},"10":{"loc":{"start":{"line":1249,"column":12},"end":{"line":1249,"column":null}},"type":"binary-expr","locations":[{"start":{"line":1249,"column":12},"end":{"line":1249,"column":27}},{"start":{"line":1249,"column":12},"end":{"line":1249,"column":null}}]},"11":{"loc":{"start":{"line":1257,"column":12},"end":{"line":1257,"column":null}},"type":"binary-expr","locations":[{"start":{"line":1257,"column":12},"end":{"line":1257,"column":30}},{"start":{"line":1257,"column":12},"end":{"line":1257,"column":null}}]}},"s":{"0":4,"1":4,"2":4,"3":4,"4":4,"5":4,"6":4,"7":4,"8":4,"9":4,"10":4,"11":4,"12":4,"13":4,"14":4,"15":4,"16":4,"17":4,"18":4,"19":4,"20":4,"21":4,"22":4,"23":4,"24":4,"25":4,"26":4,"27":4,"28":4,"29":4,"30":4,"31":4,"32":4,"33":4,"34":4,"35":4,"36":4,"37":4,"38":4,"39":4,"40":4,"41":4,"42":4,"43":4,"44":4,"45":4,"46":4,"47":4,"48":4,"49":4,"50":4,"51":4,"52":4,"53":4,"54":4,"55":4,"56":4,"57":4,"58":4,"59":4,"60":4,"61":4,"62":4,"63":4,"64":4,"65":4,"66":4,"67":4,"68":4,"69":4,"70":4,"71":4,"72":4,"73":4,"74":4,"75":4,"76":4,"77":4,"78":4,"79":4,"80":4,"81":4,"82":4,"83":4,"84":4,"85":4,"86":4,"87":4,"88":4,"89":4},"f":{"0":4,"1":4,"2":4,"3":4,"4":4,"5":4,"6":4,"7":4,"8":4,"9":4,"10":4,"11":4},"b":{"0":[4,4],"1":[4,4],"2":[4,4],"3":[4,4],"4":[4,4],"5":[4,4],"6":[4,4],"7":[4,4],"8":[4,4],"9":[4,4],"10":[4,4],"11":[4,4]}}
}
