{"/home/alexxgrib/Projects/qiwi-api/src/exports.ts": {"path":"/home/alexxgrib/Projects/qiwi-api/src/exports.ts","statementMap":{"0":{"start":{"line":1,"column":0},"end":{"line":1,"column":23}}},"fnMap":{},"branchMap":{},"s":{"0":3},"f":{},"b":{}}
,"/home/alexxgrib/Projects/qiwi-api/src/index.ts": {"path":"/home/alexxgrib/Projects/qiwi-api/src/index.ts","statementMap":{"0":{"start":{"line":1,"column":0},"end":{"line":1,"column":26}},"1":{"start":{"line":2,"column":0},"end":{"line":2,"column":34}},"2":{"start":{"line":4,"column":0},"end":{"line":4,"column":34}},"3":{"start":{"line":5,"column":17},"end":{"line":5,"column":24}}},"fnMap":{},"branchMap":{},"s":{"0":3,"1":3,"2":3,"3":3},"f":{},"b":{}}
,"/home/alexxgrib/Projects/qiwi-api/src/apis/api.ts": {"path":"/home/alexxgrib/Projects/qiwi-api/src/apis/api.ts","statementMap":{"0":{"start":{"line":2,"column":0},"end":{"line":2,"column":77}},"1":{"start":{"line":24,"column":4},"end":{"line":24,"column":50}},"2":{"start":{"line":33,"column":4},"end":{"line":33,"column":51}},"3":{"start":{"line":15,"column":0},"end":{"line":15,"column":13}},"4":{"start":{"line":56,"column":4},"end":{"line":56,"column":30}},"5":{"start":{"line":45,"column":0},"end":{"line":45,"column":13}}},"fnMap":{"0":{"name":"(anonymous_0)","decl":{"start":{"line":23,"column":2},"end":{"line":23,"column":6}},"loc":{"start":{"line":23,"column":11},"end":{"line":25,"column":3}}},"1":{"name":"(anonymous_1)","decl":{"start":{"line":32,"column":2},"end":{"line":32,"column":6}},"loc":{"start":{"line":32,"column":22},"end":{"line":34,"column":3}}},"2":{"name":"(anonymous_2)","decl":{"start":{"line":55,"column":2},"end":{"line":55,"column":16}},"loc":{"start":{"line":55,"column":20},"end":{"line":57,"column":3}}}},"branchMap":{},"s":{"0":6,"1":1,"2":11,"3":6,"4":49,"5":6},"f":{"0":1,"1":11,"2":49},"b":{}}
,"/home/alexxgrib/Projects/qiwi-api/src/apis/error.ts": {"path":"/home/alexxgrib/Projects/qiwi-api/src/apis/error.ts","statementMap":{"0":{"start":{"line":15,"column":4},"end":{"line":15,"column":30}},"1":{"start":{"line":14,"column":21},"end":{"line":14,"column":36}},"2":{"start":{"line":14,"column":45},"end":{"line":14,"column":58}},"3":{"start":{"line":7,"column":0},"end":{"line":7,"column":13}},"4":{"start":{"line":27,"column":2},"end":{"line":27,"column":31}},"5":{"start":{"line":36,"column":4},"end":{"line":40,"column":6}},"6":{"start":{"line":51,"column":4},"end":{"line":51,"column":21}},"7":{"start":{"line":26,"column":0},"end":{"line":26,"column":13}},"8":{"start":{"line":73,"column":4},"end":{"line":73,"column":19}},"9":{"start":{"line":72,"column":21},"end":{"line":72,"column":36}},"10":{"start":{"line":72,"column":45},"end":{"line":72,"column":59}},"11":{"start":{"line":83,"column":4},"end":{"line":88,"column":6}},"12":{"start":{"line":98,"column":4},"end":{"line":98,"column":53}},"13":{"start":{"line":63,"column":0},"end":{"line":63,"column":13}}},"fnMap":{"0":{"name":"(anonymous_0)","decl":{"start":{"line":14,"column":2},"end":{"line":14,"column":21}},"loc":{"start":{"line":14,"column":58},"end":{"line":16,"column":3}}},"1":{"name":"(anonymous_1)","decl":{"start":{"line":26,"column":0},"end":{"line":26,"column":13}},"loc":{"start":{"line":26,"column":0},"end":{"line":53,"column":1}}},"2":{"name":"(anonymous_2)","decl":{"start":{"line":35,"column":2},"end":{"line":35,"column":8}},"loc":{"start":{"line":35,"column":8},"end":{"line":41,"column":3}}},"3":{"name":"(anonymous_3)","decl":{"start":{"line":50,"column":2},"end":{"line":50,"column":6}},"loc":{"start":{"line":50,"column":26},"end":{"line":52,"column":3}}},"4":{"name":"(anonymous_4)","decl":{"start":{"line":72,"column":2},"end":{"line":72,"column":21}},"loc":{"start":{"line":72,"column":59},"end":{"line":74,"column":3}}},"5":{"name":"(anonymous_5)","decl":{"start":{"line":82,"column":2},"end":{"line":82,"column":8}},"loc":{"start":{"line":82,"column":8},"end":{"line":89,"column":3}}},"6":{"name":"(anonymous_6)","decl":{"start":{"line":97,"column":2},"end":{"line":97,"column":10}},"loc":{"start":{"line":97,"column":10},"end":{"line":99,"column":3}}}},"branchMap":{},"s":{"0":16,"1":16,"2":16,"3":7,"4":16,"5":1,"6":1,"7":7,"8":1,"9":1,"10":1,"11":1,"12":1,"13":7},"f":{"0":16,"1":16,"2":1,"3":1,"4":1,"5":1,"6":1},"b":{}}
,"/home/alexxgrib/Projects/qiwi-api/src/apis/index.ts": {"path":"/home/alexxgrib/Projects/qiwi-api/src/apis/index.ts","statementMap":{"0":{"start":{"line":1,"column":0},"end":{"line":1,"column":25}},"1":{"start":{"line":2,"column":0},"end":{"line":2,"column":25}},"2":{"start":{"line":3,"column":0},"end":{"line":3,"column":22}},"3":{"start":{"line":4,"column":0},"end":{"line":4,"column":27}}},"fnMap":{},"branchMap":{},"s":{"0":6,"1":6,"2":6,"3":6},"f":{},"b":{}}
,"/home/alexxgrib/Projects/qiwi-api/src/apis/options-wrapper.ts": {"path":"/home/alexxgrib/Projects/qiwi-api/src/apis/options-wrapper.ts","statementMap":{"0":{"start":{"line":24,"column":4},"end":{"line":24,"column":28}},"1":{"start":{"line":8,"column":0},"end":{"line":8,"column":13}},"2":{"start":{"line":45,"column":4},"end":{"line":45,"column":25}},"3":{"start":{"line":36,"column":0},"end":{"line":36,"column":13}},"4":{"start":{"line":65,"column":4},"end":{"line":65,"column":25}},"5":{"start":{"line":73,"column":4},"end":{"line":73,"column":26}},"6":{"start":{"line":57,"column":0},"end":{"line":57,"column":13}}},"fnMap":{"0":{"name":"(anonymous_0)","decl":{"start":{"line":23,"column":2},"end":{"line":23,"column":14}},"loc":{"start":{"line":23,"column":24},"end":{"line":25,"column":3}}},"1":{"name":"(anonymous_1)","decl":{"start":{"line":44,"column":2},"end":{"line":44,"column":6}},"loc":{"start":{"line":44,"column":13},"end":{"line":46,"column":3}}},"2":{"name":"(anonymous_2)","decl":{"start":{"line":64,"column":2},"end":{"line":64,"column":6}},"loc":{"start":{"line":64,"column":13},"end":{"line":66,"column":3}}},"3":{"name":"(anonymous_3)","decl":{"start":{"line":72,"column":2},"end":{"line":72,"column":6}},"loc":{"start":{"line":72,"column":22},"end":{"line":74,"column":3}}}},"branchMap":{},"s":{"0":170,"1":6,"2":27,"3":6,"4":163,"5":29,"6":6},"f":{"0":170,"1":27,"2":163,"3":29},"b":{}}
,"/home/alexxgrib/Projects/qiwi-api/src/apis/detector/api.ts": {"path":"/home/alexxgrib/Projects/qiwi-api/src/apis/detector/api.ts","statementMap":{"0":{"start":{"line":1,"column":0},"end":{"line":1,"column":37}},"1":{"start":{"line":9,"column":0},"end":{"line":9,"column":13}}},"fnMap":{},"branchMap":{},"s":{"0":6,"1":6},"f":{},"b":{}}
,"/home/alexxgrib/Projects/qiwi-api/src/apis/detector/detect.api.ts": {"path":"/home/alexxgrib/Projects/qiwi-api/src/apis/detector/detect.api.ts","statementMap":{"0":{"start":{"line":1,"column":0},"end":{"line":1,"column":45}},"1":{"start":{"line":2,"column":0},"end":{"line":2,"column":36}},"2":{"start":{"line":3,"column":0},"end":{"line":3,"column":50}},"3":{"start":{"line":21,"column":4},"end":{"line":21,"column":79}},"4":{"start":{"line":21,"column":37},"end":{"line":21,"column":79}},"5":{"start":{"line":23,"column":4},"end":{"line":23,"column":45}},"6":{"start":{"line":33,"column":21},"end":{"line":35,"column":6}},"7":{"start":{"line":37,"column":4},"end":{"line":37,"column":43}},"8":{"start":{"line":50,"column":21},"end":{"line":52,"column":6}},"9":{"start":{"line":54,"column":4},"end":{"line":54,"column":43}},"10":{"start":{"line":12,"column":0},"end":{"line":12,"column":13}}},"fnMap":{"0":{"name":"(anonymous_0)","decl":{"start":{"line":20,"column":12},"end":{"line":20,"column":28}},"loc":{"start":{"line":20,"column":50},"end":{"line":24,"column":3}}},"1":{"name":"(anonymous_1)","decl":{"start":{"line":32,"column":2},"end":{"line":32,"column":7}},"loc":{"start":{"line":32,"column":29},"end":{"line":38,"column":3}}},"2":{"name":"(anonymous_2)","decl":{"start":{"line":49,"column":2},"end":{"line":49,"column":7}},"loc":{"start":{"line":49,"column":39},"end":{"line":55,"column":3}}}},"branchMap":{"0":{"loc":{"start":{"line":21,"column":4},"end":{"line":21,"column":79}},"type":"if","locations":[{"start":{"line":21,"column":4},"end":{"line":21,"column":79}}]}},"s":{"0":6,"1":6,"2":6,"3":5,"4":1,"5":4,"6":3,"7":3,"8":2,"9":2,"10":6},"f":{"0":5,"1":3,"2":2},"b":{"0":[1]}}
,"/home/alexxgrib/Projects/qiwi-api/src/apis/detector/detector.compat.ts": {"path":"/home/alexxgrib/Projects/qiwi-api/src/apis/detector/detector.compat.ts","statementMap":{"0":{"start":{"line":1,"column":0},"end":{"line":1,"column":38}},"1":{"start":{"line":18,"column":4},"end":{"line":18,"column":56}},"2":{"start":{"line":28,"column":4},"end":{"line":28,"column":52}},"3":{"start":{"line":38,"column":4},"end":{"line":38,"column":62}},"4":{"start":{"line":12,"column":0},"end":{"line":12,"column":13}}},"fnMap":{"0":{"name":"(anonymous_0)","decl":{"start":{"line":17,"column":2},"end":{"line":17,"column":null}},"loc":{"start":{"line":17,"column":2},"end":{"line":19,"column":3}}},"1":{"name":"(anonymous_1)","decl":{"start":{"line":27,"column":2},"end":{"line":27,"column":7}},"loc":{"start":{"line":27,"column":38},"end":{"line":29,"column":3}}},"2":{"name":"(anonymous_2)","decl":{"start":{"line":37,"column":2},"end":{"line":37,"column":7}},"loc":{"start":{"line":37,"column":42},"end":{"line":39,"column":3}}}},"branchMap":{},"s":{"0":6,"1":1,"2":2,"3":1,"4":6},"f":{"0":1,"1":2,"2":1},"b":{}}
,"/home/alexxgrib/Projects/qiwi-api/src/apis/detector/detector.errors.ts": {"path":"/home/alexxgrib/Projects/qiwi-api/src/apis/detector/detector.errors.ts","statementMap":{"0":{"start":{"line":1,"column":0},"end":{"line":1,"column":41}},"1":{"start":{"line":7,"column":0},"end":{"line":7,"column":13}}},"fnMap":{},"branchMap":{},"s":{"0":6,"1":6},"f":{},"b":{}}
,"/home/alexxgrib/Projects/qiwi-api/src/apis/detector/detector.ts": {"path":"/home/alexxgrib/Projects/qiwi-api/src/apis/detector/detector.ts","statementMap":{"0":{"start":{"line":1,"column":0},"end":{"line":1,"column":34}},"1":{"start":{"line":2,"column":0},"end":{"line":2,"column":74}},"2":{"start":{"line":3,"column":0},"end":{"line":3,"column":49}},"3":{"start":{"line":60,"column":4},"end":{"line":60,"column":20}},"4":{"start":{"line":63,"column":11},"end":{"line":63,"column":66}},"5":{"start":{"line":49,"column":4},"end":{"line":49,"column":56}},"6":{"start":{"line":12,"column":0},"end":{"line":12,"column":13}},"7":{"start":{"line":13,"column":18},"end":{"line":13,"column":48}},"8":{"start":{"line":22,"column":9},"end":{"line":39,"column":4}},"9":{"start":{"line":23,"column":17},"end":{"line":23,"column":37}},"10":{"start":{"line":25,"column":4},"end":{"line":36,"column":6}},"11":{"start":{"line":27,"column":31},"end":{"line":27,"column":54}},"12":{"start":{"line":38,"column":4},"end":{"line":38,"column":16}}},"fnMap":{"0":{"name":"(anonymous_0)","decl":{"start":{"line":57,"column":2},"end":{"line":57,"column":14}},"loc":{"start":{"line":59,"column":37},"end":{"line":61,"column":3}}},"1":{"name":"(anonymous_1)","decl":{"start":{"line":48,"column":2},"end":{"line":48,"column":8}},"loc":{"start":{"line":48,"column":15},"end":{"line":50,"column":3}}},"2":{"name":"(anonymous_2)","decl":{"start":{"line":22,"column":29},"end":{"line":22,"column":48}},"loc":{"start":{"line":22,"column":50},"end":{"line":39,"column":3}}},"3":{"name":"(anonymous_3)","decl":{"start":{"line":27,"column":21},"end":{"line":27,"column":22}},"loc":{"start":{"line":27,"column":31},"end":{"line":27,"column":54}}}},"branchMap":{"0":{"loc":{"start":{"line":57,"column":14},"end":{"line":59,"column":37}},"type":"default-arg","locations":[{"start":{"line":59,"column":35},"end":{"line":59,"column":37}}]},"1":{"loc":{"start":{"line":58,"column":4},"end":{"line":58,"column":39}},"type":"default-arg","locations":[{"start":{"line":58,"column":11},"end":{"line":58,"column":39}}]}},"s":{"0":6,"1":6,"2":6,"3":9,"4":9,"5":6,"6":6,"7":6,"8":6,"9":9,"10":9,"11":5,"12":9},"f":{"0":9,"1":6,"2":9,"3":5},"b":{"0":[1],"1":[2]}}
,"/home/alexxgrib/Projects/qiwi-api/src/apis/detector/index.ts": {"path":"/home/alexxgrib/Projects/qiwi-api/src/apis/detector/index.ts","statementMap":{"0":{"start":{"line":1,"column":0},"end":{"line":1,"column":9}},"1":{"start":{"line":1,"column":9},"end":{"line":1,"column":38}},"2":{"start":{"line":3,"column":0},"end":{"line":3,"column":9}},"3":{"start":{"line":3,"column":9},"end":{"line":3,"column":51}},"4":{"start":{"line":4,"column":0},"end":{"line":4,"column":9}},"5":{"start":{"line":4,"column":9},"end":{"line":4,"column":50}}},"fnMap":{"0":{"name":"(anonymous_0)","decl":{"start":{"line":1,"column":9},"end":{"line":1,"column":17}},"loc":{"start":{"line":1,"column":9},"end":{"line":1,"column":38}}},"1":{"name":"(anonymous_1)","decl":{"start":{"line":3,"column":9},"end":{"line":3,"column":23}},"loc":{"start":{"line":3,"column":9},"end":{"line":3,"column":51}}},"2":{"name":"(anonymous_2)","decl":{"start":{"line":4,"column":9},"end":{"line":4,"column":22}},"loc":{"start":{"line":4,"column":9},"end":{"line":4,"column":50}}}},"branchMap":{},"s":{"0":6,"1":18,"2":6,"3":7,"4":6,"5":9},"f":{"0":12,"1":1,"2":3},"b":{}}
,"/home/alexxgrib/Projects/qiwi-api/src/apis/p2p/api.ts": {"path":"/home/alexxgrib/Projects/qiwi-api/src/apis/p2p/api.ts","statementMap":{"0":{"start":{"line":1,"column":0},"end":{"line":1,"column":37}},"1":{"start":{"line":18,"column":4},"end":{"line":18,"column":35}},"2":{"start":{"line":29,"column":4},"end":{"line":29,"column":35}},"3":{"start":{"line":9,"column":0},"end":{"line":9,"column":13}}},"fnMap":{"0":{"name":"(anonymous_0)","decl":{"start":{"line":17,"column":2},"end":{"line":17,"column":16}},"loc":{"start":{"line":17,"column":25},"end":{"line":19,"column":3}}},"1":{"name":"(anonymous_1)","decl":{"start":{"line":28,"column":2},"end":{"line":28,"column":16}},"loc":{"start":{"line":28,"column":25},"end":{"line":30,"column":3}}}},"branchMap":{},"s":{"0":6,"1":2,"2":5,"3":6},"f":{"0":2,"1":5},"b":{}}
,"/home/alexxgrib/Projects/qiwi-api/src/apis/p2p/bills.api.ts": {"path":"/home/alexxgrib/Projects/qiwi-api/src/apis/p2p/bills.api.ts","statementMap":{"0":{"start":{"line":1,"column":0},"end":{"line":1,"column":26}},"1":{"start":{"line":2,"column":0},"end":{"line":2,"column":77}},"2":{"start":{"line":3,"column":0},"end":{"line":3,"column":31}},"3":{"start":{"line":54,"column":2},"end":{"line":54,"column":36}},"4":{"start":{"line":54,"column":21},"end":{"line":54,"column":35}},"5":{"start":{"line":34,"column":16},"end":{"line":34,"column":31}},"6":{"start":{"line":36,"column":4},"end":{"line":36,"column":80}},"7":{"start":{"line":36,"column":27},"end":{"line":36,"column":80}},"8":{"start":{"line":37,"column":4},"end":{"line":37,"column":83}},"9":{"start":{"line":37,"column":28},"end":{"line":37,"column":83}},"10":{"start":{"line":39,"column":4},"end":{"line":39,"column":26}},"11":{"start":{"line":49,"column":4},"end":{"line":49,"column":61}},"12":{"start":{"line":49,"column":36},"end":{"line":49,"column":61}},"13":{"start":{"line":51,"column":4},"end":{"line":51,"column":60}},"14":{"start":{"line":83,"column":8},"end":{"line":83,"column":12}},"15":{"start":{"line":85,"column":24},"end":{"line":92,"column":6}},"16":{"start":{"line":94,"column":19},"end":{"line":96,"column":null}},"17":{"start":{"line":99,"column":4},"end":{"line":102,"column":7}},"18":{"start":{"line":104,"column":4},"end":{"line":104,"column":18}},"19":{"start":{"line":117,"column":4},"end":{"line":117,"column":49}},"20":{"start":{"line":129,"column":4},"end":{"line":129,"column":57}},"21":{"start":{"line":146,"column":4},"end":{"line":146,"column":41}},"22":{"start":{"line":146,"column":24},"end":{"line":146,"column":41}},"23":{"start":{"line":148,"column":17},"end":{"line":154,"column":15}},"24":{"start":{"line":156,"column":4},"end":{"line":160,"column":7}},"25":{"start":{"line":171,"column":20},"end":{"line":181,"column":6}},"26":{"start":{"line":176,"column":76},"end":{"line":179,"column":10}},"27":{"start":{"line":183,"column":4},"end":{"line":183,"column":38}},"28":{"start":{"line":185,"column":4},"end":{"line":185,"column":32}},"29":{"start":{"line":187,"column":4},"end":{"line":187,"column":56}},"30":{"start":{"line":22,"column":0},"end":{"line":22,"column":13}}},"fnMap":{"0":{"name":"(anonymous_0)","decl":{"start":{"line":22,"column":0},"end":{"line":22,"column":13}},"loc":{"start":{"line":22,"column":0},"end":{"line":227,"column":1}}},"1":{"name":"(anonymous_1)","decl":{"start":{"line":54,"column":15},"end":{"line":54,"column":18}},"loc":{"start":{"line":54,"column":21},"end":{"line":54,"column":35}}},"2":{"name":"(anonymous_2)","decl":{"start":{"line":30,"column":9},"end":{"line":30,"column":15}},"loc":{"start":{"line":32,"column":39},"end":{"line":40,"column":3}}},"3":{"name":"(anonymous_3)","decl":{"start":{"line":48,"column":12},"end":{"line":48,"column":28}},"loc":{"start":{"line":48,"column":52},"end":{"line":52,"column":3}}},"4":{"name":"(anonymous_4)","decl":{"start":{"line":76,"column":2},"end":{"line":76,"column":7}},"loc":{"start":{"line":76,"column":41},"end":{"line":105,"column":3}}},"5":{"name":"(anonymous_5)","decl":{"start":{"line":116,"column":2},"end":{"line":116,"column":7}},"loc":{"start":{"line":116,"column":32},"end":{"line":118,"column":3}}},"6":{"name":"(anonymous_6)","decl":{"start":{"line":128,"column":2},"end":{"line":128,"column":7}},"loc":{"start":{"line":128,"column":29},"end":{"line":130,"column":3}}},"7":{"name":"(anonymous_7)","decl":{"start":{"line":141,"column":2},"end":{"line":141,"column":28}},"loc":{"start":{"line":144,"column":35},"end":{"line":161,"column":3}}},"8":{"name":"(anonymous_8)","decl":{"start":{"line":170,"column":2},"end":{"line":170,"column":15}},"loc":{"start":{"line":170,"column":46},"end":{"line":188,"column":3}}},"9":{"name":"(anonymous_9)","decl":{"start":{"line":176,"column":58},"end":{"line":176,"column":59}},"loc":{"start":{"line":176,"column":76},"end":{"line":179,"column":10}}},"10":{"name":"(anonymous_10)","decl":{"start":{"line":198,"column":2},"end":{"line":198,"column":7}},"loc":{"start":{"line":200,"column":34},"end":{"line":210,"column":3}}},"11":{"name":"(anonymous_11)","decl":{"start":{"line":220,"column":2},"end":{"line":220,"column":7}},"loc":{"start":{"line":222,"column":20},"end":{"line":226,"column":3}}}},"branchMap":{"0":{"loc":{"start":{"line":32,"column":4},"end":{"line":32,"column":39}},"type":"default-arg","locations":[{"start":{"line":32,"column":37},"end":{"line":32,"column":39}}]},"1":{"loc":{"start":{"line":36,"column":4},"end":{"line":36,"column":80}},"type":"if","locations":[{"start":{"line":36,"column":4},"end":{"line":36,"column":80}}]},"2":{"loc":{"start":{"line":37,"column":4},"end":{"line":37,"column":83}},"type":"if","locations":[{"start":{"line":37,"column":4},"end":{"line":37,"column":83}}]},"3":{"loc":{"start":{"line":49,"column":4},"end":{"line":49,"column":61}},"type":"if","locations":[{"start":{"line":49,"column":4},"end":{"line":49,"column":61}}]},"4":{"loc":{"start":{"line":80,"column":6},"end":{"line":80,"column":32}},"type":"default-arg","locations":[{"start":{"line":80,"column":15},"end":{"line":80,"column":32}}]},"5":{"loc":{"start":{"line":81,"column":6},"end":{"line":81,"column":54}},"type":"default-arg","locations":[{"start":{"line":81,"column":27},"end":{"line":81,"column":54}}]},"6":{"loc":{"start":{"line":144,"column":4},"end":{"line":144,"column":35}},"type":"default-arg","locations":[{"start":{"line":144,"column":21},"end":{"line":144,"column":35}}]},"7":{"loc":{"start":{"line":146,"column":4},"end":{"line":146,"column":41}},"type":"if","locations":[{"start":{"line":146,"column":4},"end":{"line":146,"column":41}}]},"8":{"loc":{"start":{"line":176,"column":23},"end":{"line":176,"column":52}},"type":"cond-expr","locations":[{"start":{"line":176,"column":46},"end":{"line":176,"column":50}},{"start":{"line":176,"column":50},"end":{"line":176,"column":52}}]},"9":{"loc":{"start":{"line":176,"column":23},"end":{"line":176,"column":50}},"type":"binary-expr","locations":[{"start":{"line":176,"column":23},"end":{"line":176,"column":50}},{"start":{"line":176,"column":46},"end":{"line":176,"column":50}}]},"10":{"loc":{"start":{"line":183,"column":4},"end":{"line":183,"column":38}},"type":"cond-expr","locations":[{"start":{"line":183,"column":18},"end":{"line":183,"column":23}},{"start":{"line":183,"column":4},"end":{"line":183,"column":37}}]},"11":{"loc":{"start":{"line":183,"column":4},"end":{"line":183,"column":23}},"type":"binary-expr","locations":[{"start":{"line":183,"column":4},"end":{"line":183,"column":23}},{"start":{"line":183,"column":18},"end":{"line":183,"column":23}}]}},"s":{"0":6,"1":6,"2":6,"3":5,"4":3,"5":6,"6":6,"7":1,"8":6,"9":1,"10":6,"11":8,"12":7,"13":1,"14":5,"15":5,"16":5,"17":4,"18":4,"19":1,"20":3,"21":5,"22":4,"23":5,"24":5,"25":2,"26":1,"27":2,"28":2,"29":2,"30":6},"f":{"0":5,"1":3,"2":6,"3":8,"4":5,"5":1,"6":3,"7":5,"8":2,"9":1,"10":0,"11":0},"b":{"0":[1],"1":[1],"2":[1],"3":[7],"4":[3],"5":[1],"6":[5],"7":[4],"8":[1,1],"9":[2,2],"10":[1,1],"11":[2,2]}}
,"/home/alexxgrib/Projects/qiwi-api/src/apis/p2p/p2p.middleware.ts": {"path":"/home/alexxgrib/Projects/qiwi-api/src/apis/p2p/p2p.middleware.ts","statementMap":{"0":{"start":{"line":3,"column":0},"end":{"line":3,"column":56}},"1":{"start":{"line":22,"column":2},"end":{"line":32,"column":4}},"2":{"start":{"line":23,"column":4},"end":{"line":31,"column":null}},"3":{"start":{"line":24,"column":21},"end":{"line":24,"column":44}},"4":{"start":{"line":26,"column":6},"end":{"line":26,"column":51}},"5":{"start":{"line":26,"column":37},"end":{"line":26,"column":51}},"6":{"start":{"line":28,"column":6},"end":{"line":28,"column":37}},"7":{"start":{"line":30,"column":6},"end":{"line":30,"column":35}},"8":{"start":{"line":19,"column":0},"end":{"line":19,"column":16}},"9":{"start":{"line":48,"column":2},"end":{"line":59,"column":5}},"10":{"start":{"line":49,"column":30},"end":{"line":49,"column":32}},"11":{"start":{"line":51,"column":4},"end":{"line":51,"column":50}},"12":{"start":{"line":51,"column":35},"end":{"line":51,"column":48}},"13":{"start":{"line":52,"column":4},"end":{"line":52,"column":63}},"14":{"start":{"line":52,"column":42},"end":{"line":52,"column":61}},"15":{"start":{"line":53,"column":4},"end":{"line":58,"column":7}},"16":{"start":{"line":54,"column":19},"end":{"line":54,"column":41}},"17":{"start":{"line":55,"column":19},"end":{"line":55,"column":46}},"18":{"start":{"line":57,"column":6},"end":{"line":57,"column":20}},"19":{"start":{"line":42,"column":0},"end":{"line":42,"column":7}},"20":{"start":{"line":83,"column":2},"end":{"line":83,"column":24}},"21":{"start":{"line":83,"column":14},"end":{"line":83,"column":24}},"22":{"start":{"line":85,"column":2},"end":{"line":85,"column":64}},"23":{"start":{"line":85,"column":28},"end":{"line":85,"column":64}},"24":{"start":{"line":87,"column":2},"end":{"line":87,"column":15}},"25":{"start":{"line":82,"column":0},"end":{"line":82,"column":16}},"26":{"start":{"line":108,"column":16},"end":{"line":108,"column":41}},"27":{"start":{"line":109,"column":53},"end":{"line":109,"column":60}},"28":{"start":{"line":111,"column":2},"end":{"line":135,"column":4}},"29":{"start":{"line":112,"column":25},"end":{"line":112,"column":76}},"30":{"start":{"line":113,"column":22},"end":{"line":113,"column":83}},"31":{"start":{"line":115,"column":4},"end":{"line":115,"column":52}},"32":{"start":{"line":115,"column":38},"end":{"line":115,"column":52}},"33":{"start":{"line":117,"column":21},"end":{"line":117,"column":33}},"34":{"start":{"line":119,"column":4},"end":{"line":121,"column":null}},"35":{"start":{"line":120,"column":6},"end":{"line":120,"column":54}},"36":{"start":{"line":123,"column":4},"end":{"line":123,"column":24}},"37":{"start":{"line":128,"column":4},"end":{"line":128,"column":52}},"38":{"start":{"line":129,"column":4},"end":{"line":129,"column":37}},"39":{"start":{"line":131,"column":4},"end":{"line":134,"column":null}},"40":{"start":{"line":99,"column":0},"end":{"line":99,"column":16}}},"fnMap":{"0":{"name":"promise","decl":{"start":{"line":19,"column":16},"end":{"line":19,"column":23}},"loc":{"start":{"line":20,"column":13},"end":{"line":33,"column":1}}},"1":{"name":"(anonymous_1)","decl":{"start":{"line":22,"column":9},"end":{"line":22,"column":10}},"loc":{"start":{"line":22,"column":39},"end":{"line":32,"column":3}}},"2":{"name":"parseJsonRequestBody","decl":{"start":{"line":42,"column":22},"end":{"line":42,"column":42}},"loc":{"start":{"line":42,"column":62},"end":{"line":60,"column":1}}},"3":{"name":"(anonymous_3)","decl":{"start":{"line":48,"column":21},"end":{"line":48,"column":22}},"loc":{"start":{"line":48,"column":41},"end":{"line":59,"column":3}}},"4":{"name":"(anonymous_4)","decl":{"start":{"line":51,"column":24},"end":{"line":51,"column":25}},"loc":{"start":{"line":51,"column":35},"end":{"line":51,"column":48}}},"5":{"name":"(anonymous_5)","decl":{"start":{"line":52,"column":23},"end":{"line":52,"column":24}},"loc":{"start":{"line":52,"column":42},"end":{"line":52,"column":61}}},"6":{"name":"(anonymous_6)","decl":{"start":{"line":53,"column":22},"end":{"line":53,"column":25}},"loc":{"start":{"line":53,"column":27},"end":{"line":58,"column":5}}},"7":{"name":"resolveHeaderValue","decl":{"start":{"line":82,"column":16},"end":{"line":82,"column":34}},"loc":{"start":{"line":82,"column":72},"end":{"line":88,"column":1}}},"8":{"name":"createP2pNotificationMiddleware","decl":{"start":{"line":99,"column":16},"end":{"line":99,"column":47}},"loc":{"start":{"line":106,"column":46},"end":{"line":136,"column":1}}},"9":{"name":"p2pNotificationMiddleware","decl":{"start":{"line":111,"column":24},"end":{"line":111,"column":49}},"loc":{"start":{"line":111,"column":73},"end":{"line":135,"column":3}}}},"branchMap":{"0":{"loc":{"start":{"line":26,"column":6},"end":{"line":26,"column":51}},"type":"if","locations":[{"start":{"line":26,"column":6},"end":{"line":26,"column":51}}]},"1":{"loc":{"start":{"line":83,"column":2},"end":{"line":83,"column":24}},"type":"if","locations":[{"start":{"line":83,"column":2},"end":{"line":83,"column":24}}]},"2":{"loc":{"start":{"line":85,"column":2},"end":{"line":85,"column":64}},"type":"if","locations":[{"start":{"line":85,"column":2},"end":{"line":85,"column":64}}]},"3":{"loc":{"start":{"line":109,"column":10},"end":{"line":109,"column":21}},"type":"default-arg","locations":[{"start":{"line":109,"column":17},"end":{"line":109,"column":21}}]},"4":{"loc":{"start":{"line":109,"column":23},"end":{"line":109,"column":48}},"type":"default-arg","locations":[{"start":{"line":109,"column":34},"end":{"line":109,"column":48}}]},"5":{"loc":{"start":{"line":115,"column":4},"end":{"line":115,"column":52}},"type":"if","locations":[{"start":{"line":115,"column":4},"end":{"line":115,"column":52}}]},"6":{"loc":{"start":{"line":115,"column":8},"end":{"line":115,"column":36}},"type":"binary-expr","locations":[{"start":{"line":115,"column":8},"end":{"line":115,"column":12}},{"start":{"line":115,"column":16},"end":{"line":115,"column":36}}]},"7":{"loc":{"start":{"line":119,"column":4},"end":{"line":121,"column":null}},"type":"if","locations":[{"start":{"line":119,"column":4},"end":{"line":121,"column":null}}]}},"s":{"0":6,"1":6,"2":6,"3":6,"4":5,"5":2,"6":3,"7":1,"8":6,"9":5,"10":5,"11":5,"12":0,"13":5,"14":5,"15":5,"16":5,"17":5,"18":5,"19":6,"20":9,"21":1,"22":8,"23":1,"24":7,"25":6,"26":1,"27":1,"28":1,"29":5,"30":5,"31":5,"32":1,"33":4,"34":4,"35":2,"36":2,"37":2,"38":2,"39":2,"40":6},"f":{"0":6,"1":6,"2":5,"3":5,"4":0,"5":5,"6":5,"7":9,"8":1,"9":5},"b":{"0":[2],"1":[1],"2":[1],"3":[1],"4":[1],"5":[1],"6":[5,5],"7":[2]}}
,"/home/alexxgrib/Projects/qiwi-api/src/apis/p2p/p2p.ts": {"path":"/home/alexxgrib/Projects/qiwi-api/src/apis/p2p/p2p.ts","statementMap":{"0":{"start":{"line":2,"column":0},"end":{"line":2,"column":34}},"1":{"start":{"line":3,"column":0},"end":{"line":3,"column":68}},"2":{"start":{"line":4,"column":0},"end":{"line":4,"column":42}},"3":{"start":{"line":5,"column":0},"end":{"line":5,"column":45}},"4":{"start":{"line":6,"column":0},"end":{"line":6,"column":null}},"5":{"start":{"line":12,"column":0},"end":{"line":12,"column":70}},"6":{"start":{"line":99,"column":4},"end":{"line":99,"column":42}},"7":{"start":{"line":102,"column":11},"end":{"line":102,"column":51}},"8":{"start":{"line":66,"column":4},"end":{"line":70,"column":7}},"9":{"start":{"line":86,"column":4},"end":{"line":86,"column":45}},"10":{"start":{"line":152,"column":4},"end":{"line":152,"column":73}},"11":{"start":{"line":21,"column":0},"end":{"line":21,"column":13}},"12":{"start":{"line":22,"column":18},"end":{"line":22,"column":41}},"13":{"start":{"line":24,"column":18},"end":{"line":24,"column":46}},"14":{"start":{"line":25,"column":18},"end":{"line":25,"column":48}},"15":{"start":{"line":26,"column":18},"end":{"line":26,"column":42}},"16":{"start":{"line":36,"column":9},"end":{"line":54,"column":4}},"17":{"start":{"line":37,"column":17},"end":{"line":37,"column":37}},"18":{"start":{"line":39,"column":4},"end":{"line":51,"column":6}},"19":{"start":{"line":53,"column":4},"end":{"line":53,"column":16}}},"fnMap":{"0":{"name":"(anonymous_0)","decl":{"start":{"line":94,"column":2},"end":{"line":94,"column":14}},"loc":{"start":{"line":98,"column":32},"end":{"line":100,"column":3}}},"1":{"name":"(anonymous_1)","decl":{"start":{"line":65,"column":2},"end":{"line":65,"column":8}},"loc":{"start":{"line":65,"column":49},"end":{"line":71,"column":3}}},"2":{"name":"(anonymous_2)","decl":{"start":{"line":82,"column":2},"end":{"line":82,"column":8}},"loc":{"start":{"line":84,"column":43},"end":{"line":87,"column":3}}},"3":{"name":"(anonymous_3)","decl":{"start":{"line":144,"column":2},"end":{"line":144,"column":24}},"loc":{"start":{"line":150,"column":32},"end":{"line":153,"column":3}}},"4":{"name":"(anonymous_4)","decl":{"start":{"line":36,"column":29},"end":{"line":36,"column":30}},"loc":{"start":{"line":36,"column":67},"end":{"line":54,"column":3}}}},"branchMap":{"0":{"loc":{"start":{"line":94,"column":14},"end":{"line":98,"column":32}},"type":"default-arg","locations":[{"start":{"line":98,"column":30},"end":{"line":98,"column":32}}]},"1":{"loc":{"start":{"line":95,"column":4},"end":{"line":95,"column":18}},"type":"default-arg","locations":[{"start":{"line":95,"column":16},"end":{"line":95,"column":18}}]},"2":{"loc":{"start":{"line":96,"column":4},"end":{"line":96,"column":18}},"type":"default-arg","locations":[{"start":{"line":96,"column":16},"end":{"line":96,"column":18}}]},"3":{"loc":{"start":{"line":97,"column":4},"end":{"line":97,"column":43}},"type":"default-arg","locations":[{"start":{"line":97,"column":11},"end":{"line":97,"column":43}}]},"4":{"loc":{"start":{"line":65,"column":35},"end":{"line":65,"column":49}},"type":"default-arg","locations":[{"start":{"line":65,"column":47},"end":{"line":65,"column":49}}]},"5":{"loc":{"start":{"line":83,"column":4},"end":{"line":83,"column":43}},"type":"default-arg","locations":[{"start":{"line":83,"column":16},"end":{"line":83,"column":43}}]},"6":{"loc":{"start":{"line":84,"column":4},"end":{"line":84,"column":43}},"type":"default-arg","locations":[{"start":{"line":84,"column":16},"end":{"line":84,"column":43}}]}},"s":{"0":6,"1":6,"2":6,"3":6,"4":6,"5":6,"6":5,"7":5,"8":2,"9":1,"10":1,"11":6,"12":6,"13":6,"14":6,"15":6,"16":6,"17":5,"18":5,"19":5},"f":{"0":5,"1":2,"2":1,"3":1,"4":5},"b":{"0":[1],"1":[2],"2":[2],"3":[2],"4":[1],"5":[1],"6":[1]}}
,"/home/alexxgrib/Projects/qiwi-api/src/apis/p2p/p2p.types.ts": {"path":"/home/alexxgrib/Projects/qiwi-api/src/apis/p2p/p2p.types.ts","statementMap":{"0":{"start":{"line":1,"column":0},"end":{"line":1,"column":null}},"1":{"start":{"line":3,"column":2},"end":{"line":3,"column":null}},"2":{"start":{"line":5,"column":2},"end":{"line":5,"column":null}},"3":{"start":{"line":7,"column":2},"end":{"line":7,"column":null}},"4":{"start":{"line":9,"column":2},"end":{"line":9,"column":null}},"5":{"start":{"line":15,"column":0},"end":{"line":15,"column":null}},"6":{"start":{"line":16,"column":2},"end":{"line":16,"column":null}},"7":{"start":{"line":17,"column":2},"end":{"line":17,"column":null}},"8":{"start":{"line":178,"column":0},"end":{"line":178,"column":null}},"9":{"start":{"line":179,"column":2},"end":{"line":179,"column":null}},"10":{"start":{"line":180,"column":2},"end":{"line":180,"column":null}},"11":{"start":{"line":181,"column":2},"end":{"line":181,"column":null}},"12":{"start":{"line":199,"column":0},"end":{"line":199,"column":null}},"13":{"start":{"line":200,"column":2},"end":{"line":200,"column":null}},"14":{"start":{"line":201,"column":2},"end":{"line":201,"column":null}}},"fnMap":{"0":{"name":"(anonymous_0)","decl":{"start":{"line":1,"column":0},"end":{"line":1,"column":12}},"loc":{"start":{"line":1,"column":22},"end":{"line":10,"column":1}}},"1":{"name":"(anonymous_1)","decl":{"start":{"line":15,"column":0},"end":{"line":15,"column":12}},"loc":{"start":{"line":15,"column":24},"end":{"line":18,"column":1}}},"2":{"name":"(anonymous_2)","decl":{"start":{"line":178,"column":0},"end":{"line":178,"column":12}},"loc":{"start":{"line":178,"column":25},"end":{"line":182,"column":1}}},"3":{"name":"(anonymous_3)","decl":{"start":{"line":199,"column":0},"end":{"line":199,"column":12}},"loc":{"start":{"line":199,"column":28},"end":{"line":202,"column":1}}}},"branchMap":{"0":{"loc":{"start":{"line":1,"column":12},"end":{"line":1,"column":null}},"type":"binary-expr","locations":[{"start":{"line":1,"column":12},"end":{"line":1,"column":22}},{"start":{"line":1,"column":12},"end":{"line":1,"column":null}}]},"1":{"loc":{"start":{"line":15,"column":12},"end":{"line":15,"column":null}},"type":"binary-expr","locations":[{"start":{"line":15,"column":12},"end":{"line":15,"column":24}},{"start":{"line":15,"column":12},"end":{"line":15,"column":null}}]},"2":{"loc":{"start":{"line":178,"column":12},"end":{"line":178,"column":null}},"type":"binary-expr","locations":[{"start":{"line":178,"column":12},"end":{"line":178,"column":25}},{"start":{"line":178,"column":12},"end":{"line":178,"column":null}}]},"3":{"loc":{"start":{"line":199,"column":12},"end":{"line":199,"column":null}},"type":"binary-expr","locations":[{"start":{"line":199,"column":12},"end":{"line":199,"column":28}},{"start":{"line":199,"column":12},"end":{"line":199,"column":null}}]}},"s":{"0":6,"1":6,"2":6,"3":6,"4":6,"5":6,"6":6,"7":6,"8":6,"9":6,"10":6,"11":6,"12":6,"13":6,"14":6},"f":{"0":6,"1":6,"2":6,"3":6},"b":{"0":[6,6],"1":[6,6],"2":[6,6],"3":[6,6]}}
,"/home/alexxgrib/Projects/qiwi-api/src/apis/shared/collect.ts": {"path":"/home/alexxgrib/Projects/qiwi-api/src/apis/shared/collect.ts","statementMap":{"0":{"start":{"line":12,"column":2},"end":{"line":12,"column":32}},"1":{"start":{"line":11,"column":0},"end":{"line":11,"column":16}}},"fnMap":{"0":{"name":"collect","decl":{"start":{"line":11,"column":16},"end":{"line":11,"column":23}},"loc":{"start":{"line":11,"column":52},"end":{"line":13,"column":1}}}},"branchMap":{},"s":{"0":52,"1":6},"f":{"0":52},"b":{}}
,"/home/alexxgrib/Projects/qiwi-api/src/apis/shared/environment.ts": {"path":"/home/alexxgrib/Projects/qiwi-api/src/apis/shared/environment.ts","statementMap":{"0":{"start":{"line":1,"column":0},"end":{"line":1,"column":39}},"1":{"start":{"line":20,"column":22},"end":{"line":20,"column":72}},"2":{"start":{"line":22,"column":2},"end":{"line":26,"column":null}},"3":{"start":{"line":23,"column":4},"end":{"line":25,"column":7}},"4":{"start":{"line":24,"column":17},"end":{"line":24,"column":53}},"5":{"start":{"line":28,"column":2},"end":{"line":28,"column":21}},"6":{"start":{"line":31,"column":13},"end":{"line":37,"column":2}}},"fnMap":{"0":{"name":"loadEnvironment","decl":{"start":{"line":16,"column":9},"end":{"line":16,"column":24}},"loc":{"start":{"line":18,"column":12},"end":{"line":29,"column":1}}},"1":{"name":"(anonymous_1)","decl":{"start":{"line":24,"column":11},"end":{"line":24,"column":14}},"loc":{"start":{"line":24,"column":17},"end":{"line":24,"column":53}}}},"branchMap":{},"s":{"0":6,"1":6,"2":6,"3":24,"4":4,"5":6,"6":6},"f":{"0":6,"1":4},"b":{}}
,"/home/alexxgrib/Projects/qiwi-api/src/apis/shared/get.ts": {"path":"/home/alexxgrib/Projects/qiwi-api/src/apis/shared/get.ts","statementMap":{"0":{"start":{"line":18,"column":15},"end":{"line":18,"column":34}},"1":{"start":{"line":20,"column":2},"end":{"line":20,"column":54}},"2":{"start":{"line":20,"column":37},"end":{"line":20,"column":54}},"3":{"start":{"line":22,"column":2},"end":{"line":22,"column":34}},"4":{"start":{"line":17,"column":0},"end":{"line":17,"column":16}},"5":{"start":{"line":38,"column":16},"end":{"line":38,"column":30}},"6":{"start":{"line":40,"column":19},"end":{"line":40,"column":25}},"7":{"start":{"line":42,"column":2},"end":{"line":44,"column":null}},"8":{"start":{"line":43,"column":4},"end":{"line":43,"column":40}},"9":{"start":{"line":46,"column":2},"end":{"line":46,"column":15}},"10":{"start":{"line":34,"column":0},"end":{"line":34,"column":16}}},"fnMap":{"0":{"name":"getOwnProperty","decl":{"start":{"line":17,"column":16},"end":{"line":17,"column":30}},"loc":{"start":{"line":17,"column":61},"end":{"line":23,"column":1}}},"1":{"name":"getOwnPropertyDeep","decl":{"start":{"line":34,"column":16},"end":{"line":34,"column":34}},"loc":{"start":{"line":36,"column":13},"end":{"line":47,"column":1}}}},"branchMap":{"0":{"loc":{"start":{"line":20,"column":2},"end":{"line":20,"column":54}},"type":"if","locations":[{"start":{"line":20,"column":2},"end":{"line":20,"column":54}}]}},"s":{"0":22,"1":22,"2":1,"3":21,"4":6,"5":6,"6":6,"7":6,"8":8,"9":6,"10":6},"f":{"0":22,"1":6},"b":{"0":[1]}}
,"/home/alexxgrib/Projects/qiwi-api/src/apis/shared/hmac.ts": {"path":"/home/alexxgrib/Projects/qiwi-api/src/apis/shared/hmac.ts","statementMap":{"0":{"start":{"line":1,"column":0},"end":{"line":1,"column":53}},"1":{"start":{"line":13,"column":2},"end":{"line":13,"column":64}},"2":{"start":{"line":13,"column":32},"end":{"line":13,"column":64}},"3":{"start":{"line":15,"column":2},"end":{"line":15,"column":14}},"4":{"start":{"line":38,"column":15},"end":{"line":38,"column":63}},"5":{"start":{"line":40,"column":2},"end":{"line":40,"column":57}},"6":{"start":{"line":32,"column":0},"end":{"line":32,"column":16}}},"fnMap":{"0":{"name":"parseBinaryAlike","decl":{"start":{"line":12,"column":9},"end":{"line":12,"column":25}},"loc":{"start":{"line":12,"column":43},"end":{"line":16,"column":1}}},"1":{"name":"compareHmac","decl":{"start":{"line":32,"column":16},"end":{"line":32,"column":27}},"loc":{"start":{"line":37,"column":14},"end":{"line":41,"column":1}}}},"branchMap":{"0":{"loc":{"start":{"line":13,"column":2},"end":{"line":13,"column":64}},"type":"if","locations":[{"start":{"line":13,"column":2},"end":{"line":13,"column":64}}]},"1":{"loc":{"start":{"line":33,"column":2},"end":{"line":33,"column":22}},"type":"default-arg","locations":[{"start":{"line":33,"column":14},"end":{"line":33,"column":22}}]}},"s":{"0":6,"1":6,"2":5,"3":1,"4":6,"5":6,"6":6},"f":{"0":6,"1":6},"b":{"0":[5],"1":[5]}}
,"/home/alexxgrib/Projects/qiwi-api/src/apis/shared/http.ts": {"path":"/home/alexxgrib/Projects/qiwi-api/src/apis/shared/http.ts","statementMap":{"0":{"start":{"line":1,"column":0},"end":{"line":1,"column":53}},"1":{"start":{"line":3,"column":0},"end":{"line":3,"column":62}},"2":{"start":{"line":4,"column":0},"end":{"line":4,"column":36}},"3":{"start":{"line":49,"column":4},"end":{"line":49,"column":19}},"4":{"start":{"line":48,"column":38},"end":{"line":48,"column":68}},"5":{"start":{"line":41,"column":0},"end":{"line":41,"column":13}},"6":{"start":{"line":66,"column":2},"end":{"line":66,"column":18}},"7":{"start":{"line":85,"column":21},"end":{"line":85,"column":45}},"8":{"start":{"line":95,"column":20},"end":{"line":99,"column":6}},"9":{"start":{"line":101,"column":26},"end":{"line":102,"column":null}},"10":{"start":{"line":105,"column":27},"end":{"line":106,"column":65}},"11":{"start":{"line":106,"column":6},"end":{"line":106,"column":65}},"12":{"start":{"line":108,"column":4},"end":{"line":144,"column":null}},"13":{"start":{"line":109,"column":28},"end":{"line":135,"column":10}},"14":{"start":{"line":125,"column":10},"end":{"line":130,"column":null}},"15":{"start":{"line":126,"column":12},"end":{"line":129,"column":14}},"16":{"start":{"line":137,"column":6},"end":{"line":137,"column":55}},"17":{"start":{"line":139,"column":6},"end":{"line":139,"column":53}},"18":{"start":{"line":139,"column":41},"end":{"line":139,"column":53}},"19":{"start":{"line":141,"column":6},"end":{"line":141,"column":67}},"20":{"start":{"line":141,"column":55},"end":{"line":141,"column":67}},"21":{"start":{"line":143,"column":6},"end":{"line":143,"column":41}},"22":{"start":{"line":160,"column":4},"end":{"line":165,"column":6}},"23":{"start":{"line":75,"column":0},"end":{"line":75,"column":13}},"24":{"start":{"line":183,"column":31},"end":{"line":183,"column":58}},"25":{"start":{"line":184,"column":31},"end":{"line":184,"column":51}},"26":{"start":{"line":182,"column":11},"end":{"line":182,"column":32}},"27":{"start":{"line":197,"column":4},"end":{"line":197,"column":48}},"28":{"start":{"line":210,"column":4},"end":{"line":210,"column":55}},"29":{"start":{"line":223,"column":4},"end":{"line":223,"column":54}},"30":{"start":{"line":236,"column":4},"end":{"line":236,"column":56}},"31":{"start":{"line":249,"column":4},"end":{"line":249,"column":57}},"32":{"start":{"line":262,"column":4},"end":{"line":262,"column":56}},"33":{"start":{"line":273,"column":4},"end":{"line":273,"column":79}},"34":{"start":{"line":273,"column":64},"end":{"line":273,"column":77}},"35":{"start":{"line":175,"column":0},"end":{"line":175,"column":13}}},"fnMap":{"0":{"name":"(anonymous_1)","decl":{"start":{"line":48,"column":2},"end":{"line":48,"column":14}},"loc":{"start":{"line":48,"column":68},"end":{"line":50,"column":3}}},"1":{"name":"_","decl":{"start":{"line":65,"column":9},"end":{"line":65,"column":10}},"loc":{"start":{"line":65,"column":25},"end":{"line":67,"column":1}}},"2":{"name":"(anonymous_3)","decl":{"start":{"line":75,"column":0},"end":{"line":75,"column":13}},"loc":{"start":{"line":75,"column":0},"end":{"line":167,"column":1}}},"3":{"name":"(anonymous_4)","decl":{"start":{"line":94,"column":2},"end":{"line":94,"column":7}},"loc":{"start":{"line":94,"column":43},"end":{"line":145,"column":3}}},"4":{"name":"(anonymous_5)","decl":{"start":{"line":105,"column":27},"end":{"line":105,"column":28}},"loc":{"start":{"line":106,"column":6},"end":{"line":106,"column":65}}},"5":{"name":"(anonymous_6)","decl":{"start":{"line":124,"column":15},"end":{"line":124,"column":16}},"loc":{"start":{"line":124,"column":25},"end":{"line":135,"column":9}}},"6":{"name":"(anonymous_7)","decl":{"start":{"line":156,"column":12},"end":{"line":156,"column":24}},"loc":{"start":{"line":158,"column":31},"end":{"line":166,"column":3}}},"7":{"name":"(anonymous_8)","decl":{"start":{"line":181,"column":2},"end":{"line":181,"column":null}},"loc":{"start":{"line":185,"column":6},"end":{"line":186,"column":6}}},"8":{"name":"(anonymous_9)","decl":{"start":{"line":183,"column":21},"end":{"line":183,"column":22}},"loc":{"start":{"line":183,"column":31},"end":{"line":183,"column":58}}},"9":{"name":"(anonymous_10)","decl":{"start":{"line":184,"column":21},"end":{"line":184,"column":22}},"loc":{"start":{"line":184,"column":31},"end":{"line":184,"column":51}}},"10":{"name":"(anonymous_11)","decl":{"start":{"line":196,"column":2},"end":{"line":196,"column":7}},"loc":{"start":{"line":196,"column":26},"end":{"line":198,"column":3}}},"11":{"name":"(anonymous_12)","decl":{"start":{"line":209,"column":2},"end":{"line":209,"column":7}},"loc":{"start":{"line":209,"column":39},"end":{"line":211,"column":3}}},"12":{"name":"(anonymous_13)","decl":{"start":{"line":222,"column":2},"end":{"line":222,"column":7}},"loc":{"start":{"line":222,"column":38},"end":{"line":224,"column":3}}},"13":{"name":"(anonymous_14)","decl":{"start":{"line":235,"column":2},"end":{"line":235,"column":7}},"loc":{"start":{"line":235,"column":40},"end":{"line":237,"column":3}}},"14":{"name":"(anonymous_15)","decl":{"start":{"line":248,"column":2},"end":{"line":248,"column":7}},"loc":{"start":{"line":248,"column":41},"end":{"line":250,"column":3}}},"15":{"name":"(anonymous_16)","decl":{"start":{"line":261,"column":2},"end":{"line":261,"column":7}},"loc":{"start":{"line":261,"column":64},"end":{"line":263,"column":3}}},"16":{"name":"(anonymous_17)","decl":{"start":{"line":272,"column":2},"end":{"line":272,"column":7}},"loc":{"start":{"line":272,"column":45},"end":{"line":274,"column":3}}},"17":{"name":"(anonymous_18)","decl":{"start":{"line":273,"column":50},"end":{"line":273,"column":51}},"loc":{"start":{"line":273,"column":64},"end":{"line":273,"column":77}}}},"branchMap":{"0":{"loc":{"start":{"line":102,"column":6},"end":{"line":102,"column":65}},"type":"cond-expr","locations":[{"start":{"line":102,"column":30},"end":{"line":102,"column":60}},{"start":{"line":102,"column":63},"end":{"line":102,"column":65}}]},"1":{"loc":{"start":{"line":106,"column":6},"end":{"line":106,"column":65}},"type":"cond-expr","locations":[{"start":{"line":106,"column":33},"end":{"line":106,"column":37}},{"start":{"line":106,"column":40},"end":{"line":106,"column":65}}]},"2":{"loc":{"start":{"line":119,"column":16},"end":{"line":121,"column":23}},"type":"cond-expr","locations":[{"start":{"line":120,"column":14},"end":{"line":120,"column":56}},{"start":{"line":121,"column":14},"end":{"line":121,"column":23}}]},"3":{"loc":{"start":{"line":120,"column":15},"end":{"line":120,"column":41}},"type":"cond-expr","locations":[{"start":{"line":120,"column":36},"end":{"line":120,"column":40}},{"start":{"line":120,"column":40},"end":{"line":120,"column":41}}]},"4":{"loc":{"start":{"line":120,"column":15},"end":{"line":120,"column":40}},"type":"binary-expr","locations":[{"start":{"line":120,"column":15},"end":{"line":120,"column":40}},{"start":{"line":120,"column":36},"end":{"line":120,"column":40}}]},"5":{"loc":{"start":{"line":125,"column":10},"end":{"line":130,"column":null}},"type":"if","locations":[{"start":{"line":125,"column":10},"end":{"line":130,"column":null}}]},"6":{"loc":{"start":{"line":125,"column":14},"end":{"line":125,"column":57}},"type":"binary-expr","locations":[{"start":{"line":125,"column":14},"end":{"line":125,"column":39}},{"start":{"line":125,"column":43},"end":{"line":125,"column":57}}]},"7":{"loc":{"start":{"line":139,"column":6},"end":{"line":139,"column":53}},"type":"if","locations":[{"start":{"line":139,"column":6},"end":{"line":139,"column":53}}]},"8":{"loc":{"start":{"line":141,"column":6},"end":{"line":141,"column":67}},"type":"if","locations":[{"start":{"line":141,"column":6},"end":{"line":141,"column":67}}]},"9":{"loc":{"start":{"line":163,"column":13},"end":{"line":163,"column":39}},"type":"cond-expr","locations":[{"start":{"line":163,"column":34},"end":{"line":163,"column":38}},{"start":{"line":163,"column":38},"end":{"line":163,"column":39}}]},"10":{"loc":{"start":{"line":163,"column":13},"end":{"line":163,"column":38}},"type":"binary-expr","locations":[{"start":{"line":163,"column":13},"end":{"line":163,"column":38}},{"start":{"line":163,"column":34},"end":{"line":163,"column":38}}]},"11":{"loc":{"start":{"line":182,"column":11},"end":{"line":185,"column":6}},"type":"default-arg","locations":[{"start":{"line":182,"column":32},"end":{"line":185,"column":6}}]}},"s":{"0":6,"1":6,"2":6,"3":11,"4":11,"5":6,"6":3,"7":23,"8":58,"9":58,"10":58,"11":58,"12":58,"13":58,"14":11,"15":11,"16":47,"17":12,"18":1,"19":11,"20":1,"21":10,"22":58,"23":6,"24":49,"25":22,"26":23,"27":19,"28":23,"29":6,"30":1,"31":1,"32":50,"33":58,"34":46,"35":6},"f":{"0":11,"1":3,"2":23,"3":58,"4":58,"5":11,"6":58,"7":23,"8":49,"9":22,"10":19,"11":23,"12":6,"13":1,"14":1,"15":50,"16":58,"17":46},"b":{"0":[52,6],"1":[6,52],"2":[30,28],"3":[29,1],"4":[30,30],"5":[11],"6":[11,11],"7":[1],"8":[1],"9":[56,2],"10":[58,58],"11":[23]}}
,"/home/alexxgrib/Projects/qiwi-api/src/apis/shared/identity.ts": {"path":"/home/alexxgrib/Projects/qiwi-api/src/apis/shared/identity.ts","statementMap":{"0":{"start":{"line":1,"column":13},"end":{"line":1,"column":75}}},"fnMap":{},"branchMap":{"0":{"loc":{"start":{"line":1,"column":26},"end":{"line":1,"column":74}},"type":"binary-expr","locations":[{"start":{"line":1,"column":26},"end":{"line":1,"column":55}},{"start":{"line":1,"column":59},"end":{"line":1,"column":74}}]}},"s":{"0":6},"f":{},"b":{"0":[6,6]}}
,"/home/alexxgrib/Projects/qiwi-api/src/apis/shared/index.ts": {"path":"/home/alexxgrib/Projects/qiwi-api/src/apis/shared/index.ts","statementMap":{"0":{"start":{"line":1,"column":0},"end":{"line":1,"column":26}},"1":{"start":{"line":2,"column":0},"end":{"line":2,"column":30}},"2":{"start":{"line":3,"column":0},"end":{"line":3,"column":23}},"3":{"start":{"line":4,"column":0},"end":{"line":4,"column":24}},"4":{"start":{"line":5,"column":0},"end":{"line":5,"column":23}},"5":{"start":{"line":6,"column":0},"end":{"line":6,"column":23}},"6":{"start":{"line":7,"column":0},"end":{"line":7,"column":30}},"7":{"start":{"line":8,"column":0},"end":{"line":8,"column":23}},"8":{"start":{"line":9,"column":0},"end":{"line":9,"column":27}},"9":{"start":{"line":10,"column":0},"end":{"line":10,"column":22}}},"fnMap":{},"branchMap":{},"s":{"0":6,"1":6,"2":6,"3":6,"4":6,"5":6,"6":6,"7":6,"8":6,"9":6},"f":{},"b":{}}
,"/home/alexxgrib/Projects/qiwi-api/src/apis/shared/querystring.ts": {"path":"/home/alexxgrib/Projects/qiwi-api/src/apis/shared/querystring.ts","statementMap":{"0":{"start":{"line":1,"column":0},"end":{"line":1,"column":48}},"1":{"start":{"line":10,"column":2},"end":{"line":14,"column":12}},"2":{"start":{"line":9,"column":0},"end":{"line":9,"column":16}},"3":{"start":{"line":24,"column":2},"end":{"line":28,"column":5}},"4":{"start":{"line":23,"column":0},"end":{"line":23,"column":16}}},"fnMap":{"0":{"name":"parseQuerystring","decl":{"start":{"line":9,"column":16},"end":{"line":9,"column":32}},"loc":{"start":{"line":9,"column":52},"end":{"line":15,"column":1}}},"1":{"name":"formatQuerystring","decl":{"start":{"line":23,"column":16},"end":{"line":23,"column":33}},"loc":{"start":{"line":23,"column":53},"end":{"line":29,"column":1}}}},"branchMap":{},"s":{"0":6,"1":1,"2":6,"3":65,"4":6},"f":{"0":1,"1":65},"b":{}}
,"/home/alexxgrib/Projects/qiwi-api/src/apis/shared/time.ts": {"path":"/home/alexxgrib/Projects/qiwi-api/src/apis/shared/time.ts","statementMap":{"0":{"start":{"line":1,"column":0},"end":{"line":1,"column":39}},"1":{"start":{"line":11,"column":11},"end":{"line":11,"column":73}},"2":{"start":{"line":11,"column":39},"end":{"line":11,"column":73}},"3":{"start":{"line":22,"column":15},"end":{"line":22,"column":33}},"4":{"start":{"line":23,"column":14},"end":{"line":32,"column":null}},"5":{"start":{"line":35,"column":17},"end":{"line":35,"column":41}},"6":{"start":{"line":39,"column":15},"end":{"line":39,"column":46}},"7":{"start":{"line":40,"column":16},"end":{"line":40,"column":53}},"8":{"start":{"line":41,"column":18},"end":{"line":41,"column":33}},"9":{"start":{"line":44,"column":2},"end":{"line":44,"column":45}},"10":{"start":{"line":21,"column":0},"end":{"line":21,"column":16}},"11":{"start":{"line":47,"column":0},"end":{"line":47,"column":null}},"12":{"start":{"line":48,"column":2},"end":{"line":48,"column":null}},"13":{"start":{"line":49,"column":2},"end":{"line":49,"column":null}},"14":{"start":{"line":50,"column":2},"end":{"line":50,"column":null}},"15":{"start":{"line":51,"column":2},"end":{"line":51,"column":null}},"16":{"start":{"line":52,"column":2},"end":{"line":52,"column":null}},"17":{"start":{"line":53,"column":2},"end":{"line":53,"column":null}},"18":{"start":{"line":54,"column":2},"end":{"line":54,"column":null}},"19":{"start":{"line":55,"column":2},"end":{"line":55,"column":null}},"20":{"start":{"line":58,"column":13},"end":{"line":81,"column":3}},"21":{"start":{"line":98,"column":15},"end":{"line":98,"column":36}},"22":{"start":{"line":100,"column":2},"end":{"line":102,"column":null}},"23":{"start":{"line":101,"column":4},"end":{"line":101,"column":49}},"24":{"start":{"line":104,"column":15},"end":{"line":104,"column":57}},"25":{"start":{"line":105,"column":2},"end":{"line":105,"column":21}},"26":{"start":{"line":107,"column":2},"end":{"line":107,"column":26}},"27":{"start":{"line":93,"column":0},"end":{"line":93,"column":16}}},"fnMap":{"0":{"name":"(anonymous_0)","decl":{"start":{"line":11,"column":11},"end":{"line":11,"column":12}},"loc":{"start":{"line":11,"column":39},"end":{"line":11,"column":73}}},"1":{"name":"formatDate","decl":{"start":{"line":21,"column":16},"end":{"line":21,"column":26}},"loc":{"start":{"line":21,"column":59},"end":{"line":45,"column":1}}},"2":{"name":"(anonymous_2)","decl":{"start":{"line":47,"column":0},"end":{"line":47,"column":12}},"loc":{"start":{"line":47,"column":20},"end":{"line":56,"column":1}}},"3":{"name":"formatOffsetDate","decl":{"start":{"line":93,"column":16},"end":{"line":93,"column":32}},"loc":{"start":{"line":96,"column":26},"end":{"line":108,"column":1}}}},"branchMap":{"0":{"loc":{"start":{"line":47,"column":12},"end":{"line":47,"column":null}},"type":"binary-expr","locations":[{"start":{"line":47,"column":12},"end":{"line":47,"column":20}},{"start":{"line":47,"column":12},"end":{"line":47,"column":null}}]},"1":{"loc":{"start":{"line":95,"column":2},"end":{"line":95,"column":63}},"type":"default-arg","locations":[{"start":{"line":95,"column":43},"end":{"line":95,"column":63}}]},"2":{"loc":{"start":{"line":96,"column":2},"end":{"line":96,"column":26}},"type":"default-arg","locations":[{"start":{"line":96,"column":16},"end":{"line":96,"column":26}}]},"3":{"loc":{"start":{"line":100,"column":2},"end":{"line":102,"column":null}},"type":"if","locations":[{"start":{"line":100,"column":2},"end":{"line":102,"column":null}}]}},"s":{"0":6,"1":6,"2":20,"3":10,"4":10,"5":10,"6":10,"7":10,"8":10,"9":10,"10":6,"11":6,"12":6,"13":6,"14":6,"15":6,"16":6,"17":6,"18":6,"19":6,"20":6,"21":9,"22":9,"23":8,"24":9,"25":9,"26":9,"27":6},"f":{"0":20,"1":10,"2":6,"3":9},"b":{"0":[6,6],"1":[1],"2":[9],"3":[8]}}
,"/home/alexxgrib/Projects/qiwi-api/src/apis/shared/url.ts": {"path":"/home/alexxgrib/Projects/qiwi-api/src/apis/shared/url.ts","statementMap":{"0":{"start":{"line":1,"column":0},"end":{"line":1,"column":50}},"1":{"start":{"line":18,"column":25},"end":{"line":19,"column":null}},"2":{"start":{"line":19,"column":4},"end":{"line":19,"column":37}},"3":{"start":{"line":22,"column":12},"end":{"line":22,"column":14}},"4":{"start":{"line":24,"column":2},"end":{"line":29,"column":null}},"5":{"start":{"line":25,"column":4},"end":{"line":25,"column":16}},"6":{"start":{"line":27,"column":22},"end":{"line":27,"column":44}},"7":{"start":{"line":28,"column":4},"end":{"line":28,"column":56}},"8":{"start":{"line":28,"column":39},"end":{"line":28,"column":56}},"9":{"start":{"line":31,"column":2},"end":{"line":37,"column":4}},"10":{"start":{"line":32,"column":24},"end":{"line":32,"column":58}},"11":{"start":{"line":34,"column":4},"end":{"line":34,"column":57}},"12":{"start":{"line":34,"column":32},"end":{"line":34,"column":57}},"13":{"start":{"line":36,"column":4},"end":{"line":36,"column":15}},"14":{"start":{"line":14,"column":0},"end":{"line":14,"column":16}}},"fnMap":{"0":{"name":"url","decl":{"start":{"line":14,"column":16},"end":{"line":14,"column":19}},"loc":{"start":{"line":16,"column":26},"end":{"line":38,"column":1}}},"1":{"name":"(anonymous_1)","decl":{"start":{"line":18,"column":40},"end":{"line":18,"column":41}},"loc":{"start":{"line":19,"column":4},"end":{"line":19,"column":37}}},"2":{"name":"createUrl","decl":{"start":{"line":31,"column":18},"end":{"line":31,"column":27}},"loc":{"start":{"line":31,"column":73},"end":{"line":37,"column":3}}}},"branchMap":{"0":{"loc":{"start":{"line":28,"column":4},"end":{"line":28,"column":56}},"type":"if","locations":[{"start":{"line":28,"column":4},"end":{"line":28,"column":56}}]},"1":{"loc":{"start":{"line":31,"column":28},"end":{"line":31,"column":73}},"type":"default-arg","locations":[{"start":{"line":31,"column":71},"end":{"line":31,"column":73}}]},"2":{"loc":{"start":{"line":34,"column":4},"end":{"line":34,"column":57}},"type":"if","locations":[{"start":{"line":34,"column":4},"end":{"line":34,"column":57}}]}},"s":{"0":6,"1":58,"2":45,"3":58,"4":58,"5":103,"6":103,"7":103,"8":45,"9":58,"10":58,"11":58,"12":18,"13":58,"14":6},"f":{"0":58,"1":45,"2":58},"b":{"0":[45],"1":[37],"2":[18]}}
,"/home/alexxgrib/Projects/qiwi-api/src/apis/shared/uuid.ts": {"path":"/home/alexxgrib/Projects/qiwi-api/src/apis/shared/uuid.ts","statementMap":{"0":{"start":{"line":1,"column":0},"end":{"line":1,"column":26}},"1":{"start":{"line":10,"column":2},"end":{"line":10,"column":14}},"2":{"start":{"line":9,"column":0},"end":{"line":9,"column":16}}},"fnMap":{"0":{"name":"generateUUID","decl":{"start":{"line":9,"column":16},"end":{"line":9,"column":28}},"loc":{"start":{"line":9,"column":28},"end":{"line":11,"column":1}}}},"branchMap":{},"s":{"0":6,"1":6,"2":6},"f":{"0":6},"b":{}}
,"/home/alexxgrib/Projects/qiwi-api/src/apis/wallet/api.ts": {"path":"/home/alexxgrib/Projects/qiwi-api/src/apis/wallet/api.ts","statementMap":{"0":{"start":{"line":1,"column":0},"end":{"line":1,"column":37}},"1":{"start":{"line":18,"column":4},"end":{"line":18,"column":34}},"2":{"start":{"line":9,"column":0},"end":{"line":9,"column":13}}},"fnMap":{"0":{"name":"(anonymous_0)","decl":{"start":{"line":17,"column":2},"end":{"line":17,"column":16}},"loc":{"start":{"line":17,"column":24},"end":{"line":19,"column":3}}}},"branchMap":{},"s":{"0":6,"1":12,"2":6},"f":{"0":12},"b":{}}
,"/home/alexxgrib/Projects/qiwi-api/src/apis/wallet/funding-sources.api.ts": {"path":"/home/alexxgrib/Projects/qiwi-api/src/apis/wallet/funding-sources.api.ts","statementMap":{"0":{"start":{"line":1,"column":0},"end":{"line":1,"column":32}},"1":{"start":{"line":2,"column":0},"end":{"line":2,"column":34}},"2":{"start":{"line":25,"column":25},"end":{"line":26,"column":null}},"3":{"start":{"line":29,"column":4},"end":{"line":29,"column":20}},"4":{"start":{"line":67,"column":4},"end":{"line":69,"column":6}},"5":{"start":{"line":13,"column":0},"end":{"line":13,"column":13}}},"fnMap":{"0":{"name":"(anonymous_0)","decl":{"start":{"line":24,"column":2},"end":{"line":24,"column":7}},"loc":{"start":{"line":24,"column":19},"end":{"line":30,"column":3}}},"1":{"name":"(anonymous_1)","decl":{"start":{"line":44,"column":2},"end":{"line":44,"column":7}},"loc":{"start":{"line":44,"column":35},"end":{"line":53,"column":3}}},"2":{"name":"(anonymous_2)","decl":{"start":{"line":66,"column":2},"end":{"line":66,"column":7}},"loc":{"start":{"line":66,"column":24},"end":{"line":70,"column":3}}},"3":{"name":"(anonymous_3)","decl":{"start":{"line":85,"column":2},"end":{"line":85,"column":7}},"loc":{"start":{"line":85,"column":39},"end":{"line":92,"column":3}}}},"branchMap":{},"s":{"0":6,"1":6,"2":1,"3":1,"4":1,"5":6},"f":{"0":1,"1":0,"2":1,"3":0},"b":{}}
,"/home/alexxgrib/Projects/qiwi-api/src/apis/wallet/identification.api.ts": {"path":"/home/alexxgrib/Projects/qiwi-api/src/apis/wallet/identification.api.ts","statementMap":{"0":{"start":{"line":1,"column":0},"end":{"line":1,"column":32}},"1":{"start":{"line":2,"column":0},"end":{"line":2,"column":34}},"2":{"start":{"line":48,"column":4},"end":{"line":50,"column":6}},"3":{"start":{"line":13,"column":0},"end":{"line":13,"column":13}}},"fnMap":{"0":{"name":"(anonymous_0)","decl":{"start":{"line":26,"column":2},"end":{"line":26,"column":7}},"loc":{"start":{"line":26,"column":36},"end":{"line":34,"column":3}}},"1":{"name":"(anonymous_1)","decl":{"start":{"line":47,"column":2},"end":{"line":47,"column":7}},"loc":{"start":{"line":47,"column":11},"end":{"line":51,"column":3}}}},"branchMap":{},"s":{"0":6,"1":6,"2":1,"3":6},"f":{"0":0,"1":1},"b":{}}
,"/home/alexxgrib/Projects/qiwi-api/src/apis/wallet/limits.api.ts": {"path":"/home/alexxgrib/Projects/qiwi-api/src/apis/wallet/limits.api.ts","statementMap":{"0":{"start":{"line":1,"column":0},"end":{"line":1,"column":32}},"1":{"start":{"line":2,"column":0},"end":{"line":2,"column":34}},"2":{"start":{"line":31,"column":4},"end":{"line":35,"column":6}},"3":{"start":{"line":13,"column":0},"end":{"line":13,"column":13}}},"fnMap":{"0":{"name":"(anonymous_0)","decl":{"start":{"line":28,"column":2},"end":{"line":28,"column":7}},"loc":{"start":{"line":29,"column":18},"end":{"line":36,"column":3}}}},"branchMap":{},"s":{"0":6,"1":6,"2":1,"3":6},"f":{"0":1},"b":{}}
,"/home/alexxgrib/Projects/qiwi-api/src/apis/wallet/nickname.api.ts": {"path":"/home/alexxgrib/Projects/qiwi-api/src/apis/wallet/nickname.api.ts","statementMap":{"0":{"start":{"line":1,"column":0},"end":{"line":1,"column":32}},"1":{"start":{"line":2,"column":0},"end":{"line":2,"column":34}},"2":{"start":{"line":23,"column":4},"end":{"line":25,"column":6}},"3":{"start":{"line":13,"column":0},"end":{"line":13,"column":13}}},"fnMap":{"0":{"name":"(anonymous_0)","decl":{"start":{"line":22,"column":2},"end":{"line":22,"column":7}},"loc":{"start":{"line":22,"column":18},"end":{"line":26,"column":3}}}},"branchMap":{},"s":{"0":6,"1":6,"2":1,"3":6},"f":{"0":1},"b":{}}
,"/home/alexxgrib/Projects/qiwi-api/src/apis/wallet/payment-history.api.ts": {"path":"/home/alexxgrib/Projects/qiwi-api/src/apis/wallet/payment-history.api.ts","statementMap":{"0":{"start":{"line":1,"column":0},"end":{"line":1,"column":32}},"1":{"start":{"line":2,"column":0},"end":{"line":2,"column":34}},"2":{"start":{"line":3,"column":0},"end":{"line":3,"column":null}},"3":{"start":{"line":39,"column":4},"end":{"line":41,"column":6}},"4":{"start":{"line":58,"column":4},"end":{"line":60,"column":6}},"5":{"start":{"line":77,"column":4},"end":{"line":79,"column":6}},"6":{"start":{"line":96,"column":4},"end":{"line":103,"column":7}},"7":{"start":{"line":102,"column":31},"end":{"line":102,"column":35}},"8":{"start":{"line":22,"column":0},"end":{"line":22,"column":13}}},"fnMap":{"0":{"name":"(anonymous_0)","decl":{"start":{"line":36,"column":2},"end":{"line":36,"column":7}},"loc":{"start":{"line":37,"column":43},"end":{"line":42,"column":3}}},"1":{"name":"(anonymous_1)","decl":{"start":{"line":55,"column":2},"end":{"line":55,"column":7}},"loc":{"start":{"line":56,"column":48},"end":{"line":61,"column":3}}},"2":{"name":"(anonymous_2)","decl":{"start":{"line":73,"column":2},"end":{"line":73,"column":7}},"loc":{"start":{"line":75,"column":29},"end":{"line":80,"column":3}}},"3":{"name":"(anonymous_3)","decl":{"start":{"line":91,"column":2},"end":{"line":91,"column":7}},"loc":{"start":{"line":94,"column":44},"end":{"line":104,"column":3}}},"4":{"name":"(anonymous_4)","decl":{"start":{"line":102,"column":21},"end":{"line":102,"column":22}},"loc":{"start":{"line":102,"column":31},"end":{"line":102,"column":35}}},"5":{"name":"(anonymous_5)","decl":{"start":{"line":115,"column":2},"end":{"line":115,"column":7}},"loc":{"start":{"line":118,"column":17},"end":{"line":127,"column":3}}}},"branchMap":{"0":{"loc":{"start":{"line":94,"column":4},"end":{"line":94,"column":44}},"type":"default-arg","locations":[{"start":{"line":94,"column":27},"end":{"line":94,"column":44}}]}},"s":{"0":6,"1":6,"2":6,"3":1,"4":1,"5":1,"6":6,"7":6,"8":6},"f":{"0":1,"1":1,"2":1,"3":6,"4":6,"5":0},"b":{"0":[1]}}
,"/home/alexxgrib/Projects/qiwi-api/src/apis/wallet/payments.api.ts": {"path":"/home/alexxgrib/Projects/qiwi-api/src/apis/wallet/payments.api.ts","statementMap":{"0":{"start":{"line":1,"column":0},"end":{"line":1,"column":54}},"1":{"start":{"line":2,"column":0},"end":{"line":2,"column":32}},"2":{"start":{"line":3,"column":0},"end":{"line":3,"column":34}},"3":{"start":{"line":4,"column":0},"end":{"line":4,"column":null}},"4":{"start":{"line":45,"column":26},"end":{"line":59,"column":null}},"5":{"start":{"line":62,"column":4},"end":{"line":62,"column":40}},"6":{"start":{"line":78,"column":17},"end":{"line":81,"column":13}},"7":{"start":{"line":83,"column":4},"end":{"line":86,"column":null}},"8":{"start":{"line":84,"column":6},"end":{"line":84,"column":54}},"9":{"start":{"line":85,"column":6},"end":{"line":85,"column":84}},"10":{"start":{"line":88,"column":4},"end":{"line":88,"column":68}},"11":{"start":{"line":88,"column":25},"end":{"line":88,"column":68}},"12":{"start":{"line":89,"column":4},"end":{"line":89,"column":68}},"13":{"start":{"line":89,"column":25},"end":{"line":89,"column":68}},"14":{"start":{"line":91,"column":4},"end":{"line":91,"column":80}},"15":{"start":{"line":91,"column":29},"end":{"line":91,"column":80}},"16":{"start":{"line":93,"column":4},"end":{"line":93,"column":56}},"17":{"start":{"line":93,"column":25},"end":{"line":93,"column":56}},"18":{"start":{"line":95,"column":4},"end":{"line":95,"column":64}},"19":{"start":{"line":110,"column":22},"end":{"line":110,"column":29}},"20":{"start":{"line":112,"column":4},"end":{"line":114,"column":null}},"21":{"start":{"line":113,"column":6},"end":{"line":113,"column":41}},"22":{"start":{"line":116,"column":4},"end":{"line":116,"column":78}},"23":{"start":{"line":137,"column":4},"end":{"line":152,"column":7}},"24":{"start":{"line":176,"column":4},"end":{"line":176,"column":62}},"25":{"start":{"line":178,"column":4},"end":{"line":185,"column":null}},"26":{"start":{"line":179,"column":25},"end":{"line":182,"column":8}},"27":{"start":{"line":184,"column":6},"end":{"line":184,"column":27}},"28":{"start":{"line":187,"column":4},"end":{"line":195,"column":7}},"29":{"start":{"line":212,"column":4},"end":{"line":212,"column":54}},"30":{"start":{"line":212,"column":38},"end":{"line":212,"column":54}},"31":{"start":{"line":214,"column":21},"end":{"line":214,"column":38}},"32":{"start":{"line":216,"column":4},"end":{"line":236,"column":null}},"33":{"start":{"line":217,"column":6},"end":{"line":217,"column":63}},"34":{"start":{"line":219,"column":6},"end":{"line":233,"column":null}},"35":{"start":{"line":222,"column":10},"end":{"line":222,"column":69}},"36":{"start":{"line":226,"column":10},"end":{"line":226,"column":64}},"37":{"start":{"line":229,"column":10},"end":{"line":229,"column":33}},"38":{"start":{"line":232,"column":10},"end":{"line":232,"column":37}},"39":{"start":{"line":235,"column":6},"end":{"line":235,"column":33}},"40":{"start":{"line":238,"column":4},"end":{"line":238,"column":57}},"41":{"start":{"line":248,"column":30},"end":{"line":248,"column":79}},"42":{"start":{"line":250,"column":4},"end":{"line":254,"column":8}},"43":{"start":{"line":250,"column":37},"end":{"line":254,"column":6}},"44":{"start":{"line":24,"column":0},"end":{"line":24,"column":13}}},"fnMap":{"0":{"name":"(anonymous_0)","decl":{"start":{"line":39,"column":2},"end":{"line":39,"column":7}},"loc":{"start":{"line":43,"column":75},"end":{"line":63,"column":3}}},"1":{"name":"(anonymous_1)","decl":{"start":{"line":74,"column":2},"end":{"line":74,"column":8}},"loc":{"start":{"line":76,"column":32},"end":{"line":96,"column":3}}},"2":{"name":"(anonymous_2)","decl":{"start":{"line":106,"column":2},"end":{"line":106,"column":15}},"loc":{"start":{"line":108,"column":32},"end":{"line":117,"column":3}}},"3":{"name":"(anonymous_3)","decl":{"start":{"line":128,"column":2},"end":{"line":128,"column":7}},"loc":{"start":{"line":136,"column":18},"end":{"line":153,"column":3}}},"4":{"name":"(anonymous_4)","decl":{"start":{"line":166,"column":2},"end":{"line":166,"column":7}},"loc":{"start":{"line":175,"column":23},"end":{"line":196,"column":3}}},"5":{"name":"(anonymous_5)","decl":{"start":{"line":208,"column":12},"end":{"line":208,"column":17}},"loc":{"start":{"line":210,"column":19},"end":{"line":239,"column":3}}},"6":{"name":"(anonymous_6)","decl":{"start":{"line":247,"column":2},"end":{"line":247,"column":7}},"loc":{"start":{"line":247,"column":16},"end":{"line":255,"column":3}}},"7":{"name":"(anonymous_7)","decl":{"start":{"line":250,"column":21},"end":{"line":250,"column":22}},"loc":{"start":{"line":250,"column":37},"end":{"line":254,"column":6}}}},"branchMap":{"0":{"loc":{"start":{"line":43,"column":4},"end":{"line":43,"column":75}},"type":"default-arg","locations":[{"start":{"line":43,"column":73},"end":{"line":43,"column":75}}]},"1":{"loc":{"start":{"line":43,"column":6},"end":{"line":43,"column":36}},"type":"default-arg","locations":[{"start":{"line":43,"column":24},"end":{"line":43,"column":36}}]},"2":{"loc":{"start":{"line":43,"column":38},"end":{"line":43,"column":68}},"type":"default-arg","locations":[{"start":{"line":43,"column":56},"end":{"line":43,"column":68}}]},"3":{"loc":{"start":{"line":76,"column":4},"end":{"line":76,"column":32}},"type":"default-arg","locations":[{"start":{"line":76,"column":30},"end":{"line":76,"column":32}}]},"4":{"loc":{"start":{"line":83,"column":4},"end":{"line":86,"column":null}},"type":"if","locations":[{"start":{"line":83,"column":4},"end":{"line":86,"column":null}}]},"5":{"loc":{"start":{"line":88,"column":4},"end":{"line":88,"column":68}},"type":"if","locations":[{"start":{"line":88,"column":4},"end":{"line":88,"column":68}}]},"6":{"loc":{"start":{"line":89,"column":4},"end":{"line":89,"column":68}},"type":"if","locations":[{"start":{"line":89,"column":4},"end":{"line":89,"column":68}}]},"7":{"loc":{"start":{"line":91,"column":4},"end":{"line":91,"column":80}},"type":"if","locations":[{"start":{"line":91,"column":4},"end":{"line":91,"column":80}}]},"8":{"loc":{"start":{"line":93,"column":4},"end":{"line":93,"column":56}},"type":"if","locations":[{"start":{"line":93,"column":4},"end":{"line":93,"column":56}}]},"9":{"loc":{"start":{"line":108,"column":4},"end":{"line":108,"column":32}},"type":"default-arg","locations":[{"start":{"line":108,"column":30},"end":{"line":108,"column":32}}]},"10":{"loc":{"start":{"line":112,"column":4},"end":{"line":114,"column":null}},"type":"if","locations":[{"start":{"line":112,"column":4},"end":{"line":114,"column":null}}]},"11":{"loc":{"start":{"line":112,"column":8},"end":{"line":112,"column":61}},"type":"binary-expr","locations":[{"start":{"line":112,"column":8},"end":{"line":112,"column":29}},{"start":{"line":112,"column":33},"end":{"line":112,"column":61}}]},"12":{"loc":{"start":{"line":131,"column":4},"end":{"line":131,"column":30}},"type":"default-arg","locations":[{"start":{"line":131,"column":15},"end":{"line":131,"column":30}}]},"13":{"loc":{"start":{"line":132,"column":4},"end":{"line":132,"column":16}},"type":"default-arg","locations":[{"start":{"line":132,"column":14},"end":{"line":132,"column":16}}]},"14":{"loc":{"start":{"line":133,"column":4},"end":{"line":133,"column":27}},"type":"default-arg","locations":[{"start":{"line":133,"column":15},"end":{"line":133,"column":27}}]},"15":{"loc":{"start":{"line":134,"column":4},"end":{"line":134,"column":15}},"type":"default-arg","locations":[{"start":{"line":134,"column":13},"end":{"line":134,"column":15}}]},"16":{"loc":{"start":{"line":135,"column":4},"end":{"line":135,"column":34}},"type":"default-arg","locations":[{"start":{"line":135,"column":22},"end":{"line":135,"column":34}}]},"17":{"loc":{"start":{"line":151,"column":10},"end":{"line":151,"column":32}},"type":"binary-expr","locations":[{"start":{"line":151,"column":10},"end":{"line":151,"column":17}},{"start":{"line":151,"column":21},"end":{"line":151,"column":32}}]},"18":{"loc":{"start":{"line":169,"column":4},"end":{"line":169,"column":44}},"type":"default-arg","locations":[{"start":{"line":169,"column":22},"end":{"line":169,"column":44}}]},"19":{"loc":{"start":{"line":170,"column":4},"end":{"line":170,"column":30}},"type":"default-arg","locations":[{"start":{"line":170,"column":15},"end":{"line":170,"column":30}}]},"20":{"loc":{"start":{"line":171,"column":4},"end":{"line":171,"column":16}},"type":"default-arg","locations":[{"start":{"line":171,"column":14},"end":{"line":171,"column":16}}]},"21":{"loc":{"start":{"line":172,"column":4},"end":{"line":172,"column":27}},"type":"default-arg","locations":[{"start":{"line":172,"column":15},"end":{"line":172,"column":27}}]},"22":{"loc":{"start":{"line":173,"column":4},"end":{"line":173,"column":15}},"type":"default-arg","locations":[{"start":{"line":173,"column":13},"end":{"line":173,"column":15}}]},"23":{"loc":{"start":{"line":174,"column":4},"end":{"line":174,"column":34}},"type":"default-arg","locations":[{"start":{"line":174,"column":22},"end":{"line":174,"column":34}}]},"24":{"loc":{"start":{"line":178,"column":4},"end":{"line":185,"column":null}},"type":"if","locations":[{"start":{"line":178,"column":4},"end":{"line":185,"column":null}}]},"25":{"loc":{"start":{"line":212,"column":4},"end":{"line":212,"column":54}},"type":"if","locations":[{"start":{"line":212,"column":4},"end":{"line":212,"column":54}}]},"26":{"loc":{"start":{"line":219,"column":6},"end":{"line":233,"column":null}},"type":"switch","locations":[{"start":{"line":220,"column":8},"end":{"line":220,"column":20}},{"start":{"line":221,"column":8},"end":{"line":222,"column":69}},{"start":{"line":224,"column":8},"end":{"line":224,"column":21}},{"start":{"line":225,"column":8},"end":{"line":226,"column":64}},{"start":{"line":228,"column":8},"end":{"line":229,"column":33}},{"start":{"line":231,"column":8},"end":{"line":232,"column":37}}]}},"s":{"0":6,"1":6,"2":6,"3":6,"4":4,"5":4,"6":7,"7":7,"8":2,"9":2,"10":7,"11":1,"12":7,"13":4,"14":7,"15":1,"16":7,"17":1,"18":7,"19":5,"20":5,"21":4,"22":5,"23":9,"24":7,"25":6,"26":1,"27":1,"28":6,"29":7,"30":2,"31":5,"32":5,"33":5,"34":5,"35":1,"36":1,"37":1,"38":1,"39":5,"40":1,"41":1,"42":1,"43":56,"44":6},"f":{"0":4,"1":7,"2":5,"3":9,"4":7,"5":7,"6":1,"7":56},"b":{"0":[3],"1":[3],"2":[3],"3":[1],"4":[2],"5":[1],"6":[4],"7":[1],"8":[1],"9":[1],"10":[4],"11":[5,5],"12":[2],"13":[1],"14":[2],"15":[2],"16":[3],"17":[9,1],"18":[5],"19":[1],"20":[7],"21":[7],"22":[7],"23":[5],"24":[1],"25":[2],"26":[1,1,1,1,1,1]}}
,"/home/alexxgrib/Projects/qiwi-api/src/apis/wallet/person-profile.api.ts": {"path":"/home/alexxgrib/Projects/qiwi-api/src/apis/wallet/person-profile.api.ts","statementMap":{"0":{"start":{"line":1,"column":0},"end":{"line":1,"column":32}},"1":{"start":{"line":2,"column":0},"end":{"line":2,"column":34}},"2":{"start":{"line":24,"column":4},"end":{"line":24,"column":73}},"3":{"start":{"line":13,"column":0},"end":{"line":13,"column":13}}},"fnMap":{"0":{"name":"(anonymous_0)","decl":{"start":{"line":23,"column":2},"end":{"line":23,"column":7}},"loc":{"start":{"line":23,"column":18},"end":{"line":25,"column":3}}}},"branchMap":{},"s":{"0":6,"1":6,"2":3,"3":6},"f":{"0":3},"b":{}}
,"/home/alexxgrib/Projects/qiwi-api/src/apis/wallet/providers.api.ts": {"path":"/home/alexxgrib/Projects/qiwi-api/src/apis/wallet/providers.api.ts","statementMap":{"0":{"start":{"line":1,"column":0},"end":{"line":1,"column":32}},"1":{"start":{"line":2,"column":0},"end":{"line":2,"column":34}},"2":{"start":{"line":25,"column":4},"end":{"line":25,"column":84}},"3":{"start":{"line":13,"column":0},"end":{"line":13,"column":13}}},"fnMap":{"0":{"name":"(anonymous_0)","decl":{"start":{"line":24,"column":2},"end":{"line":24,"column":7}},"loc":{"start":{"line":24,"column":34},"end":{"line":26,"column":3}}}},"branchMap":{},"s":{"0":6,"1":6,"2":1,"3":6},"f":{"0":1},"b":{}}
,"/home/alexxgrib/Projects/qiwi-api/src/apis/wallet/restrictions.api.ts": {"path":"/home/alexxgrib/Projects/qiwi-api/src/apis/wallet/restrictions.api.ts","statementMap":{"0":{"start":{"line":1,"column":0},"end":{"line":1,"column":32}},"1":{"start":{"line":2,"column":0},"end":{"line":2,"column":34}},"2":{"start":{"line":26,"column":4},"end":{"line":28,"column":6}},"3":{"start":{"line":13,"column":0},"end":{"line":13,"column":13}}},"fnMap":{"0":{"name":"(anonymous_0)","decl":{"start":{"line":25,"column":2},"end":{"line":25,"column":7}},"loc":{"start":{"line":25,"column":11},"end":{"line":29,"column":3}}}},"branchMap":{},"s":{"0":6,"1":6,"2":1,"3":6},"f":{"0":1},"b":{}}
,"/home/alexxgrib/Projects/qiwi-api/src/apis/wallet/wallet.ts": {"path":"/home/alexxgrib/Projects/qiwi-api/src/apis/wallet/wallet.ts","statementMap":{"0":{"start":{"line":1,"column":0},"end":{"line":1,"column":45}},"1":{"start":{"line":2,"column":0},"end":{"line":2,"column":45}},"2":{"start":{"line":3,"column":0},"end":{"line":3,"column":64}},"3":{"start":{"line":4,"column":0},"end":{"line":4,"column":63}},"4":{"start":{"line":5,"column":0},"end":{"line":5,"column":47}},"5":{"start":{"line":6,"column":0},"end":{"line":6,"column":64}},"6":{"start":{"line":7,"column":0},"end":{"line":7,"column":51}},"7":{"start":{"line":8,"column":0},"end":{"line":8,"column":62}},"8":{"start":{"line":9,"column":0},"end":{"line":9,"column":59}},"9":{"start":{"line":11,"column":0},"end":{"line":11,"column":51}},"10":{"start":{"line":13,"column":0},"end":{"line":13,"column":null}},"11":{"start":{"line":29,"column":0},"end":{"line":29,"column":48}},"12":{"start":{"line":30,"column":0},"end":{"line":30,"column":34}},"13":{"start":{"line":31,"column":0},"end":{"line":31,"column":53}},"14":{"start":{"line":32,"column":0},"end":{"line":32,"column":null}},"15":{"start":{"line":39,"column":0},"end":{"line":39,"column":51}},"16":{"start":{"line":199,"column":4},"end":{"line":199,"column":37}},"17":{"start":{"line":202,"column":11},"end":{"line":202,"column":70}},"18":{"start":{"line":203,"column":11},"end":{"line":203,"column":72}},"19":{"start":{"line":204,"column":11},"end":{"line":204,"column":56}},"20":{"start":{"line":205,"column":11},"end":{"line":205,"column":68}},"21":{"start":{"line":206,"column":11},"end":{"line":206,"column":72}},"22":{"start":{"line":207,"column":11},"end":{"line":207,"column":72}},"23":{"start":{"line":208,"column":11},"end":{"line":208,"column":54}},"24":{"start":{"line":209,"column":11},"end":{"line":209,"column":60}},"25":{"start":{"line":210,"column":11},"end":{"line":210,"column":54}},"26":{"start":{"line":211,"column":11},"end":{"line":211,"column":60}},"27":{"start":{"line":212,"column":11},"end":{"line":212,"column":62}},"28":{"start":{"line":213,"column":11},"end":{"line":213,"column":60}},"29":{"start":{"line":128,"column":4},"end":{"line":132,"column":7}},"30":{"start":{"line":150,"column":4},"end":{"line":150,"column":40}},"31":{"start":{"line":174,"column":38},"end":{"line":178,"column":6}},"32":{"start":{"line":180,"column":4},"end":{"line":180,"column":30}},"33":{"start":{"line":182,"column":29},"end":{"line":182,"column":63}},"34":{"start":{"line":183,"column":20},"end":{"line":183,"column":55}},"35":{"start":{"line":184,"column":21},"end":{"line":184,"column":63}},"36":{"start":{"line":186,"column":4},"end":{"line":186,"column":46}},"37":{"start":{"line":221,"column":46},"end":{"line":229,"column":6}},"38":{"start":{"line":231,"column":21},"end":{"line":231,"column":41}},"39":{"start":{"line":233,"column":39},"end":{"line":242,"column":6}},"40":{"start":{"line":244,"column":21},"end":{"line":244,"column":33}},"41":{"start":{"line":246,"column":41},"end":{"line":255,"column":6}},"42":{"start":{"line":257,"column":56},"end":{"line":257,"column":69}},"43":{"start":{"line":259,"column":4},"end":{"line":266,"column":6}},"44":{"start":{"line":59,"column":0},"end":{"line":59,"column":13}},"45":{"start":{"line":60,"column":18},"end":{"line":60,"column":72}},"46":{"start":{"line":61,"column":18},"end":{"line":61,"column":52}},"47":{"start":{"line":62,"column":18},"end":{"line":62,"column":56}},"48":{"start":{"line":63,"column":18},"end":{"line":63,"column":38}},"49":{"start":{"line":64,"column":18},"end":{"line":64,"column":46}},"50":{"start":{"line":65,"column":18},"end":{"line":65,"column":42}},"51":{"start":{"line":66,"column":18},"end":{"line":66,"column":62}},"52":{"start":{"line":67,"column":18},"end":{"line":67,"column":40}},"53":{"start":{"line":68,"column":18},"end":{"line":68,"column":42}},"54":{"start":{"line":69,"column":18},"end":{"line":69,"column":54}},"55":{"start":{"line":71,"column":18},"end":{"line":71,"column":60}},"56":{"start":{"line":72,"column":18},"end":{"line":72,"column":62}},"57":{"start":{"line":73,"column":18},"end":{"line":73,"column":46}},"58":{"start":{"line":74,"column":18},"end":{"line":74,"column":58}},"59":{"start":{"line":75,"column":18},"end":{"line":75,"column":62}},"60":{"start":{"line":76,"column":18},"end":{"line":76,"column":62}},"61":{"start":{"line":77,"column":18},"end":{"line":77,"column":44}},"62":{"start":{"line":78,"column":18},"end":{"line":78,"column":50}},"63":{"start":{"line":79,"column":18},"end":{"line":79,"column":44}},"64":{"start":{"line":80,"column":18},"end":{"line":80,"column":50}},"65":{"start":{"line":81,"column":18},"end":{"line":81,"column":52}},"66":{"start":{"line":82,"column":18},"end":{"line":82,"column":50}},"67":{"start":{"line":92,"column":9},"end":{"line":110,"column":4}},"68":{"start":{"line":93,"column":17},"end":{"line":93,"column":37}},"69":{"start":{"line":95,"column":4},"end":{"line":107,"column":6}},"70":{"start":{"line":109,"column":4},"end":{"line":109,"column":16}}},"fnMap":{"0":{"name":"(anonymous_0)","decl":{"start":{"line":194,"column":2},"end":{"line":194,"column":14}},"loc":{"start":{"line":198,"column":35},"end":{"line":200,"column":3}}},"1":{"name":"(anonymous_1)","decl":{"start":{"line":127,"column":2},"end":{"line":127,"column":8}},"loc":{"start":{"line":127,"column":44},"end":{"line":133,"column":3}}},"2":{"name":"(anonymous_2)","decl":{"start":{"line":146,"column":2},"end":{"line":146,"column":8}},"loc":{"start":{"line":148,"column":38},"end":{"line":151,"column":3}}},"3":{"name":"(anonymous_3)","decl":{"start":{"line":170,"column":2},"end":{"line":170,"column":8}},"loc":{"start":{"line":172,"column":56},"end":{"line":187,"column":3}}},"4":{"name":"(anonymous_4)","decl":{"start":{"line":220,"column":2},"end":{"line":220,"column":7}},"loc":{"start":{"line":220,"column":24},"end":{"line":267,"column":3}}},"5":{"name":"(anonymous_5)","decl":{"start":{"line":92,"column":29},"end":{"line":92,"column":30}},"loc":{"start":{"line":92,"column":63},"end":{"line":110,"column":3}}}},"branchMap":{"0":{"loc":{"start":{"line":194,"column":14},"end":{"line":198,"column":35}},"type":"default-arg","locations":[{"start":{"line":198,"column":33},"end":{"line":198,"column":35}}]},"1":{"loc":{"start":{"line":195,"column":4},"end":{"line":195,"column":14}},"type":"default-arg","locations":[{"start":{"line":195,"column":12},"end":{"line":195,"column":14}}]},"2":{"loc":{"start":{"line":196,"column":4},"end":{"line":196,"column":17}},"type":"default-arg","locations":[{"start":{"line":196,"column":15},"end":{"line":196,"column":17}}]},"3":{"loc":{"start":{"line":197,"column":4},"end":{"line":197,"column":42}},"type":"default-arg","locations":[{"start":{"line":197,"column":11},"end":{"line":197,"column":42}}]},"4":{"loc":{"start":{"line":127,"column":31},"end":{"line":127,"column":44}},"type":"default-arg","locations":[{"start":{"line":127,"column":42},"end":{"line":127,"column":44}}]},"5":{"loc":{"start":{"line":147,"column":4},"end":{"line":147,"column":34}},"type":"default-arg","locations":[{"start":{"line":147,"column":12},"end":{"line":147,"column":34}}]},"6":{"loc":{"start":{"line":148,"column":4},"end":{"line":148,"column":38}},"type":"default-arg","locations":[{"start":{"line":148,"column":15},"end":{"line":148,"column":38}}]},"7":{"loc":{"start":{"line":172,"column":4},"end":{"line":172,"column":56}},"type":"default-arg","locations":[{"start":{"line":172,"column":54},"end":{"line":172,"column":56}}]},"8":{"loc":{"start":{"line":180,"column":4},"end":{"line":180,"column":29}},"type":"cond-expr","locations":[{"start":{"line":180,"column":13},"end":{"line":180,"column":16}},{"start":{"line":180,"column":4},"end":{"line":180,"column":29}}]},"9":{"loc":{"start":{"line":180,"column":4},"end":{"line":180,"column":16}},"type":"binary-expr","locations":[{"start":{"line":180,"column":4},"end":{"line":180,"column":16}},{"start":{"line":180,"column":4},"end":{"line":180,"column":16}}]}},"s":{"0":6,"1":6,"2":6,"3":6,"4":6,"5":6,"6":6,"7":6,"8":6,"9":6,"10":6,"11":6,"12":6,"13":6,"14":6,"15":6,"16":9,"17":9,"18":9,"19":9,"20":9,"21":9,"22":9,"23":9,"24":9,"25":9,"26":9,"27":9,"28":9,"29":2,"30":1,"31":2,"32":2,"33":2,"34":2,"35":2,"36":2,"37":1,"38":1,"39":1,"40":1,"41":1,"42":1,"43":1,"44":6,"45":6,"46":6,"47":6,"48":6,"49":6,"50":6,"51":6,"52":6,"53":6,"54":6,"55":6,"56":6,"57":6,"58":6,"59":6,"60":6,"61":6,"62":6,"63":6,"64":6,"65":6,"66":6,"67":6,"68":8,"69":8,"70":8},"f":{"0":9,"1":2,"2":1,"3":2,"4":1,"5":8},"b":{"0":[1],"1":[2],"2":[2],"3":[2],"4":[1],"5":[1],"6":[1],"7":[1],"8":[1,1],"9":[2,2]}}
,"/home/alexxgrib/Projects/qiwi-api/src/apis/wallet/wallet.types.ts": {"path":"/home/alexxgrib/Projects/qiwi-api/src/apis/wallet/wallet.types.ts","statementMap":{"0":{"start":{"line":1,"column":0},"end":{"line":1,"column":null}},"1":{"start":{"line":3,"column":2},"end":{"line":3,"column":null}},"2":{"start":{"line":5,"column":2},"end":{"line":5,"column":null}},"3":{"start":{"line":9,"column":2},"end":{"line":9,"column":null}},"4":{"start":{"line":14,"column":2},"end":{"line":14,"column":null}},"5":{"start":{"line":22,"column":0},"end":{"line":22,"column":null}},"6":{"start":{"line":24,"column":2},"end":{"line":24,"column":null}},"7":{"start":{"line":26,"column":2},"end":{"line":26,"column":null}},"8":{"start":{"line":28,"column":2},"end":{"line":28,"column":null}},"9":{"start":{"line":30,"column":2},"end":{"line":30,"column":null}},"10":{"start":{"line":37,"column":0},"end":{"line":37,"column":null}},"11":{"start":{"line":39,"column":2},"end":{"line":39,"column":null}},"12":{"start":{"line":41,"column":2},"end":{"line":41,"column":null}},"13":{"start":{"line":43,"column":2},"end":{"line":43,"column":null}},"14":{"start":{"line":49,"column":0},"end":{"line":49,"column":null}},"15":{"start":{"line":51,"column":2},"end":{"line":51,"column":null}},"16":{"start":{"line":53,"column":2},"end":{"line":53,"column":null}},"17":{"start":{"line":55,"column":2},"end":{"line":55,"column":null}},"18":{"start":{"line":57,"column":2},"end":{"line":57,"column":null}},"19":{"start":{"line":59,"column":2},"end":{"line":59,"column":null}},"20":{"start":{"line":61,"column":2},"end":{"line":61,"column":null}},"21":{"start":{"line":63,"column":2},"end":{"line":63,"column":null}},"22":{"start":{"line":65,"column":2},"end":{"line":65,"column":null}},"23":{"start":{"line":78,"column":0},"end":{"line":78,"column":null}},"24":{"start":{"line":79,"column":2},"end":{"line":79,"column":null}},"25":{"start":{"line":80,"column":2},"end":{"line":80,"column":null}},"26":{"start":{"line":86,"column":0},"end":{"line":86,"column":null}},"27":{"start":{"line":88,"column":2},"end":{"line":88,"column":null}},"28":{"start":{"line":90,"column":2},"end":{"line":90,"column":null}},"29":{"start":{"line":92,"column":2},"end":{"line":92,"column":null}},"30":{"start":{"line":94,"column":2},"end":{"line":94,"column":null}},"31":{"start":{"line":96,"column":2},"end":{"line":96,"column":null}},"32":{"start":{"line":98,"column":2},"end":{"line":98,"column":null}},"33":{"start":{"line":100,"column":2},"end":{"line":100,"column":null}},"34":{"start":{"line":103,"column":2},"end":{"line":103,"column":null}},"35":{"start":{"line":105,"column":2},"end":{"line":105,"column":null}},"36":{"start":{"line":107,"column":2},"end":{"line":107,"column":null}},"37":{"start":{"line":109,"column":2},"end":{"line":109,"column":null}},"38":{"start":{"line":111,"column":2},"end":{"line":111,"column":null}},"39":{"start":{"line":113,"column":2},"end":{"line":113,"column":null}},"40":{"start":{"line":115,"column":2},"end":{"line":115,"column":null}},"41":{"start":{"line":117,"column":2},"end":{"line":117,"column":null}},"42":{"start":{"line":119,"column":2},"end":{"line":119,"column":null}},"43":{"start":{"line":121,"column":2},"end":{"line":121,"column":null}},"44":{"start":{"line":123,"column":2},"end":{"line":123,"column":null}},"45":{"start":{"line":125,"column":2},"end":{"line":125,"column":null}},"46":{"start":{"line":127,"column":2},"end":{"line":127,"column":null}},"47":{"start":{"line":129,"column":2},"end":{"line":129,"column":null}},"48":{"start":{"line":131,"column":2},"end":{"line":131,"column":null}},"49":{"start":{"line":133,"column":2},"end":{"line":133,"column":null}},"50":{"start":{"line":135,"column":2},"end":{"line":135,"column":null}},"51":{"start":{"line":137,"column":2},"end":{"line":137,"column":null}},"52":{"start":{"line":139,"column":2},"end":{"line":139,"column":null}},"53":{"start":{"line":142,"column":2},"end":{"line":142,"column":null}},"54":{"start":{"line":143,"column":2},"end":{"line":143,"column":null}},"55":{"start":{"line":151,"column":2},"end":{"line":151,"column":null}},"56":{"start":{"line":154,"column":2},"end":{"line":154,"column":null}},"57":{"start":{"line":157,"column":2},"end":{"line":157,"column":null}},"58":{"start":{"line":165,"column":2},"end":{"line":165,"column":null}},"59":{"start":{"line":173,"column":2},"end":{"line":173,"column":null}},"60":{"start":{"line":176,"column":2},"end":{"line":176,"column":null}},"61":{"start":{"line":177,"column":2},"end":{"line":177,"column":null}},"62":{"start":{"line":179,"column":2},"end":{"line":179,"column":null}},"63":{"start":{"line":180,"column":2},"end":{"line":180,"column":null}},"64":{"start":{"line":389,"column":0},"end":{"line":389,"column":null}},"65":{"start":{"line":393,"column":2},"end":{"line":393,"column":null}},"66":{"start":{"line":397,"column":2},"end":{"line":397,"column":null}},"67":{"start":{"line":401,"column":2},"end":{"line":401,"column":null}},"68":{"start":{"line":405,"column":2},"end":{"line":405,"column":null}},"69":{"start":{"line":410,"column":2},"end":{"line":410,"column":null}},"70":{"start":{"line":415,"column":2},"end":{"line":415,"column":null}},"71":{"start":{"line":680,"column":0},"end":{"line":680,"column":null}},"72":{"start":{"line":682,"column":2},"end":{"line":682,"column":null}},"73":{"start":{"line":685,"column":2},"end":{"line":685,"column":null}},"74":{"start":{"line":688,"column":2},"end":{"line":688,"column":null}},"75":{"start":{"line":691,"column":2},"end":{"line":691,"column":null}},"76":{"start":{"line":694,"column":2},"end":{"line":694,"column":null}},"77":{"start":{"line":697,"column":2},"end":{"line":697,"column":null}},"78":{"start":{"line":934,"column":0},"end":{"line":934,"column":null}},"79":{"start":{"line":936,"column":2},"end":{"line":936,"column":null}},"80":{"start":{"line":939,"column":2},"end":{"line":939,"column":null}},"81":{"start":{"line":942,"column":2},"end":{"line":942,"column":null}},"82":{"start":{"line":945,"column":2},"end":{"line":945,"column":null}},"83":{"start":{"line":948,"column":2},"end":{"line":948,"column":null}},"84":{"start":{"line":1084,"column":0},"end":{"line":1084,"column":null}},"85":{"start":{"line":1085,"column":2},"end":{"line":1085,"column":null}},"86":{"start":{"line":1086,"column":2},"end":{"line":1086,"column":null}},"87":{"start":{"line":1087,"column":2},"end":{"line":1087,"column":null}},"88":{"start":{"line":1088,"column":2},"end":{"line":1088,"column":null}},"89":{"start":{"line":1260,"column":0},"end":{"line":1260,"column":null}},"90":{"start":{"line":1261,"column":2},"end":{"line":1261,"column":null}},"91":{"start":{"line":1262,"column":2},"end":{"line":1262,"column":null}},"92":{"start":{"line":1268,"column":0},"end":{"line":1268,"column":null}},"93":{"start":{"line":1269,"column":2},"end":{"line":1269,"column":null}},"94":{"start":{"line":1270,"column":2},"end":{"line":1270,"column":null}}},"fnMap":{"0":{"name":"(anonymous_0)","decl":{"start":{"line":1,"column":0},"end":{"line":1,"column":12}},"loc":{"start":{"line":1,"column":37},"end":{"line":15,"column":1}}},"1":{"name":"(anonymous_1)","decl":{"start":{"line":22,"column":0},"end":{"line":22,"column":12}},"loc":{"start":{"line":22,"column":27},"end":{"line":31,"column":1}}},"2":{"name":"(anonymous_2)","decl":{"start":{"line":37,"column":0},"end":{"line":37,"column":12}},"loc":{"start":{"line":37,"column":29},"end":{"line":44,"column":1}}},"3":{"name":"(anonymous_3)","decl":{"start":{"line":49,"column":0},"end":{"line":49,"column":12}},"loc":{"start":{"line":49,"column":20},"end":{"line":66,"column":1}}},"4":{"name":"(anonymous_4)","decl":{"start":{"line":78,"column":0},"end":{"line":78,"column":12}},"loc":{"start":{"line":78,"column":24},"end":{"line":81,"column":1}}},"5":{"name":"(anonymous_5)","decl":{"start":{"line":86,"column":0},"end":{"line":86,"column":12}},"loc":{"start":{"line":86,"column":22},"end":{"line":181,"column":1}}},"6":{"name":"(anonymous_6)","decl":{"start":{"line":389,"column":0},"end":{"line":389,"column":12}},"loc":{"start":{"line":389,"column":32},"end":{"line":416,"column":1}}},"7":{"name":"(anonymous_7)","decl":{"start":{"line":680,"column":0},"end":{"line":680,"column":12}},"loc":{"start":{"line":680,"column":21},"end":{"line":698,"column":1}}},"8":{"name":"(anonymous_8)","decl":{"start":{"line":934,"column":0},"end":{"line":934,"column":12}},"loc":{"start":{"line":934,"column":22},"end":{"line":949,"column":1}}},"9":{"name":"(anonymous_9)","decl":{"start":{"line":1084,"column":0},"end":{"line":1084,"column":12}},"loc":{"start":{"line":1084,"column":28},"end":{"line":1089,"column":1}}},"10":{"name":"(anonymous_10)","decl":{"start":{"line":1260,"column":0},"end":{"line":1260,"column":12}},"loc":{"start":{"line":1260,"column":27},"end":{"line":1263,"column":1}}},"11":{"name":"(anonymous_11)","decl":{"start":{"line":1268,"column":0},"end":{"line":1268,"column":12}},"loc":{"start":{"line":1268,"column":30},"end":{"line":1271,"column":1}}}},"branchMap":{"0":{"loc":{"start":{"line":1,"column":12},"end":{"line":1,"column":null}},"type":"binary-expr","locations":[{"start":{"line":1,"column":12},"end":{"line":1,"column":37}},{"start":{"line":1,"column":12},"end":{"line":1,"column":null}}]},"1":{"loc":{"start":{"line":22,"column":12},"end":{"line":22,"column":null}},"type":"binary-expr","locations":[{"start":{"line":22,"column":12},"end":{"line":22,"column":27}},{"start":{"line":22,"column":12},"end":{"line":22,"column":null}}]},"2":{"loc":{"start":{"line":37,"column":12},"end":{"line":37,"column":null}},"type":"binary-expr","locations":[{"start":{"line":37,"column":12},"end":{"line":37,"column":29}},{"start":{"line":37,"column":12},"end":{"line":37,"column":null}}]},"3":{"loc":{"start":{"line":49,"column":12},"end":{"line":49,"column":null}},"type":"binary-expr","locations":[{"start":{"line":49,"column":12},"end":{"line":49,"column":20}},{"start":{"line":49,"column":12},"end":{"line":49,"column":null}}]},"4":{"loc":{"start":{"line":78,"column":12},"end":{"line":78,"column":null}},"type":"binary-expr","locations":[{"start":{"line":78,"column":12},"end":{"line":78,"column":24}},{"start":{"line":78,"column":12},"end":{"line":78,"column":null}}]},"5":{"loc":{"start":{"line":86,"column":12},"end":{"line":86,"column":null}},"type":"binary-expr","locations":[{"start":{"line":86,"column":12},"end":{"line":86,"column":22}},{"start":{"line":86,"column":12},"end":{"line":86,"column":null}}]},"6":{"loc":{"start":{"line":389,"column":12},"end":{"line":389,"column":null}},"type":"binary-expr","locations":[{"start":{"line":389,"column":12},"end":{"line":389,"column":32}},{"start":{"line":389,"column":12},"end":{"line":389,"column":null}}]},"7":{"loc":{"start":{"line":680,"column":12},"end":{"line":680,"column":null}},"type":"binary-expr","locations":[{"start":{"line":680,"column":12},"end":{"line":680,"column":21}},{"start":{"line":680,"column":12},"end":{"line":680,"column":null}}]},"8":{"loc":{"start":{"line":934,"column":12},"end":{"line":934,"column":null}},"type":"binary-expr","locations":[{"start":{"line":934,"column":12},"end":{"line":934,"column":22}},{"start":{"line":934,"column":12},"end":{"line":934,"column":null}}]},"9":{"loc":{"start":{"line":1084,"column":12},"end":{"line":1084,"column":null}},"type":"binary-expr","locations":[{"start":{"line":1084,"column":12},"end":{"line":1084,"column":28}},{"start":{"line":1084,"column":12},"end":{"line":1084,"column":null}}]},"10":{"loc":{"start":{"line":1260,"column":12},"end":{"line":1260,"column":null}},"type":"binary-expr","locations":[{"start":{"line":1260,"column":12},"end":{"line":1260,"column":27}},{"start":{"line":1260,"column":12},"end":{"line":1260,"column":null}}]},"11":{"loc":{"start":{"line":1268,"column":12},"end":{"line":1268,"column":null}},"type":"binary-expr","locations":[{"start":{"line":1268,"column":12},"end":{"line":1268,"column":30}},{"start":{"line":1268,"column":12},"end":{"line":1268,"column":null}}]}},"s":{"0":6,"1":6,"2":6,"3":6,"4":6,"5":6,"6":6,"7":6,"8":6,"9":6,"10":6,"11":6,"12":6,"13":6,"14":6,"15":6,"16":6,"17":6,"18":6,"19":6,"20":6,"21":6,"22":6,"23":6,"24":6,"25":6,"26":6,"27":6,"28":6,"29":6,"30":6,"31":6,"32":6,"33":6,"34":6,"35":6,"36":6,"37":6,"38":6,"39":6,"40":6,"41":6,"42":6,"43":6,"44":6,"45":6,"46":6,"47":6,"48":6,"49":6,"50":6,"51":6,"52":6,"53":6,"54":6,"55":6,"56":6,"57":6,"58":6,"59":6,"60":6,"61":6,"62":6,"63":6,"64":6,"65":6,"66":6,"67":6,"68":6,"69":6,"70":6,"71":6,"72":6,"73":6,"74":6,"75":6,"76":6,"77":6,"78":6,"79":6,"80":6,"81":6,"82":6,"83":6,"84":6,"85":6,"86":6,"87":6,"88":6,"89":6,"90":6,"91":6,"92":6,"93":6,"94":6},"f":{"0":6,"1":6,"2":6,"3":6,"4":6,"5":6,"6":6,"7":6,"8":6,"9":6,"10":6,"11":6},"b":{"0":[6,6],"1":[6,6],"2":[6,6],"3":[6,6],"4":[6,6],"5":[6,6],"6":[6,6],"7":[6,6],"8":[6,6],"9":[6,6],"10":[6,6],"11":[6,6]}}
}
