TN:
SF:src/exports.ts
FNF:0
FNH:0
DA:1,3
LF:1
LH:1
BRF:0
BRH:0
end_of_record
TN:
SF:src/index.ts
FNF:0
FNH:0
DA:1,3
DA:2,3
DA:4,3
DA:5,3
LF:4
LH:4
BRF:0
BRH:0
end_of_record
TN:
SF:src/apis/api.ts
FN:23,(anonymous_0)
FN:32,(anonymous_1)
FN:55,(anonymous_2)
FNF:3
FNH:3
FNDA:1,(anonymous_0)
FNDA:11,(anonymous_1)
FNDA:49,(anonymous_2)
DA:2,6
DA:15,6
DA:24,1
DA:33,11
DA:45,6
DA:56,49
LF:6
LH:6
BRF:0
BRH:0
end_of_record
TN:
SF:src/apis/error.ts
FN:14,(anonymous_0)
FN:26,(anonymous_1)
FN:35,(anonymous_2)
FN:50,(anonymous_3)
FN:72,(anonymous_4)
FN:82,(anonymous_5)
FN:97,(anonymous_6)
FNF:7
FNH:7
FNDA:16,(anonymous_0)
FNDA:16,(anonymous_1)
FNDA:1,(anonymous_2)
FNDA:1,(anonymous_3)
FNDA:1,(anonymous_4)
FNDA:1,(anonymous_5)
FNDA:1,(anonymous_6)
DA:7,7
DA:14,16
DA:15,16
DA:26,7
DA:27,16
DA:36,1
DA:51,1
DA:63,7
DA:72,1
DA:73,1
DA:83,1
DA:98,1
LF:12
LH:12
BRF:0
BRH:0
end_of_record
TN:
SF:src/apis/index.ts
FNF:0
FNH:0
DA:1,6
DA:2,6
DA:3,6
DA:4,6
LF:4
LH:4
BRF:0
BRH:0
end_of_record
TN:
SF:src/apis/options-wrapper.ts
FN:23,(anonymous_0)
FN:44,(anonymous_1)
FN:64,(anonymous_2)
FN:72,(anonymous_3)
FNF:4
FNH:4
FNDA:170,(anonymous_0)
FNDA:27,(anonymous_1)
FNDA:163,(anonymous_2)
FNDA:29,(anonymous_3)
DA:8,6
DA:24,170
DA:36,6
DA:45,27
DA:57,6
DA:65,163
DA:73,29
LF:7
LH:7
BRF:0
BRH:0
end_of_record
TN:
SF:src/apis/detector/api.ts
FNF:0
FNH:0
DA:1,6
DA:9,6
LF:2
LH:2
BRF:0
BRH:0
end_of_record
TN:
SF:src/apis/detector/detect.api.ts
FN:20,(anonymous_0)
FN:32,(anonymous_1)
FN:47,(anonymous_2)
FNF:3
FNH:3
FNDA:5,(anonymous_0)
FNDA:3,(anonymous_1)
FNDA:2,(anonymous_2)
DA:2,6
DA:3,6
DA:12,6
DA:21,5
DA:23,4
DA:33,3
DA:35,3
DA:48,2
DA:50,2
LF:9
LH:9
BRDA:21,0,0,1
BRF:1
BRH:1
end_of_record
TN:
SF:src/apis/detector/detector.compat.ts
FN:17,(anonymous_0)
FN:27,(anonymous_1)
FN:37,(anonymous_2)
FNF:3
FNH:3
FNDA:1,(anonymous_0)
FNDA:2,(anonymous_1)
FNDA:1,(anonymous_2)
DA:1,6
DA:12,6
DA:18,1
DA:28,2
DA:38,1
LF:5
LH:5
BRF:0
BRH:0
end_of_record
TN:
SF:src/apis/detector/detector.errors.ts
FNF:0
FNH:0
DA:1,6
DA:7,6
LF:2
LH:2
BRF:0
BRH:0
end_of_record
TN:
SF:src/apis/detector/detector.ts
FN:57,(anonymous_0)
FN:48,(anonymous_1)
FN:22,(anonymous_2)
FN:27,(anonymous_3)
FNF:4
FNH:4
FNDA:9,(anonymous_0)
FNDA:6,(anonymous_1)
FNDA:9,(anonymous_2)
FNDA:5,(anonymous_3)
DA:1,6
DA:2,6
DA:3,6
DA:12,6
DA:13,6
DA:22,6
DA:23,9
DA:25,9
DA:27,5
DA:38,9
DA:49,6
DA:60,9
DA:63,9
LF:13
LH:13
BRDA:57,0,0,1
BRDA:58,1,0,2
BRF:2
BRH:2
end_of_record
TN:
SF:src/apis/detector/index.ts
FN:1,(anonymous_0)
FN:3,(anonymous_1)
FN:4,(anonymous_2)
FNF:3
FNH:3
FNDA:12,(anonymous_0)
FNDA:1,(anonymous_1)
FNDA:3,(anonymous_2)
DA:1,18
DA:3,7
DA:4,9
LF:3
LH:3
BRF:0
BRH:0
end_of_record
TN:
SF:src/apis/p2p/api.ts
FN:17,(anonymous_0)
FN:28,(anonymous_1)
FNF:2
FNH:2
FNDA:1,(anonymous_0)
FNDA:5,(anonymous_1)
DA:1,6
DA:9,6
DA:18,1
DA:29,5
LF:4
LH:4
BRF:0
BRH:0
end_of_record
TN:
SF:src/apis/p2p/bills.api.ts
FN:27,(anonymous_0)
FN:60,(anonymous_1)
FN:35,(anonymous_2)
FN:54,(anonymous_3)
FN:82,(anonymous_4)
FN:119,(anonymous_5)
FN:131,(anonymous_6)
FN:144,(anonymous_7)
FN:174,(anonymous_8)
FN:180,(anonymous_9)
FN:202,(anonymous_10)
FN:224,(anonymous_11)
FNF:12
FNH:10
FNDA:5,(anonymous_0)
FNDA:3,(anonymous_1)
FNDA:5,(anonymous_2)
FNDA:7,(anonymous_3)
FNDA:5,(anonymous_4)
FNDA:1,(anonymous_5)
FNDA:3,(anonymous_6)
FNDA:5,(anonymous_7)
FNDA:1,(anonymous_8)
FNDA:1,(anonymous_9)
FNDA:0,(anonymous_10)
FNDA:0,(anonymous_11)
DA:1,6
DA:2,6
DA:8,6
DA:27,6
DA:40,5
DA:42,5
DA:43,5
DA:45,5
DA:55,7
DA:57,1
DA:60,5
DA:89,5
DA:91,5
DA:100,5
DA:102,4
DA:107,4
DA:120,1
DA:132,3
DA:152,5
DA:160,5
DA:175,1
DA:180,1
DA:187,1
DA:189,1
DA:191,1
LF:25
LH:25
BRDA:42,0,0,1
BRDA:43,1,0,1
BRDA:55,2,0,6
BRDA:86,3,0,3
BRDA:87,4,0,1
BRDA:147,5,0,5
BRDA:180,6,0,1
BRDA:180,6,1,0
BRDA:180,7,0,1
BRDA:180,7,1,1
BRDA:187,8,0,0
BRDA:187,8,1,1
BRDA:187,9,0,1
BRDA:187,9,1,1
BRF:14
BRH:12
end_of_record
TN:
SF:src/apis/p2p/p2p.middleware.ts
FN:19,promise
FN:22,(anonymous_1)
FN:42,parseJsonRequestBody
FN:48,(anonymous_3)
FN:51,(anonymous_4)
FN:52,(anonymous_5)
FN:53,(anonymous_6)
FN:82,resolveHeaderValue
FN:99,createP2pNotificationMiddleware
FN:111,p2pNotificationMiddleware
FNF:10
FNH:9
FNDA:6,promise
FNDA:6,(anonymous_1)
FNDA:5,parseJsonRequestBody
FNDA:5,(anonymous_3)
FNDA:0,(anonymous_4)
FNDA:5,(anonymous_5)
FNDA:5,(anonymous_6)
FNDA:9,resolveHeaderValue
FNDA:1,createP2pNotificationMiddleware
FNDA:5,p2pNotificationMiddleware
DA:3,6
DA:19,6
DA:22,6
DA:23,6
DA:24,6
DA:26,5
DA:28,3
DA:30,1
DA:42,6
DA:48,5
DA:49,5
DA:51,5
DA:52,5
DA:53,5
DA:54,5
DA:55,5
DA:57,5
DA:82,6
DA:83,9
DA:85,8
DA:87,7
DA:99,6
DA:108,1
DA:109,1
DA:111,1
DA:112,5
DA:113,5
DA:115,5
DA:117,4
DA:119,4
DA:120,2
DA:123,2
DA:128,2
DA:129,2
DA:131,2
LF:35
LH:35
BRDA:26,0,0,2
BRDA:83,1,0,1
BRDA:85,2,0,1
BRDA:109,3,0,1
BRDA:109,4,0,1
BRDA:115,5,0,1
BRDA:115,6,0,5
BRDA:115,6,1,5
BRDA:119,7,0,2
BRF:9
BRH:9
end_of_record
TN:
SF:src/apis/p2p/p2p.ts
FN:94,(anonymous_0)
FN:65,(anonymous_1)
FN:82,(anonymous_2)
FN:144,(anonymous_3)
FN:36,(anonymous_4)
FNF:5
FNH:5
FNDA:5,(anonymous_0)
FNDA:2,(anonymous_1)
FNDA:1,(anonymous_2)
FNDA:1,(anonymous_3)
FNDA:5,(anonymous_4)
DA:2,6
DA:3,6
DA:4,6
DA:5,6
DA:6,6
DA:12,6
DA:21,6
DA:22,6
DA:24,6
DA:25,6
DA:26,6
DA:36,6
DA:37,5
DA:39,5
DA:53,5
DA:66,2
DA:86,1
DA:99,5
DA:102,5
DA:152,1
LF:20
LH:20
BRDA:94,0,0,1
BRDA:95,1,0,2
BRDA:96,2,0,2
BRDA:97,3,0,2
BRDA:65,4,0,1
BRDA:83,5,0,1
BRDA:84,6,0,1
BRF:7
BRH:7
end_of_record
TN:
SF:src/apis/p2p/p2p.types.ts
FN:1,(anonymous_0)
FN:15,(anonymous_1)
FN:178,(anonymous_2)
FN:199,(anonymous_3)
FNF:4
FNH:4
FNDA:6,(anonymous_0)
FNDA:6,(anonymous_1)
FNDA:6,(anonymous_2)
FNDA:6,(anonymous_3)
DA:1,6
DA:3,6
DA:5,6
DA:7,6
DA:9,6
DA:15,6
DA:16,6
DA:17,6
DA:178,6
DA:179,6
DA:180,6
DA:181,6
DA:199,6
DA:200,6
DA:201,6
LF:15
LH:15
BRDA:1,0,0,6
BRDA:1,0,1,6
BRDA:15,1,0,6
BRDA:15,1,1,6
BRDA:178,2,0,6
BRDA:178,2,1,6
BRDA:199,3,0,6
BRDA:199,3,1,6
BRF:8
BRH:8
end_of_record
TN:
SF:src/apis/shared/collect.ts
FN:11,collect
FNF:1
FNH:1
FNDA:52,collect
DA:11,6
DA:12,52
LF:2
LH:2
BRF:0
BRH:0
end_of_record
TN:
SF:src/apis/shared/environment.ts
FN:16,loadEnvironment
FN:24,(anonymous_1)
FNF:2
FNH:2
FNDA:6,loadEnvironment
FNDA:4,(anonymous_1)
DA:1,6
DA:20,6
DA:22,6
DA:23,24
DA:24,4
DA:28,6
DA:31,6
LF:7
LH:7
BRF:0
BRH:0
end_of_record
TN:
SF:src/apis/shared/get.ts
FN:10,getOwnProperty
FN:30,getOwnPropertyDeep
FNF:2
FNH:2
FNDA:22,getOwnProperty
FNDA:6,getOwnPropertyDeep
DA:10,6
DA:14,22
DA:16,22
DA:18,21
DA:30,6
DA:34,6
DA:36,6
DA:38,6
DA:39,8
DA:42,6
LF:10
LH:10
BRDA:16,0,0,1
BRF:1
BRH:1
end_of_record
TN:
SF:src/apis/shared/hmac.ts
FN:12,parseBinaryAlike
FN:32,compareHmac
FNF:2
FNH:2
FNDA:6,parseBinaryAlike
FNDA:6,compareHmac
DA:1,6
DA:13,6
DA:15,1
DA:32,6
DA:38,6
DA:40,6
LF:6
LH:6
BRDA:13,0,0,5
BRDA:33,1,0,5
BRF:2
BRH:2
end_of_record
TN:
SF:src/apis/shared/http.ts
FN:48,(anonymous_1)
FN:65,_
FN:75,(anonymous_3)
FN:94,(anonymous_4)
FN:105,(anonymous_5)
FN:124,(anonymous_6)
FN:156,(anonymous_7)
FN:181,(anonymous_8)
FN:183,(anonymous_9)
FN:184,(anonymous_10)
FN:196,(anonymous_11)
FN:209,(anonymous_12)
FN:222,(anonymous_13)
FN:235,(anonymous_14)
FN:248,(anonymous_15)
FN:261,(anonymous_16)
FN:272,(anonymous_17)
FN:273,(anonymous_18)
FNF:18
FNH:18
FNDA:11,(anonymous_1)
FNDA:3,_
FNDA:23,(anonymous_3)
FNDA:58,(anonymous_4)
FNDA:58,(anonymous_5)
FNDA:11,(anonymous_6)
FNDA:58,(anonymous_7)
FNDA:23,(anonymous_8)
FNDA:49,(anonymous_9)
FNDA:22,(anonymous_10)
FNDA:19,(anonymous_11)
FNDA:23,(anonymous_12)
FNDA:6,(anonymous_13)
FNDA:1,(anonymous_14)
FNDA:1,(anonymous_15)
FNDA:50,(anonymous_16)
FNDA:58,(anonymous_17)
FNDA:46,(anonymous_18)
DA:1,6
DA:3,6
DA:4,6
DA:41,6
DA:48,11
DA:49,11
DA:66,3
DA:75,6
DA:85,23
DA:95,58
DA:101,58
DA:105,58
DA:106,58
DA:108,58
DA:109,58
DA:125,11
DA:126,11
DA:137,47
DA:139,12
DA:141,11
DA:143,10
DA:160,58
DA:175,6
DA:182,23
DA:183,49
DA:184,22
DA:197,19
DA:210,23
DA:223,6
DA:236,1
DA:249,1
DA:262,50
DA:273,58
LF:33
LH:33
BRDA:102,0,0,52
BRDA:102,0,1,6
BRDA:106,1,0,6
BRDA:106,1,1,52
BRDA:119,2,0,30
BRDA:119,2,1,28
BRDA:120,3,0,29
BRDA:120,3,1,1
BRDA:120,4,0,30
BRDA:120,4,1,30
BRDA:125,5,0,11
BRDA:125,6,0,11
BRDA:125,6,1,11
BRDA:139,7,0,1
BRDA:141,8,0,1
BRDA:163,9,0,56
BRDA:163,9,1,2
BRDA:163,10,0,58
BRDA:163,10,1,58
BRDA:182,11,0,23
BRF:20
BRH:20
end_of_record
TN:
SF:src/apis/shared/identity.ts
FNF:0
FNH:0
DA:1,6
LF:1
LH:1
BRDA:1,0,0,6
BRDA:1,0,1,6
BRF:2
BRH:2
end_of_record
TN:
SF:src/apis/shared/index.ts
FNF:0
FNH:0
DA:1,6
DA:2,6
DA:3,6
DA:4,6
DA:5,6
DA:6,6
DA:7,6
DA:8,6
DA:9,6
LF:9
LH:9
BRF:0
BRH:0
end_of_record
TN:
SF:src/apis/shared/querystring.ts
FN:9,parseQuerystring
FN:23,formatQuerystring
FNF:2
FNH:2
FNDA:1,parseQuerystring
FNDA:24,formatQuerystring
DA:1,6
DA:9,6
DA:10,1
DA:23,6
DA:24,24
LF:5
LH:5
BRF:0
BRH:0
end_of_record
TN:
SF:src/apis/shared/time.ts
FN:11,(anonymous_0)
FN:21,formatDate
FN:47,(anonymous_2)
FN:93,formatOffsetDate
FNF:4
FNH:4
FNDA:20,(anonymous_0)
FNDA:10,formatDate
FNDA:6,(anonymous_2)
FNDA:9,formatOffsetDate
DA:1,6
DA:11,20
DA:21,6
DA:22,10
DA:23,10
DA:35,10
DA:39,10
DA:40,10
DA:41,10
DA:44,10
DA:47,6
DA:48,6
DA:49,6
DA:50,6
DA:51,6
DA:52,6
DA:53,6
DA:54,6
DA:55,6
DA:58,6
DA:93,6
DA:98,9
DA:100,9
DA:101,8
DA:104,9
DA:105,9
DA:107,9
LF:27
LH:27
BRDA:47,0,0,6
BRDA:47,0,1,6
BRDA:95,1,0,1
BRDA:96,2,0,9
BRDA:100,3,0,8
BRF:5
BRH:5
end_of_record
TN:
SF:src/apis/shared/uuid.ts
FN:9,generateUUID
FNF:1
FNH:1
FNDA:5,generateUUID
DA:1,6
DA:9,6
DA:10,5
LF:3
LH:3
BRF:0
BRH:0
end_of_record
TN:
SF:src/apis/wallet/api.ts
FN:17,(anonymous_0)
FNF:1
FNH:1
FNDA:11,(anonymous_0)
DA:1,6
DA:9,6
DA:18,11
LF:3
LH:3
BRF:0
BRH:0
end_of_record
TN:
SF:src/apis/wallet/funding-sources.api.ts
FN:23,(anonymous_0)
FN:43,(anonymous_1)
FN:62,(anonymous_2)
FN:81,(anonymous_3)
FNF:4
FNH:2
FNDA:1,(anonymous_0)
FNDA:0,(anonymous_1)
FNDA:1,(anonymous_2)
FNDA:0,(anonymous_3)
DA:1,6
DA:12,6
DA:24,1
DA:28,1
DA:63,1
LF:5
LH:5
BRF:0
BRH:0
end_of_record
TN:
SF:src/apis/wallet/identification.api.ts
FN:25,(anonymous_0)
FN:46,(anonymous_1)
FNF:2
FNH:1
FNDA:0,(anonymous_0)
FNDA:1,(anonymous_1)
DA:1,6
DA:12,6
DA:47,1
LF:3
LH:3
BRF:0
BRH:0
end_of_record
TN:
SF:src/apis/wallet/limits.api.ts
FN:28,(anonymous_0)
FNF:1
FNH:1
FNDA:1,(anonymous_0)
DA:1,6
DA:2,6
DA:13,6
DA:31,1
LF:4
LH:4
BRF:0
BRH:0
end_of_record
TN:
SF:src/apis/wallet/nickname.api.ts
FN:21,(anonymous_0)
FNF:1
FNH:1
FNDA:1,(anonymous_0)
DA:1,6
DA:12,6
DA:22,1
LF:3
LH:3
BRF:0
BRH:0
end_of_record
TN:
SF:src/apis/wallet/payment-history.api.ts
FN:36,(anonymous_0)
FN:57,(anonymous_1)
FN:77,(anonymous_2)
FN:97,(anonymous_3)
FN:110,(anonymous_4)
FN:123,(anonymous_5)
FNF:6
FNH:5
FNDA:1,(anonymous_0)
FNDA:1,(anonymous_1)
FNDA:1,(anonymous_2)
FNDA:6,(anonymous_3)
FNDA:6,(anonymous_4)
FNDA:0,(anonymous_5)
DA:1,6
DA:2,6
DA:3,6
DA:22,6
DA:39,1
DA:60,1
DA:81,1
DA:102,6
DA:110,6
LF:9
LH:9
BRDA:100,0,0,1
BRF:1
BRH:1
end_of_record
TN:
SF:src/apis/wallet/payments.api.ts
FN:39,(anonymous_0)
FN:74,(anonymous_1)
FN:108,(anonymous_2)
FN:132,(anonymous_3)
FN:170,(anonymous_4)
FN:212,(anonymous_5)
FN:251,(anonymous_6)
FN:254,(anonymous_7)
FNF:8
FNH:8
FNDA:4,(anonymous_0)
FNDA:4,(anonymous_1)
FNDA:4,(anonymous_2)
FNDA:9,(anonymous_3)
FNDA:7,(anonymous_4)
FNDA:7,(anonymous_5)
FNDA:1,(anonymous_6)
FNDA:56,(anonymous_7)
DA:1,6
DA:2,6
DA:3,6
DA:4,6
DA:24,6
DA:45,4
DA:62,4
DA:79,4
DA:84,4
DA:85,2
DA:86,2
DA:89,4
DA:90,4
DA:95,4
DA:97,4
DA:114,4
DA:116,4
DA:117,3
DA:120,4
DA:141,9
DA:180,7
DA:182,6
DA:183,1
DA:188,1
DA:191,6
DA:216,7
DA:218,5
DA:220,5
DA:221,5
DA:223,5
DA:226,1
DA:230,1
DA:233,1
DA:236,1
DA:239,5
DA:242,1
DA:252,1
DA:254,56
LF:38
LH:38
BRDA:43,0,0,3
BRDA:43,1,0,3
BRDA:43,2,0,3
BRDA:84,3,0,2
BRDA:89,4,0,1
BRDA:90,5,0,3
BRDA:95,6,0,1
BRDA:116,7,0,3
BRDA:116,8,0,4
BRDA:116,8,1,4
BRDA:135,9,0,2
BRDA:136,10,0,1
BRDA:137,11,0,2
BRDA:138,12,0,2
BRDA:139,13,0,3
BRDA:155,14,0,9
BRDA:155,14,1,1
BRDA:173,15,0,5
BRDA:174,16,0,1
BRDA:175,17,0,7
BRDA:176,18,0,7
BRDA:177,19,0,7
BRDA:178,20,0,5
BRDA:182,21,0,1
BRDA:216,22,0,2
BRDA:223,23,0,1
BRDA:223,23,1,1
BRDA:223,23,2,1
BRDA:223,23,3,1
BRDA:223,23,4,1
BRDA:223,23,5,1
BRF:31
BRH:31
end_of_record
TN:
SF:src/apis/wallet/person-profile.api.ts
FN:22,(anonymous_0)
FNF:1
FNH:1
FNDA:3,(anonymous_0)
DA:1,6
DA:12,6
DA:23,3
LF:3
LH:3
BRF:0
BRH:0
end_of_record
TN:
SF:src/apis/wallet/providers.api.ts
FN:23,(anonymous_0)
FNF:1
FNH:1
FNDA:1,(anonymous_0)
DA:1,6
DA:12,6
DA:24,1
LF:3
LH:3
BRF:0
BRH:0
end_of_record
TN:
SF:src/apis/wallet/restrictions.api.ts
FN:24,(anonymous_0)
FNF:1
FNH:1
FNDA:1,(anonymous_0)
DA:1,6
DA:12,6
DA:25,1
LF:3
LH:3
BRF:0
BRH:0
end_of_record
TN:
SF:src/apis/wallet/wallet.ts
FN:194,(anonymous_0)
FN:127,(anonymous_1)
FN:146,(anonymous_2)
FN:170,(anonymous_3)
FN:220,(anonymous_4)
FN:92,(anonymous_5)
FNF:6
FNH:6
FNDA:9,(anonymous_0)
FNDA:2,(anonymous_1)
FNDA:1,(anonymous_2)
FNDA:2,(anonymous_3)
FNDA:1,(anonymous_4)
FNDA:8,(anonymous_5)
DA:1,6
DA:2,6
DA:3,6
DA:4,6
DA:5,6
DA:6,6
DA:7,6
DA:8,6
DA:9,6
DA:11,6
DA:13,6
DA:29,6
DA:30,6
DA:31,6
DA:32,6
DA:39,6
DA:59,6
DA:60,6
DA:61,6
DA:62,6
DA:63,6
DA:64,6
DA:65,6
DA:66,6
DA:67,6
DA:68,6
DA:69,6
DA:71,6
DA:72,6
DA:73,6
DA:74,6
DA:75,6
DA:76,6
DA:77,6
DA:78,6
DA:79,6
DA:80,6
DA:81,6
DA:82,6
DA:92,6
DA:93,8
DA:95,8
DA:109,8
DA:128,2
DA:150,1
DA:174,2
DA:180,2
DA:182,2
DA:183,2
DA:184,2
DA:186,2
DA:199,9
DA:202,9
DA:203,9
DA:204,9
DA:205,9
DA:206,9
DA:207,9
DA:208,9
DA:209,9
DA:210,9
DA:211,9
DA:212,9
DA:213,9
DA:221,1
DA:231,1
DA:233,1
DA:244,1
DA:246,1
DA:257,1
DA:259,1
LF:71
LH:71
BRDA:194,0,0,1
BRDA:195,1,0,2
BRDA:196,2,0,2
BRDA:197,3,0,2
BRDA:127,4,0,1
BRDA:147,5,0,1
BRDA:148,6,0,1
BRDA:172,7,0,1
BRDA:180,8,0,1
BRDA:180,8,1,1
BRDA:180,9,0,2
BRDA:180,9,1,2
BRF:12
BRH:12
end_of_record
TN:
SF:src/apis/wallet/wallet.types.ts
FN:1,(anonymous_0)
FN:22,(anonymous_1)
FN:37,(anonymous_2)
FN:49,(anonymous_3)
FN:78,(anonymous_4)
FN:86,(anonymous_5)
FN:389,(anonymous_6)
FN:680,(anonymous_7)
FN:934,(anonymous_8)
FN:1084,(anonymous_9)
FN:1260,(anonymous_10)
FN:1268,(anonymous_11)
FNF:12
FNH:12
FNDA:6,(anonymous_0)
FNDA:6,(anonymous_1)
FNDA:6,(anonymous_2)
FNDA:6,(anonymous_3)
FNDA:6,(anonymous_4)
FNDA:6,(anonymous_5)
FNDA:6,(anonymous_6)
FNDA:6,(anonymous_7)
FNDA:6,(anonymous_8)
FNDA:6,(anonymous_9)
FNDA:6,(anonymous_10)
FNDA:6,(anonymous_11)
DA:1,6
DA:3,6
DA:5,6
DA:9,6
DA:14,6
DA:22,6
DA:24,6
DA:26,6
DA:28,6
DA:30,6
DA:37,6
DA:39,6
DA:41,6
DA:43,6
DA:49,6
DA:51,6
DA:53,6
DA:55,6
DA:57,6
DA:59,6
DA:61,6
DA:63,6
DA:65,6
DA:78,6
DA:79,6
DA:80,6
DA:86,6
DA:88,6
DA:90,6
DA:92,6
DA:94,6
DA:96,6
DA:98,6
DA:100,6
DA:103,6
DA:105,6
DA:107,6
DA:109,6
DA:111,6
DA:113,6
DA:115,6
DA:117,6
DA:119,6
DA:121,6
DA:123,6
DA:125,6
DA:127,6
DA:129,6
DA:131,6
DA:133,6
DA:135,6
DA:137,6
DA:139,6
DA:142,6
DA:143,6
DA:151,6
DA:154,6
DA:157,6
DA:165,6
DA:173,6
DA:176,6
DA:177,6
DA:179,6
DA:180,6
DA:389,6
DA:393,6
DA:397,6
DA:401,6
DA:405,6
DA:410,6
DA:415,6
DA:680,6
DA:682,6
DA:685,6
DA:688,6
DA:691,6
DA:694,6
DA:697,6
DA:934,6
DA:936,6
DA:939,6
DA:942,6
DA:945,6
DA:948,6
DA:1084,6
DA:1085,6
DA:1086,6
DA:1087,6
DA:1088,6
DA:1260,6
DA:1261,6
DA:1262,6
DA:1268,6
DA:1269,6
DA:1270,6
LF:95
LH:95
BRDA:1,0,0,6
BRDA:1,0,1,6
BRDA:22,1,0,6
BRDA:22,1,1,6
BRDA:37,2,0,6
BRDA:37,2,1,6
BRDA:49,3,0,6
BRDA:49,3,1,6
BRDA:78,4,0,6
BRDA:78,4,1,6
BRDA:86,5,0,6
BRDA:86,5,1,6
BRDA:389,6,0,6
BRDA:389,6,1,6
BRDA:680,7,0,6
BRDA:680,7,1,6
BRDA:934,8,0,6
BRDA:934,8,1,6
BRDA:1084,9,0,6
BRDA:1084,9,1,6
BRDA:1260,10,0,6
BRDA:1260,10,1,6
BRDA:1268,11,0,6
BRDA:1268,11,1,6
BRF:24
BRH:24
end_of_record
