TN:
SF:src/error.ts
FN:8,(anonymous_0)
FN:17,(anonymous_1)
FN:32,(anonymous_2)
FN:54,(anonymous_3)
FN:64,(anonymous_4)
FN:79,(anonymous_5)
FNF:6
FNH:6
FNDA:12,(anonymous_0)
FNDA:1,(anonymous_1)
FNDA:1,(anonymous_2)
FNDA:1,(anonymous_3)
FNDA:1,(anonymous_4)
FNDA:1,(anonymous_5)
DA:8,5
DA:9,12
DA:18,1
DA:33,1
DA:45,5
DA:54,1
DA:55,1
DA:65,1
DA:80,1
LF:9
LH:9
BRF:0
BRH:0
end_of_record
TN:
SF:src/exports.ts
FNF:0
FNH:0
DA:1,3
LF:1
LH:1
BRF:0
BRH:0
end_of_record
TN:
SF:src/http.ts
FN:46,(anonymous_1)
FN:63,_
FN:82,(anonymous_3)
FN:91,(anonymous_4)
FN:102,(anonymous_5)
FN:121,(anonymous_6)
FN:153,(anonymous_7)
FN:181,(anonymous_8)
FN:183,(anonymous_9)
FN:184,(anonymous_10)
FN:196,(anonymous_11)
FN:209,(anonymous_12)
FN:222,(anonymous_13)
FN:235,(anonymous_14)
FN:250,(anonymous_15)
FN:265,(anonymous_16)
FN:276,(anonymous_17)
FN:277,(anonymous_18)
FNF:18
FNH:15
FNDA:7,(anonymous_1)
FNDA:0,_
FNDA:12,(anonymous_3)
FNDA:37,(anonymous_4)
FNDA:37,(anonymous_5)
FNDA:7,(anonymous_6)
FNDA:37,(anonymous_7)
FNDA:12,(anonymous_8)
FNDA:36,(anonymous_9)
FNDA:12,(anonymous_10)
FNDA:14,(anonymous_11)
FNDA:16,(anonymous_12)
FNDA:4,(anonymous_13)
FNDA:0,(anonymous_14)
FNDA:0,(anonymous_15)
FNDA:34,(anonymous_16)
FNDA:37,(anonymous_17)
FNDA:30,(anonymous_18)
DA:1,4
DA:2,4
DA:39,4
DA:46,7
DA:47,7
DA:74,4
DA:75,12
DA:82,12
DA:92,37
DA:98,37
DA:102,37
DA:103,37
DA:105,37
DA:106,37
DA:122,7
DA:123,7
DA:134,30
DA:136,7
DA:138,7
DA:140,7
DA:157,37
DA:175,4
DA:182,12
DA:183,36
DA:184,12
DA:197,14
DA:210,16
DA:223,4
DA:266,34
DA:277,37
LF:30
LH:30
BRDA:99,0,0,37
BRDA:99,0,1,0
BRDA:103,1,0,0
BRDA:103,1,1,37
BRDA:116,2,0,19
BRDA:116,2,1,18
BRDA:117,3,0,19
BRDA:117,3,1,0
BRDA:117,4,0,19
BRDA:117,4,1,19
BRDA:122,5,0,7
BRDA:122,6,0,7
BRDA:122,6,1,7
BRDA:136,7,0,0
BRDA:138,8,0,0
BRDA:161,9,0,37
BRDA:161,9,1,0
BRDA:162,10,0,37
BRDA:162,10,1,0
BRDA:162,11,0,37
BRDA:162,11,1,37
BRDA:182,12,0,12
BRF:22
BRH:15
end_of_record
TN:
SF:src/identity.ts
FNF:0
FNH:0
DA:1,4
LF:1
LH:1
BRDA:1,0,0,4
BRDA:1,0,1,4
BRF:2
BRH:2
end_of_record
TN:
SF:src/index.ts
FNF:0
FNH:0
DA:1,3
DA:2,3
DA:4,3
DA:5,3
LF:4
LH:4
BRF:0
BRH:0
end_of_record
TN:
SF:src/__tests__/constants.ts
FNF:0
FNH:0
DA:1,2
DA:2,2
LF:2
LH:2
BRF:0
BRH:0
end_of_record
TN:
SF:src/__tests__/server.ts
FN:16,createMockServer
FN:20,(anonymous_2)
FN:21,(anonymous_3)
FN:28,(anonymous_4)
FN:40,(anonymous_5)
FNF:5
FNH:4
FNDA:1,createMockServer
FNDA:0,(anonymous_2)
FNDA:1,(anonymous_3)
FNDA:1,(anonymous_4)
FNDA:1,(anonymous_5)
DA:1,1
DA:2,1
DA:16,1
DA:17,1
DA:18,1
DA:20,1
DA:21,1
DA:22,1
DA:24,1
DA:25,1
DA:26,1
DA:28,1
DA:29,1
DA:31,1
DA:32,1
DA:35,1
DA:37,1
DA:41,1
LF:18
LH:18
BRF:0
BRH:0
end_of_record
TN:
SF:src/apis/api.ts
FN:50,(anonymous_0)
FN:21,(anonymous_1)
FN:30,(anonymous_2)
FN:41,(anonymous_3)
FNF:4
FNH:4
FNDA:13,(anonymous_0)
FNDA:1,(anonymous_1)
FNDA:8,(anonymous_2)
FNDA:15,(anonymous_3)
DA:15,4
DA:22,1
DA:42,15
DA:50,13
LF:4
LH:4
BRF:0
BRH:0
end_of_record
TN:
SF:src/apis/index.ts
FNF:0
FNH:0
DA:1,4
DA:2,4
DA:3,4
DA:4,4
LF:4
LH:4
BRF:0
BRH:0
end_of_record
TN:
SF:src/apis/detector/api.ts
FN:25,(anonymous_0)
FN:16,(anonymous_1)
FNF:2
FNH:2
FNDA:6,(anonymous_0)
FNDA:5,(anonymous_1)
DA:8,4
DA:17,5
DA:25,6
LF:3
LH:3
BRF:0
BRH:0
end_of_record
TN:
SF:src/apis/detector/detect.api.ts
FN:19,(anonymous_0)
FN:33,(anonymous_1)
FN:48,(anonymous_2)
FNF:3
FNH:3
FNDA:5,(anonymous_0)
FNDA:3,(anonymous_1)
FNDA:2,(anonymous_2)
DA:2,4
DA:3,4
DA:12,4
DA:24,4
DA:34,3
DA:36,3
DA:49,2
DA:51,2
LF:8
LH:8
BRF:0
BRH:0
end_of_record
TN:
SF:src/apis/detector/detector.compat.ts
FN:17,(anonymous_0)
FN:27,(anonymous_1)
FN:37,(anonymous_2)
FNF:3
FNH:3
FNDA:1,(anonymous_0)
FNDA:2,(anonymous_1)
FNDA:1,(anonymous_2)
DA:1,4
DA:12,4
DA:18,1
DA:28,2
DA:38,1
LF:5
LH:5
BRF:0
BRH:0
end_of_record
TN:
SF:src/apis/detector/detector.errors.ts
FNF:0
FNH:0
DA:1,4
DA:7,4
LF:2
LH:2
BRF:0
BRH:0
end_of_record
TN:
SF:src/apis/detector/detector.ts
FN:59,(anonymous_0)
FN:50,(anonymous_1)
FN:24,(anonymous_2)
FN:29,(anonymous_3)
FNF:4
FNH:4
FNDA:6,(anonymous_0)
FNDA:5,(anonymous_1)
FNDA:6,(anonymous_2)
FNDA:5,(anonymous_3)
DA:1,4
DA:2,4
DA:3,4
DA:4,4
DA:5,4
DA:14,4
DA:15,4
DA:24,4
DA:25,6
DA:27,6
DA:29,5
DA:40,6
DA:51,5
DA:62,6
DA:65,6
LF:15
LH:15
BRDA:59,0,0,0
BRDA:60,1,0,0
BRF:2
BRH:0
end_of_record
TN:
SF:src/apis/detector/index.ts
FN:1,(anonymous_0)
FN:3,(anonymous_1)
FN:4,(anonymous_2)
FNF:3
FNH:3
FNDA:7,(anonymous_0)
FNDA:1,(anonymous_1)
FNDA:1,(anonymous_2)
DA:1,11
DA:3,5
DA:4,5
LF:3
LH:3
BRF:0
BRH:0
end_of_record
TN:
SF:src/apis/p2p/api.ts
FN:47,(anonymous_0)
FN:16,(anonymous_1)
FN:27,(anonymous_2)
FN:38,(anonymous_3)
FNF:4
FNH:4
FNDA:2,(anonymous_0)
FNDA:8,(anonymous_1)
FNDA:1,(anonymous_2)
FNDA:5,(anonymous_3)
DA:8,4
DA:17,8
DA:28,1
DA:39,5
DA:47,2
LF:5
LH:5
BRF:0
BRH:0
end_of_record
TN:
SF:src/apis/p2p/bills.api.ts
FN:22,(anonymous_0)
FN:54,(anonymous_1)
FN:30,(anonymous_2)
FN:48,(anonymous_3)
FN:76,(anonymous_4)
FN:113,(anonymous_5)
FN:125,(anonymous_6)
FN:138,(anonymous_7)
FN:164,(anonymous_8)
FN:170,(anonymous_9)
FN:192,(anonymous_10)
FN:214,(anonymous_11)
FNF:12
FNH:10
FNDA:2,(anonymous_0)
FNDA:3,(anonymous_1)
FNDA:4,(anonymous_2)
FNDA:6,(anonymous_3)
FNDA:4,(anonymous_4)
FNDA:1,(anonymous_5)
FNDA:3,(anonymous_6)
FNDA:5,(anonymous_7)
FNDA:1,(anonymous_8)
FNDA:1,(anonymous_9)
FNDA:0,(anonymous_10)
FNDA:0,(anonymous_11)
DA:1,4
DA:2,4
DA:3,4
DA:22,4
DA:34,4
DA:36,4
DA:37,4
DA:39,4
DA:49,6
DA:51,1
DA:54,3
DA:83,4
DA:85,4
DA:94,4
DA:96,3
DA:101,3
DA:114,1
DA:126,3
DA:143,5
DA:145,5
DA:152,5
DA:154,5
DA:165,1
DA:170,1
DA:177,1
DA:179,1
DA:181,1
LF:27
LH:27
BRDA:32,0,0,0
BRDA:36,1,0,1
BRDA:37,2,0,0
BRDA:49,3,0,5
BRDA:80,4,0,3
BRDA:81,5,0,0
BRDA:141,6,0,5
BRDA:143,7,0,0
BRDA:170,8,0,1
BRDA:170,8,1,0
BRDA:170,9,0,1
BRDA:170,9,1,1
BRDA:177,10,0,0
BRDA:177,10,1,1
BRDA:177,11,0,1
BRDA:177,11,1,1
BRF:16
BRH:10
end_of_record
TN:
SF:src/apis/p2p/index.ts
FN:1,(anonymous_4)
FN:4,(anonymous_5)
FN:5,(anonymous_6)
FN:6,(anonymous_7)
FN:9,(anonymous_8)
FN:10,(anonymous_9)
FN:13,(anonymous_10)
FN:15,(anonymous_11)
FN:16,(anonymous_12)
FN:17,(anonymous_13)
FN:18,(anonymous_14)
FNF:11
FNH:3
FNDA:3,(anonymous_4)
FNDA:0,(anonymous_5)
FNDA:0,(anonymous_6)
FNDA:15,(anonymous_7)
FNDA:0,(anonymous_8)
FNDA:0,(anonymous_9)
FNDA:0,(anonymous_10)
FNDA:1,(anonymous_11)
FNDA:0,(anonymous_12)
FNDA:0,(anonymous_13)
FNDA:0,(anonymous_14)
DA:1,7
DA:3,4
DA:4,4
DA:5,4
DA:6,19
DA:8,4
DA:9,4
DA:10,4
DA:12,4
DA:13,4
DA:15,5
DA:16,4
DA:17,4
DA:18,4
DA:20,4
LF:15
LH:15
BRF:0
BRH:0
end_of_record
TN:
SF:src/apis/p2p/p2p.ts
FN:80,(anonymous_0)
FN:67,(anonymous_1)
FN:130,(anonymous_2)
FN:143,(anonymous_3)
FN:147,(anonymous_4)
FN:150,(anonymous_5)
FN:151,(anonymous_6)
FN:152,(anonymous_7)
FN:38,(anonymous_8)
FNF:9
FNH:8
FNDA:2,(anonymous_0)
FNDA:1,(anonymous_1)
FNDA:1,(anonymous_2)
FNDA:5,(anonymous_3)
FNDA:5,(anonymous_4)
FNDA:0,(anonymous_5)
FNDA:5,(anonymous_6)
FNDA:5,(anonymous_7)
FNDA:2,(anonymous_8)
DA:2,4
DA:3,4
DA:4,4
DA:5,4
DA:6,4
DA:8,4
DA:14,4
DA:23,4
DA:24,4
DA:26,4
DA:27,4
DA:28,4
DA:38,4
DA:39,2
DA:41,2
DA:55,2
DA:68,1
DA:85,2
DA:88,2
DA:140,1
DA:141,1
DA:143,1
DA:144,5
DA:146,5
DA:147,5
DA:148,5
DA:150,5
DA:151,5
DA:152,5
DA:155,5
DA:158,5
DA:165,5
DA:167,5
DA:169,4
DA:170,2
DA:173,2
DA:175,2
DA:176,2
DA:178,2
LF:39
LH:39
BRDA:80,0,0,0
BRDA:81,1,0,0
BRDA:82,2,0,0
BRDA:83,3,0,0
BRDA:67,4,0,1
BRDA:131,5,0,0
BRDA:141,6,0,1
BRDA:146,7,0,5
BRDA:158,8,0,0
BRDA:167,9,0,1
BRDA:167,10,0,5
BRDA:167,10,1,5
BRDA:169,11,0,2
BRDA:175,12,0,0
BRF:14
BRH:7
end_of_record
TN:
SF:src/apis/p2p/p2p.types.ts
FN:2,(anonymous_0)
FN:16,(anonymous_1)
FN:179,(anonymous_2)
FN:200,(anonymous_3)
FNF:4
FNH:4
FNDA:4,(anonymous_0)
FNDA:4,(anonymous_1)
FNDA:4,(anonymous_2)
FNDA:4,(anonymous_3)
DA:2,4
DA:4,4
DA:6,4
DA:8,4
DA:10,4
DA:16,4
DA:17,4
DA:18,4
DA:179,4
DA:180,4
DA:181,4
DA:182,4
DA:200,4
DA:201,4
DA:202,4
LF:15
LH:15
BRDA:2,0,0,4
BRDA:2,0,1,4
BRDA:16,1,0,4
BRDA:16,1,1,4
BRDA:179,2,0,4
BRDA:179,2,1,4
BRDA:200,3,0,4
BRDA:200,3,1,4
BRF:8
BRH:8
end_of_record
TN:
SF:src/apis/shared/collect.ts
FN:11,collect
FNF:1
FNH:1
FNDA:37,collect
DA:11,4
DA:13,37
LF:2
LH:2
BRF:0
BRH:0
end_of_record
TN:
SF:src/apis/shared/index.ts
FNF:0
FNH:0
DA:1,4
DA:2,4
DA:3,4
DA:4,4
DA:5,4
LF:5
LH:5
BRF:0
BRH:0
end_of_record
TN:
SF:src/apis/shared/querystring.ts
FN:9,parseQuerystring
FN:26,formatQuerystring
FNF:2
FNH:1
FNDA:0,parseQuerystring
FNDA:11,formatQuerystring
DA:1,4
DA:9,4
DA:26,4
DA:27,11
LF:4
LH:4
BRF:0
BRH:0
end_of_record
TN:
SF:src/apis/shared/time.ts
FN:9,(anonymous_0)
FN:19,formatDate
FN:44,(anonymous_2)
FN:90,formatOffsetDate
FNF:4
FNH:4
FNDA:18,(anonymous_0)
FNDA:9,formatDate
FNDA:4,(anonymous_2)
FNDA:8,formatOffsetDate
DA:9,18
DA:19,4
DA:20,9
DA:21,9
DA:33,9
DA:34,9
DA:36,9
DA:37,9
DA:38,9
DA:41,9
DA:44,4
DA:45,4
DA:46,4
DA:47,4
DA:48,4
DA:49,4
DA:50,4
DA:51,4
DA:52,4
DA:55,4
DA:90,4
DA:95,8
DA:97,8
DA:99,7
DA:102,8
DA:103,8
DA:105,8
LF:27
LH:27
BRDA:34,0,0,0
BRDA:34,0,1,9
BRDA:44,1,0,4
BRDA:44,1,1,4
BRDA:92,2,0,1
BRDA:93,3,0,8
BRDA:97,4,0,7
BRF:7
BRH:6
end_of_record
TN:
SF:src/apis/shared/uuid.ts
FN:10,generateUUID
FNF:1
FNH:1
FNDA:5,generateUUID
DA:1,4
DA:2,4
DA:10,4
DA:11,5
LF:4
LH:4
BRDA:11,0,0,5
BRDA:11,0,1,0
BRF:2
BRH:1
end_of_record
TN:
SF:src/apis/wallet/api.ts
FN:36,(anonymous_0)
FN:16,(anonymous_1)
FN:27,(anonymous_2)
FNF:3
FNH:3
FNDA:56,(anonymous_0)
FNDA:22,(anonymous_1)
FNDA:10,(anonymous_2)
DA:8,4
DA:17,22
DA:28,10
DA:36,56
LF:4
LH:4
BRF:0
BRH:0
end_of_record
TN:
SF:src/apis/wallet/funding-sources.api.ts
FN:23,(anonymous_0)
FN:43,(anonymous_1)
FN:62,(anonymous_2)
FN:81,(anonymous_3)
FNF:4
FNH:2
FNDA:1,(anonymous_0)
FNDA:0,(anonymous_1)
FNDA:1,(anonymous_2)
FNDA:0,(anonymous_3)
DA:1,4
DA:12,4
DA:24,1
DA:28,1
DA:63,1
LF:5
LH:5
BRF:0
BRH:0
end_of_record
TN:
SF:src/apis/wallet/identification.api.ts
FN:26,(anonymous_0)
FN:48,(anonymous_1)
FNF:2
FNH:1
FNDA:0,(anonymous_0)
FNDA:1,(anonymous_1)
DA:1,4
DA:12,4
DA:49,1
LF:3
LH:3
BRF:0
BRH:0
end_of_record
TN:
SF:src/apis/wallet/index.ts
FN:1,(anonymous_4)
FN:3,(anonymous_5)
FN:4,(anonymous_6)
FN:5,(anonymous_7)
FN:8,(anonymous_8)
FN:9,(anonymous_9)
FN:13,(anonymous_10)
FN:14,(anonymous_11)
FN:16,(anonymous_12)
FN:17,(anonymous_13)
FNF:10
FNH:3
FNDA:4,(anonymous_4)
FNDA:0,(anonymous_5)
FNDA:0,(anonymous_6)
FNDA:17,(anonymous_7)
FNDA:0,(anonymous_8)
FNDA:0,(anonymous_9)
FNDA:0,(anonymous_10)
FNDA:0,(anonymous_11)
FNDA:0,(anonymous_12)
FNDA:6,(anonymous_13)
DA:1,8
DA:2,4
DA:3,4
DA:4,4
DA:5,21
DA:7,4
DA:8,4
DA:9,4
DA:12,4
DA:13,4
DA:14,4
DA:16,4
DA:17,10
DA:20,4
LF:14
LH:14
BRF:0
BRH:0
end_of_record
TN:
SF:src/apis/wallet/limits.api.ts
FN:28,(anonymous_0)
FNF:1
FNH:1
FNDA:1,(anonymous_0)
DA:1,4
DA:2,4
DA:13,4
DA:31,1
LF:4
LH:4
BRF:0
BRH:0
end_of_record
TN:
SF:src/apis/wallet/payment-history.api.ts
FN:36,(anonymous_0)
FN:57,(anonymous_1)
FN:77,(anonymous_2)
FN:97,(anonymous_3)
FN:110,(anonymous_4)
FN:123,(anonymous_5)
FNF:6
FNH:5
FNDA:1,(anonymous_0)
FNDA:1,(anonymous_1)
FNDA:1,(anonymous_2)
FNDA:1,(anonymous_3)
FNDA:1,(anonymous_4)
FNDA:0,(anonymous_5)
DA:1,4
DA:2,4
DA:3,4
DA:22,4
DA:39,1
DA:60,1
DA:81,1
DA:102,1
DA:110,1
LF:9
LH:9
BRDA:100,0,0,0
BRF:1
BRH:0
end_of_record
TN:
SF:src/apis/wallet/payments.api.ts
FN:38,(anonymous_0)
FN:73,(anonymous_1)
FN:105,(anonymous_2)
FN:127,(anonymous_3)
FN:165,(anonymous_4)
FN:207,(anonymous_5)
FNF:6
FNH:6
FNDA:2,(anonymous_0)
FNDA:4,(anonymous_1)
FNDA:4,(anonymous_2)
FNDA:6,(anonymous_3)
FNDA:5,(anonymous_4)
FNDA:5,(anonymous_5)
DA:1,4
DA:2,4
DA:3,4
DA:4,4
DA:23,4
DA:44,2
DA:61,2
DA:77,4
DA:82,4
DA:83,2
DA:84,2
DA:87,4
DA:88,4
DA:90,4
DA:92,4
DA:94,4
DA:109,4
DA:111,4
DA:112,3
DA:115,4
DA:136,6
DA:175,5
DA:177,5
DA:178,1
DA:183,1
DA:186,5
DA:211,5
DA:213,4
DA:215,4
DA:216,4
DA:218,4
DA:221,1
DA:225,1
DA:228,1
DA:231,1
DA:234,4
LF:36
LH:36
BRDA:42,0,0,1
BRDA:42,1,0,1
BRDA:42,2,0,1
BRDA:75,3,0,0
BRDA:82,4,0,2
BRDA:87,5,0,1
BRDA:88,6,0,3
BRDA:90,7,0,0
BRDA:92,8,0,1
BRDA:107,9,0,0
BRDA:111,10,0,3
BRDA:111,11,0,4
BRDA:111,11,1,4
BRDA:130,12,0,0
BRDA:131,13,0,0
BRDA:132,14,0,0
BRDA:133,15,0,0
BRDA:134,16,0,1
BRDA:150,17,0,6
BRDA:150,17,1,2
BRDA:168,18,0,4
BRDA:169,19,0,0
BRDA:170,20,0,4
BRDA:171,21,0,5
BRDA:172,22,0,5
BRDA:173,23,0,4
BRDA:177,24,0,1
BRDA:211,25,0,1
BRDA:218,26,0,1
BRDA:218,26,1,1
BRDA:218,26,2,1
BRDA:218,26,3,1
BRDA:218,26,4,1
BRDA:218,26,5,1
BRF:34
BRH:26
end_of_record
TN:
SF:src/apis/wallet/person-profile.api.ts
FN:22,(anonymous_0)
FNF:1
FNH:1
FNDA:2,(anonymous_0)
DA:1,4
DA:12,4
DA:23,2
LF:3
LH:3
BRF:0
BRH:0
end_of_record
TN:
SF:src/apis/wallet/providers.api.ts
FN:23,(anonymous_0)
FNF:1
FNH:1
FNDA:1,(anonymous_0)
DA:1,4
DA:12,4
DA:24,1
LF:3
LH:3
BRF:0
BRH:0
end_of_record
TN:
SF:src/apis/wallet/restrictions.api.ts
FN:24,(anonymous_0)
FNF:1
FNH:1
FNDA:1,(anonymous_0)
DA:1,4
DA:12,4
DA:25,1
LF:3
LH:3
BRF:0
BRH:0
end_of_record
TN:
SF:src/apis/wallet/wallet.ts
FN:164,(anonymous_0)
FN:115,(anonymous_1)
FN:140,(anonymous_2)
FN:189,(anonymous_3)
FN:86,(anonymous_4)
FNF:5
FNH:5
FNDA:5,(anonymous_0)
FNDA:1,(anonymous_1)
FNDA:1,(anonymous_2)
FNDA:1,(anonymous_3)
FNDA:4,(anonymous_4)
DA:1,4
DA:3,4
DA:4,4
DA:5,4
DA:6,4
DA:7,4
DA:8,4
DA:9,4
DA:10,4
DA:11,4
DA:13,4
DA:15,4
DA:30,4
DA:31,4
DA:32,4
DA:33,4
DA:34,4
DA:54,4
DA:55,4
DA:56,4
DA:57,4
DA:58,4
DA:59,4
DA:60,4
DA:61,4
DA:62,4
DA:63,4
DA:64,4
DA:66,4
DA:67,4
DA:68,4
DA:69,4
DA:70,4
DA:71,4
DA:72,4
DA:73,4
DA:74,4
DA:75,4
DA:76,4
DA:86,4
DA:87,4
DA:89,4
DA:103,4
DA:116,1
DA:144,1
DA:150,1
DA:152,1
DA:153,1
DA:154,1
DA:156,1
DA:169,5
DA:172,5
DA:173,5
DA:174,5
DA:175,5
DA:176,5
DA:177,5
DA:178,5
DA:179,5
DA:180,5
DA:181,5
DA:182,5
DA:190,1
DA:200,1
DA:211,1
DA:213,1
DA:224,1
DA:226,1
LF:68
LH:68
BRDA:164,0,0,0
BRDA:165,1,0,0
BRDA:166,2,0,0
BRDA:167,3,0,0
BRDA:115,4,0,1
BRDA:142,5,0,1
BRDA:150,6,0,1
BRDA:150,6,1,0
BRDA:150,7,0,1
BRDA:150,7,1,1
BRF:10
BRH:5
end_of_record
TN:
SF:src/apis/wallet/wallet.types.ts
FN:3,(anonymous_0)
FN:24,(anonymous_1)
FN:39,(anonymous_2)
FN:51,(anonymous_3)
FN:73,(anonymous_4)
FN:81,(anonymous_5)
FN:384,(anonymous_6)
FN:669,(anonymous_7)
FN:923,(anonymous_8)
FN:1073,(anonymous_9)
FN:1249,(anonymous_10)
FN:1257,(anonymous_11)
FNF:12
FNH:12
FNDA:4,(anonymous_0)
FNDA:4,(anonymous_1)
FNDA:4,(anonymous_2)
FNDA:4,(anonymous_3)
FNDA:4,(anonymous_4)
FNDA:4,(anonymous_5)
FNDA:4,(anonymous_6)
FNDA:4,(anonymous_7)
FNDA:4,(anonymous_8)
FNDA:4,(anonymous_9)
FNDA:4,(anonymous_10)
FNDA:4,(anonymous_11)
DA:3,4
DA:5,4
DA:7,4
DA:11,4
DA:16,4
DA:24,4
DA:26,4
DA:28,4
DA:30,4
DA:32,4
DA:39,4
DA:41,4
DA:43,4
DA:45,4
DA:51,4
DA:53,4
DA:55,4
DA:57,4
DA:59,4
DA:73,4
DA:74,4
DA:75,4
DA:81,4
DA:83,4
DA:85,4
DA:87,4
DA:89,4
DA:91,4
DA:93,4
DA:95,4
DA:98,4
DA:100,4
DA:102,4
DA:104,4
DA:106,4
DA:108,4
DA:110,4
DA:112,4
DA:114,4
DA:116,4
DA:118,4
DA:120,4
DA:122,4
DA:124,4
DA:126,4
DA:128,4
DA:130,4
DA:132,4
DA:134,4
DA:137,4
DA:138,4
DA:146,4
DA:149,4
DA:152,4
DA:160,4
DA:168,4
DA:171,4
DA:172,4
DA:174,4
DA:175,4
DA:384,4
DA:388,4
DA:392,4
DA:396,4
DA:401,4
DA:406,4
DA:669,4
DA:671,4
DA:674,4
DA:677,4
DA:680,4
DA:683,4
DA:686,4
DA:923,4
DA:925,4
DA:928,4
DA:931,4
DA:934,4
DA:937,4
DA:1073,4
DA:1074,4
DA:1075,4
DA:1076,4
DA:1077,4
DA:1249,4
DA:1250,4
DA:1251,4
DA:1257,4
DA:1258,4
DA:1259,4
LF:90
LH:90
BRDA:3,0,0,4
BRDA:3,0,1,4
BRDA:24,1,0,4
BRDA:24,1,1,4
BRDA:39,2,0,4
BRDA:39,2,1,4
BRDA:51,3,0,4
BRDA:51,3,1,4
BRDA:73,4,0,4
BRDA:73,4,1,4
BRDA:81,5,0,4
BRDA:81,5,1,4
BRDA:384,6,0,4
BRDA:384,6,1,4
BRDA:669,7,0,4
BRDA:669,7,1,4
BRDA:923,8,0,4
BRDA:923,8,1,4
BRDA:1073,9,0,4
BRDA:1073,9,1,4
BRDA:1249,10,0,4
BRDA:1249,10,1,4
BRDA:1257,11,0,4
BRDA:1257,11,1,4
BRF:24
BRH:24
end_of_record
